第 1 次循环
Test (2A): initial election ...
  ... Passed --   3.1  3  112   33320    0
Test (2A): election after network failure ...
  ... Passed --   4.5  3  232   51456    0
Test (2A): multiple elections ...
  ... Passed --   5.5  7 1239  274294    0
Test (2B): basic agreement ...
  ... Passed --   0.5  3   16    4666    3
Test (2B): RPC byte count ...
  ... Passed --   1.0  3   48  114822   11
Test (2B): test progressive failure of followers ...
  ... Passed --   4.6  3  205   48398    3
Test (2B): test failure of leaders ...
  ... Passed --   4.8  3  339   79913    3
Test (2B): agreement after follower reconnects ...
  ... Passed --   3.4  3  144   40133    7
Test (2B): no agreement if too many followers disconnect ...
  ... Passed --   3.4  5  328   77502    4
Test (2B): concurrent Start()s ...
  ... Passed --   0.6  3   18    5417    6
Test (2B): rejoin of partitioned leader ...
  ... Passed --   5.9  3  339   89067    4
Test (2B): leader backs up quickly over incorrect follower logs ...
  ... Passed --  13.3  5 2244 1782428  102
Test (2B): RPC counts aren't too high ...
  ... Passed --   2.0  3   74   22860   12
Test (2C): basic persistence ...
  ... Passed --   3.1  3  114   32212    6
Test (2C): more persistence ...
  ... Passed --  15.2  5 1561  366164   16
Test (2C): partitioned leader and one follower crash, leader restarts ...
  ... Passed --   1.4  3   46   12619    4
Test (2C): Figure 8 ...
  ... Passed --  32.0  5 1687  399889   67
Test (2C): unreliable agreement ...
  ... Passed --   1.4  5  300  118400  246
Test (2C): Figure 8 (unreliable) ...
  ... Passed --  33.9  5 11964 24409678  132
Test (2C): churn ...
  ... Passed --  16.2  5 5204 42166283 1658
Test (2C): unreliable churn ...
  ... Passed --  16.5  5 3485 5920989 1070
Test (2D): snapshots basic ...
  ... Passed --   2.8  3  153   59090  251
Test (2D): install snapshots (disconnect) ...
  ... Passed --  35.2  3 1607  662565  356
Test (2D): install snapshots (disconnect+unreliable) ...
  ... Passed --  41.9  3 1890  668216  306
Test (2D): install snapshots (crash) ...
  ... Passed --  25.4  3 1020  471203  310
Test (2D): install snapshots (unreliable+crash) ...
  ... Passed --  28.7  3 1114  531487  348
Test (2D): crash and restart all servers ...
  ... Passed --   5.4  3  243   74694   54
Test (2D): snapshot initialization after crash ...
  ... Passed --   1.9  3   68   20456   14
PASS
ok  	6.5840/raft	313.722s
--------------------
