*** Starting wc test.
2023/11/28 16:52:27 making map job [{0 0 0 <nil> 10 [../pg-being_ernest.txt]}]
2023/11/28 16:52:27 making map job [{1 0 0 <nil> 10 [../pg-dorian_gray.txt]}]
2023/11/28 16:52:27 making map job [{2 0 0 <nil> 10 [../pg-frankenstein.txt]}]
2023/11/28 16:52:27 making map job [{3 0 0 <nil> 10 [../pg-grimm.txt]}]
2023/11/28 16:52:27 making map job [{4 0 0 <nil> 10 [../pg-huckleberry_finn.txt]}]
2023/11/28 16:52:27 making map job [{5 0 0 <nil> 10 [../pg-metamorphosis.txt]}]
2023/11/28 16:52:27 making map job [{6 0 0 <nil> 10 [../pg-sherlock_holmes.txt]}]
2023/11/28 16:52:27 making map job [{7 0 0 <nil> 10 [../pg-tom_sawyer.txt]}]
2023/11/28 16:52:27 done making map jobs
2023/11/28 16:52:28 worker send register request
2023/11/28 16:52:28 worker send register request
2023/11/28 16:52:28 worker send register request
2023/11/28 16:52:28 worker [0] success register
2023/11/28 16:52:28 worker [0] attempt times [0]
2023/11/28 16:52:28 worker [0] request job
2023/11/28 16:52:28 worker [1] success register
2023/11/28 16:52:28 worker [1] attempt times [0]
2023/11/28 16:52:28 worker [1] request job
2023/11/28 16:52:28 [Coordinator] get a request from worker [1]
2023/11/28 16:52:28 worker [2] success register
2023/11/28 16:52:28 worker [1] get job [0]
2023/11/28 16:52:28 worker [2] attempt times [0]
2023/11/28 16:52:28 worker [1] do map job [0]
2023/11/28 16:52:28 worker [2] request job
2023/11/28 16:52:28 [Coordinator] get a request from worker [0]
2023/11/28 16:52:28 worker [0] get job [1]
2023/11/28 16:52:28 [Coordinator] get a request from worker [2]
2023/11/28 16:52:28 worker [0] do map job [1]
2023/11/28 16:52:28 worker [2] get job [2]
2023/11/28 16:52:28 worker [2] do map job [2]
2023/11/28 16:52:28 [Coordinator] worker [1] finish job [0]
2023/11/28 16:52:28 worker [1] attempt times [1]
2023/11/28 16:52:28 worker [1] request job
2023/11/28 16:52:28 [Coordinator] get a request from worker [1]
2023/11/28 16:52:28 worker [1] get job [3]
2023/11/28 16:52:28 worker [1] do map job [3]
2023/11/28 16:52:28 [Coordinator] worker [2] finish job [2]
2023/11/28 16:52:28 worker [2] attempt times [1]
2023/11/28 16:52:28 worker [2] request job
2023/11/28 16:52:28 [Coordinator] get a request from worker [2]
2023/11/28 16:52:28 worker [2] get job [4]
2023/11/28 16:52:28 worker [2] do map job [4]
2023/11/28 16:52:28 [Coordinator] worker [0] finish job [1]
2023/11/28 16:52:28 worker [0] attempt times [1]
2023/11/28 16:52:28 worker [0] request job
2023/11/28 16:52:28 [Coordinator] get a request from worker [0]
2023/11/28 16:52:28 worker [0] get job [5]
2023/11/28 16:52:28 worker [0] do map job [5]
2023/11/28 16:52:28 [Coordinator] worker [0] finish job [5]
2023/11/28 16:52:28 worker [0] attempt times [2]
2023/11/28 16:52:28 worker [0] request job
2023/11/28 16:52:28 [Coordinator] get a request from worker [0]
2023/11/28 16:52:28 worker [0] get job [6]
2023/11/28 16:52:28 worker [0] do map job [6]
2023/11/28 16:52:28 [Coordinator] worker [1] finish job [3]
2023/11/28 16:52:28 worker [1] attempt times [2]
2023/11/28 16:52:28 worker [1] request job
2023/11/28 16:52:28 [Coordinator] get a request from worker [1]
2023/11/28 16:52:28 worker [1] get job [7]
2023/11/28 16:52:28 worker [1] do map job [7]
2023/11/28 16:52:29 [Coordinator] worker [2] finish job [4]
2023/11/28 16:52:29 worker [2] attempt times [2]
2023/11/28 16:52:29 worker [2] request job
2023/11/28 16:52:29 [Coordinator] get a request from worker [2]
2023/11/28 16:52:29 [6 / 8] map jobs are done, [0 / 0] reduce jobs are done
2023/11/28 16:52:29 worker [2] get job [-1]
2023/11/28 16:52:29 worker [2] waiting
2023/11/28 16:52:29 [Coordinator] worker [1] finish job [7]
2023/11/28 16:52:29 worker [1] attempt times [3]
2023/11/28 16:52:29 worker [1] request job
2023/11/28 16:52:29 [Coordinator] get a request from worker [1]
2023/11/28 16:52:29 [7 / 8] map jobs are done, [0 / 0] reduce jobs are done
2023/11/28 16:52:29 worker [1] get job [-1]
2023/11/28 16:52:29 worker [1] waiting
2023/11/28 16:52:29 [Coordinator] worker [0] finish job [6]
2023/11/28 16:52:29 worker [0] attempt times [3]
2023/11/28 16:52:29 worker [0] request job
2023/11/28 16:52:29 [Coordinator] get a request from worker [0]
2023/11/28 16:52:29 [8 / 8] map jobs are done, [0 / 0] reduce jobs are done
2023/11/28 16:52:29 making reduce job = {8 1 0 <nil> 10 [mr-tmp-0-0 mr-tmp-1-0 mr-tmp-2-0 mr-tmp-3-0 mr-tmp-4-0 mr-tmp-5-0 mr-tmp-6-0 mr-tmp-7-0]}
2023/11/28 16:52:29 making reduce job = {9 1 0 <nil> 10 [mr-tmp-0-1 mr-tmp-1-1 mr-tmp-2-1 mr-tmp-3-1 mr-tmp-4-1 mr-tmp-5-1 mr-tmp-6-1 mr-tmp-7-1]}
2023/11/28 16:52:29 making reduce job = {10 1 0 <nil> 10 [mr-tmp-0-2 mr-tmp-1-2 mr-tmp-2-2 mr-tmp-3-2 mr-tmp-4-2 mr-tmp-5-2 mr-tmp-6-2 mr-tmp-7-2]}
2023/11/28 16:52:29 making reduce job = {11 1 0 <nil> 10 [mr-tmp-0-3 mr-tmp-1-3 mr-tmp-2-3 mr-tmp-3-3 mr-tmp-4-3 mr-tmp-5-3 mr-tmp-6-3 mr-tmp-7-3]}
2023/11/28 16:52:29 making reduce job = {12 1 0 <nil> 10 [mr-tmp-0-4 mr-tmp-1-4 mr-tmp-2-4 mr-tmp-3-4 mr-tmp-4-4 mr-tmp-5-4 mr-tmp-6-4 mr-tmp-7-4]}
2023/11/28 16:52:29 making reduce job = {13 1 0 <nil> 10 [mr-tmp-0-5 mr-tmp-1-5 mr-tmp-2-5 mr-tmp-3-5 mr-tmp-4-5 mr-tmp-5-5 mr-tmp-6-5 mr-tmp-7-5]}
2023/11/28 16:52:29 making reduce job = {14 1 0 <nil> 10 [mr-tmp-0-6 mr-tmp-1-6 mr-tmp-2-6 mr-tmp-3-6 mr-tmp-4-6 mr-tmp-5-6 mr-tmp-6-6 mr-tmp-7-6]}
2023/11/28 16:52:29 making reduce job = {15 1 0 <nil> 10 [mr-tmp-0-7 mr-tmp-1-7 mr-tmp-2-7 mr-tmp-3-7 mr-tmp-4-7 mr-tmp-5-7 mr-tmp-6-7 mr-tmp-7-7]}
2023/11/28 16:52:29 making reduce job = {16 1 0 <nil> 10 [mr-tmp-0-8 mr-tmp-1-8 mr-tmp-2-8 mr-tmp-3-8 mr-tmp-4-8 mr-tmp-5-8 mr-tmp-6-8 mr-tmp-7-8]}
2023/11/28 16:52:29 making reduce job = {17 1 0 <nil> 10 [mr-tmp-0-9 mr-tmp-1-9 mr-tmp-2-9 mr-tmp-3-9 mr-tmp-4-9 mr-tmp-5-9 mr-tmp-6-9 mr-tmp-7-9]}
2023/11/28 16:52:29 done making reduce jobs
2023/11/28 16:52:29 worker [0] get job [-1]
2023/11/28 16:52:29 worker [0] waiting
2023/11/28 16:52:30 worker [2] attempt times [3]
2023/11/28 16:52:30 worker [2] request job
2023/11/28 16:52:30 [Coordinator] get a request from worker [2]
2023/11/28 16:52:30 worker [2] get job [8]
2023/11/28 16:52:30 worker [2] do reduce job [8]
2023/11/28 16:52:30 worker [1] attempt times [4]
2023/11/28 16:52:30 worker [1] request job
2023/11/28 16:52:30 [Coordinator] get a request from worker [1]
2023/11/28 16:52:30 worker [1] get job [9]
2023/11/28 16:52:30 worker [1] do reduce job [9]
2023/11/28 16:52:30 [Coordinator] worker [2] finish job [8]
2023/11/28 16:52:30 worker [2] attempt times [4]
2023/11/28 16:52:30 worker [2] request job
2023/11/28 16:52:30 [Coordinator] get a request from worker [2]
2023/11/28 16:52:30 worker [2] get job [10]
2023/11/28 16:52:30 worker [2] do reduce job [10]
2023/11/28 16:52:30 worker [0] attempt times [4]
2023/11/28 16:52:30 worker [0] request job
2023/11/28 16:52:30 [Coordinator] get a request from worker [0]
2023/11/28 16:52:30 worker [0] get job [11]
2023/11/28 16:52:30 worker [0] do reduce job [11]
2023/11/28 16:52:30 [Coordinator] worker [1] finish job [9]
2023/11/28 16:52:30 worker [1] attempt times [5]
2023/11/28 16:52:30 worker [1] request job
2023/11/28 16:52:30 [Coordinator] get a request from worker [1]
2023/11/28 16:52:30 worker [1] get job [12]
2023/11/28 16:52:30 worker [1] do reduce job [12]
2023/11/28 16:52:30 [Coordinator] worker [0] finish job [11]
2023/11/28 16:52:30 worker [0] attempt times [5]
2023/11/28 16:52:30 worker [0] request job
2023/11/28 16:52:30 [Coordinator] get a request from worker [0]
2023/11/28 16:52:30 worker [0] get job [13]
2023/11/28 16:52:30 worker [0] do reduce job [13]
2023/11/28 16:52:30 [Coordinator] worker [1] finish job [12]
2023/11/28 16:52:30 worker [1] attempt times [6]
2023/11/28 16:52:30 worker [1] request job
2023/11/28 16:52:30 [Coordinator] get a request from worker [1]
2023/11/28 16:52:30 worker [1] get job [14]
2023/11/28 16:52:30 worker [1] do reduce job [14]
2023/11/28 16:52:30 [Coordinator] worker [0] finish job [13]
2023/11/28 16:52:30 worker [0] attempt times [6]
2023/11/28 16:52:30 worker [0] request job
2023/11/28 16:52:30 [Coordinator] get a request from worker [0]
2023/11/28 16:52:30 worker [0] get job [15]
2023/11/28 16:52:30 worker [0] do reduce job [15]
2023/11/28 16:52:30 [Coordinator] worker [2] finish job [10]
2023/11/28 16:52:30 worker [2] attempt times [5]
2023/11/28 16:52:30 worker [2] request job
2023/11/28 16:52:30 [Coordinator] get a request from worker [2]
2023/11/28 16:52:30 worker [2] get job [16]
2023/11/28 16:52:30 worker [2] do reduce job [16]
2023/11/28 16:52:30 [Coordinator] worker [0] finish job [15]
2023/11/28 16:52:30 worker [0] attempt times [7]
2023/11/28 16:52:30 worker [0] request job
2023/11/28 16:52:30 [Coordinator] get a request from worker [0]
2023/11/28 16:52:30 worker [0] get job [17]
2023/11/28 16:52:30 worker [0] do reduce job [17]
2023/11/28 16:52:30 [Coordinator] worker [2] finish job [16]
2023/11/28 16:52:30 worker [2] attempt times [6]
2023/11/28 16:52:30 worker [2] request job
2023/11/28 16:52:30 [Coordinator] get a request from worker [2]
2023/11/28 16:52:30 [8 / 8] map jobs are done, [8 / 10] reduce jobs are done
2023/11/28 16:52:30 worker [2] get job [-2]
2023/11/28 16:52:30 worker [2] waiting
2023/11/28 16:52:30 [Coordinator] worker [1] finish job [14]
2023/11/28 16:52:30 worker [1] attempt times [7]
2023/11/28 16:52:30 worker [1] request job
2023/11/28 16:52:30 [Coordinator] get a request from worker [1]
2023/11/28 16:52:30 [8 / 8] map jobs are done, [9 / 10] reduce jobs are done
2023/11/28 16:52:30 worker [1] get job [-2]
2023/11/28 16:52:30 worker [1] waiting
2023/11/28 16:52:30 [Coordinator] worker [0] finish job [17]
2023/11/28 16:52:30 worker [0] attempt times [8]
2023/11/28 16:52:30 worker [0] request job
2023/11/28 16:52:30 [Coordinator] get a request from worker [0]
2023/11/28 16:52:30 [8 / 8] map jobs are done, [10 / 10] reduce jobs are done
2023/11/28 16:52:30 worker [0] get job [-2]
2023/11/28 16:52:30 worker [0] waiting
2023/11/28 16:52:31 worker [2] attempt times [7]
2023/11/28 16:52:31 worker [2] request job
2023/11/28 16:52:31 [Coordinator] get a request from worker [2]
2023/11/28 16:52:31 worker [2] get job [-3]
2023/11/28 16:52:31 worker [2] kill
2023/11/28 16:52:31 worker [1] attempt times [8]
2023/11/28 16:52:31 worker [1] request job
2023/11/28 16:52:31 [Coordinator] get a request from worker [1]
2023/11/28 16:52:31 worker [1] get job [-3]
2023/11/28 16:52:31 worker [1] kill
2023/11/28 16:52:31 worker [0] attempt times [9]
2023/11/28 16:52:31 worker [0] request job
2023/11/28 16:52:31 [Coordinator] get a request from worker [0]
2023/11/28 16:52:31 worker [0] get job [-3]
2023/11/28 16:52:31 worker [0] kill
--- wc test: PASS
*** Starting indexer test.
2023/11/28 16:52:32 making map job [{0 0 0 <nil> 10 [../pg-being_ernest.txt]}]
2023/11/28 16:52:32 making map job [{1 0 0 <nil> 10 [../pg-dorian_gray.txt]}]
2023/11/28 16:52:32 making map job [{2 0 0 <nil> 10 [../pg-frankenstein.txt]}]
2023/11/28 16:52:32 making map job [{3 0 0 <nil> 10 [../pg-grimm.txt]}]
2023/11/28 16:52:32 making map job [{4 0 0 <nil> 10 [../pg-huckleberry_finn.txt]}]
2023/11/28 16:52:32 making map job [{5 0 0 <nil> 10 [../pg-metamorphosis.txt]}]
2023/11/28 16:52:32 making map job [{6 0 0 <nil> 10 [../pg-sherlock_holmes.txt]}]
2023/11/28 16:52:32 making map job [{7 0 0 <nil> 10 [../pg-tom_sawyer.txt]}]
2023/11/28 16:52:32 done making map jobs
2023/11/28 16:52:33 worker send register request
2023/11/28 16:52:33 worker send register request
2023/11/28 16:52:33 worker [0] success register
2023/11/28 16:52:33 worker [1] success register
2023/11/28 16:52:33 worker [0] attempt times [0]
2023/11/28 16:52:33 worker [1] attempt times [0]
2023/11/28 16:52:33 worker [0] request job
2023/11/28 16:52:33 worker [1] request job
2023/11/28 16:52:33 [Coordinator] get a request from worker [0]
2023/11/28 16:52:33 worker [0] get job [0]
2023/11/28 16:52:33 worker [0] do map job [0]
2023/11/28 16:52:33 [Coordinator] get a request from worker [1]
2023/11/28 16:52:33 worker [1] get job [1]
2023/11/28 16:52:33 worker [1] do map job [1]
2023/11/28 16:52:33 [Coordinator] worker [0] finish job [0]
2023/11/28 16:52:33 worker [0] attempt times [1]
2023/11/28 16:52:33 worker [0] request job
2023/11/28 16:52:33 [Coordinator] get a request from worker [0]
2023/11/28 16:52:33 worker [0] get job [2]
2023/11/28 16:52:33 worker [0] do map job [2]
2023/11/28 16:52:33 [Coordinator] worker [1] finish job [1]
2023/11/28 16:52:33 worker [1] attempt times [1]
2023/11/28 16:52:33 worker [1] request job
2023/11/28 16:52:33 [Coordinator] get a request from worker [1]
2023/11/28 16:52:33 worker [1] get job [3]
2023/11/28 16:52:33 worker [1] do map job [3]
2023/11/28 16:52:33 [Coordinator] worker [0] finish job [2]
2023/11/28 16:52:33 worker [0] attempt times [2]
2023/11/28 16:52:33 worker [0] request job
2023/11/28 16:52:33 [Coordinator] get a request from worker [0]
2023/11/28 16:52:33 worker [0] get job [4]
2023/11/28 16:52:33 worker [0] do map job [4]
2023/11/28 16:52:33 [Coordinator] worker [1] finish job [3]
2023/11/28 16:52:33 worker [1] attempt times [2]
2023/11/28 16:52:33 worker [1] request job
2023/11/28 16:52:33 [Coordinator] get a request from worker [1]
2023/11/28 16:52:33 worker [1] get job [5]
2023/11/28 16:52:33 worker [1] do map job [5]
2023/11/28 16:52:33 [Coordinator] worker [1] finish job [5]
2023/11/28 16:52:33 worker [1] attempt times [3]
2023/11/28 16:52:33 worker [1] request job
2023/11/28 16:52:33 [Coordinator] get a request from worker [1]
2023/11/28 16:52:33 worker [1] get job [6]
2023/11/28 16:52:33 worker [1] do map job [6]
2023/11/28 16:52:33 [Coordinator] worker [0] finish job [4]
2023/11/28 16:52:33 worker [0] attempt times [3]
2023/11/28 16:52:33 worker [0] request job
2023/11/28 16:52:33 [Coordinator] get a request from worker [0]
2023/11/28 16:52:33 worker [0] get job [7]
2023/11/28 16:52:33 worker [0] do map job [7]
2023/11/28 16:52:33 [Coordinator] worker [1] finish job [6]
2023/11/28 16:52:33 worker [1] attempt times [4]
2023/11/28 16:52:33 worker [1] request job
2023/11/28 16:52:33 [Coordinator] get a request from worker [1]
2023/11/28 16:52:33 [7 / 8] map jobs are done, [0 / 0] reduce jobs are done
2023/11/28 16:52:33 worker [1] get job [-1]
2023/11/28 16:52:33 worker [1] waiting
2023/11/28 16:52:33 [Coordinator] worker [0] finish job [7]
2023/11/28 16:52:33 worker [0] attempt times [4]
2023/11/28 16:52:33 worker [0] request job
2023/11/28 16:52:33 [Coordinator] get a request from worker [0]
2023/11/28 16:52:33 [8 / 8] map jobs are done, [0 / 0] reduce jobs are done
2023/11/28 16:52:33 making reduce job = {8 1 0 <nil> 10 [mr-tmp-0-0 mr-tmp-1-0 mr-tmp-2-0 mr-tmp-3-0 mr-tmp-4-0 mr-tmp-5-0 mr-tmp-6-0 mr-tmp-7-0]}
2023/11/28 16:52:33 making reduce job = {9 1 0 <nil> 10 [mr-tmp-0-1 mr-tmp-1-1 mr-tmp-2-1 mr-tmp-3-1 mr-tmp-4-1 mr-tmp-5-1 mr-tmp-6-1 mr-tmp-7-1]}
2023/11/28 16:52:33 making reduce job = {10 1 0 <nil> 10 [mr-tmp-0-2 mr-tmp-1-2 mr-tmp-2-2 mr-tmp-3-2 mr-tmp-4-2 mr-tmp-5-2 mr-tmp-6-2 mr-tmp-7-2]}
2023/11/28 16:52:33 making reduce job = {11 1 0 <nil> 10 [mr-tmp-0-3 mr-tmp-1-3 mr-tmp-2-3 mr-tmp-3-3 mr-tmp-4-3 mr-tmp-5-3 mr-tmp-6-3 mr-tmp-7-3]}
2023/11/28 16:52:33 making reduce job = {12 1 0 <nil> 10 [mr-tmp-0-4 mr-tmp-1-4 mr-tmp-2-4 mr-tmp-3-4 mr-tmp-4-4 mr-tmp-5-4 mr-tmp-6-4 mr-tmp-7-4]}
2023/11/28 16:52:33 making reduce job = {13 1 0 <nil> 10 [mr-tmp-0-5 mr-tmp-1-5 mr-tmp-2-5 mr-tmp-3-5 mr-tmp-4-5 mr-tmp-5-5 mr-tmp-6-5 mr-tmp-7-5]}
2023/11/28 16:52:33 making reduce job = {14 1 0 <nil> 10 [mr-tmp-0-6 mr-tmp-1-6 mr-tmp-2-6 mr-tmp-3-6 mr-tmp-4-6 mr-tmp-5-6 mr-tmp-6-6 mr-tmp-7-6]}
2023/11/28 16:52:33 making reduce job = {15 1 0 <nil> 10 [mr-tmp-0-7 mr-tmp-1-7 mr-tmp-2-7 mr-tmp-3-7 mr-tmp-4-7 mr-tmp-5-7 mr-tmp-6-7 mr-tmp-7-7]}
2023/11/28 16:52:33 making reduce job = {16 1 0 <nil> 10 [mr-tmp-0-8 mr-tmp-1-8 mr-tmp-2-8 mr-tmp-3-8 mr-tmp-4-8 mr-tmp-5-8 mr-tmp-6-8 mr-tmp-7-8]}
2023/11/28 16:52:33 making reduce job = {17 1 0 <nil> 10 [mr-tmp-0-9 mr-tmp-1-9 mr-tmp-2-9 mr-tmp-3-9 mr-tmp-4-9 mr-tmp-5-9 mr-tmp-6-9 mr-tmp-7-9]}
2023/11/28 16:52:33 done making reduce jobs
2023/11/28 16:52:33 worker [0] get job [-1]
2023/11/28 16:52:33 worker [0] waiting
2023/11/28 16:52:34 worker [1] attempt times [5]
2023/11/28 16:52:34 worker [1] request job
2023/11/28 16:52:34 [Coordinator] get a request from worker [1]
2023/11/28 16:52:34 worker [1] get job [8]
2023/11/28 16:52:34 worker [1] do reduce job [8]
2023/11/28 16:52:34 [Coordinator] worker [1] finish job [8]
2023/11/28 16:52:34 worker [1] attempt times [6]
2023/11/28 16:52:34 worker [1] request job
2023/11/28 16:52:34 [Coordinator] get a request from worker [1]
2023/11/28 16:52:34 worker [1] get job [9]
2023/11/28 16:52:34 worker [1] do reduce job [9]
2023/11/28 16:52:34 worker [0] attempt times [5]
2023/11/28 16:52:34 worker [0] request job
2023/11/28 16:52:34 [Coordinator] get a request from worker [0]
2023/11/28 16:52:34 worker [0] get job [10]
2023/11/28 16:52:34 worker [0] do reduce job [10]
2023/11/28 16:52:34 [Coordinator] worker [1] finish job [9]
2023/11/28 16:52:34 worker [1] attempt times [7]
2023/11/28 16:52:34 worker [1] request job
2023/11/28 16:52:34 [Coordinator] get a request from worker [1]
2023/11/28 16:52:34 worker [1] get job [11]
2023/11/28 16:52:34 worker [1] do reduce job [11]
2023/11/28 16:52:34 [Coordinator] worker [0] finish job [10]
2023/11/28 16:52:34 worker [0] attempt times [6]
2023/11/28 16:52:34 worker [0] request job
2023/11/28 16:52:34 [Coordinator] get a request from worker [0]
2023/11/28 16:52:34 worker [0] get job [12]
2023/11/28 16:52:34 worker [0] do reduce job [12]
2023/11/28 16:52:34 [Coordinator] worker [1] finish job [11]
2023/11/28 16:52:34 worker [1] attempt times [8]
2023/11/28 16:52:34 worker [1] request job
2023/11/28 16:52:34 [Coordinator] get a request from worker [1]
2023/11/28 16:52:34 worker [1] get job [13]
2023/11/28 16:52:34 worker [1] do reduce job [13]
2023/11/28 16:52:34 [Coordinator] worker [0] finish job [12]
2023/11/28 16:52:34 worker [0] attempt times [7]
2023/11/28 16:52:34 worker [0] request job
2023/11/28 16:52:34 [Coordinator] get a request from worker [0]
2023/11/28 16:52:34 worker [0] get job [14]
2023/11/28 16:52:34 worker [0] do reduce job [14]
2023/11/28 16:52:34 [Coordinator] worker [1] finish job [13]
2023/11/28 16:52:34 worker [1] attempt times [9]
2023/11/28 16:52:34 worker [1] request job
2023/11/28 16:52:34 [Coordinator] get a request from worker [1]
2023/11/28 16:52:34 worker [1] get job [15]
2023/11/28 16:52:34 worker [1] do reduce job [15]
2023/11/28 16:52:34 [Coordinator] worker [0] finish job [14]
2023/11/28 16:52:34 worker [0] attempt times [8]
2023/11/28 16:52:34 worker [0] request job
2023/11/28 16:52:34 [Coordinator] get a request from worker [0]
2023/11/28 16:52:34 worker [0] get job [16]
2023/11/28 16:52:34 worker [0] do reduce job [16]
2023/11/28 16:52:34 [Coordinator] worker [1] finish job [15]
2023/11/28 16:52:34 worker [1] attempt times [10]
2023/11/28 16:52:34 worker [1] request job
2023/11/28 16:52:34 [Coordinator] get a request from worker [1]
2023/11/28 16:52:34 worker [1] get job [17]
2023/11/28 16:52:34 worker [1] do reduce job [17]
2023/11/28 16:52:34 [Coordinator] worker [0] finish job [16]
2023/11/28 16:52:34 worker [0] attempt times [9]
2023/11/28 16:52:34 worker [0] request job
2023/11/28 16:52:34 [Coordinator] get a request from worker [0]
2023/11/28 16:52:34 [8 / 8] map jobs are done, [9 / 10] reduce jobs are done
2023/11/28 16:52:34 worker [0] get job [-2]
2023/11/28 16:52:34 worker [0] waiting
2023/11/28 16:52:34 [Coordinator] worker [1] finish job [17]
2023/11/28 16:52:34 worker [1] attempt times [11]
2023/11/28 16:52:34 worker [1] request job
2023/11/28 16:52:34 [Coordinator] get a request from worker [1]
2023/11/28 16:52:34 [8 / 8] map jobs are done, [10 / 10] reduce jobs are done
2023/11/28 16:52:34 worker [1] get job [-2]
2023/11/28 16:52:34 worker [1] waiting
2023/11/28 16:52:35 worker [0] attempt times [10]
2023/11/28 16:52:35 worker [0] request job
2023/11/28 16:52:35 [Coordinator] get a request from worker [0]
2023/11/28 16:52:35 worker [0] get job [-3]
2023/11/28 16:52:35 worker [0] kill
2023/11/28 16:52:35 worker [1] attempt times [12]
2023/11/28 16:52:35 worker [1] request job
2023/11/28 16:52:35 [Coordinator] get a request from worker [1]
2023/11/28 16:52:35 worker [1] get job [-3]
2023/11/28 16:52:35 worker [1] kill
--- indexer test: PASS
*** Starting map parallelism test.
2023/11/28 16:52:36 making map job [{0 0 0 <nil> 10 [../pg-being_ernest.txt]}]
2023/11/28 16:52:36 making map job [{1 0 0 <nil> 10 [../pg-dorian_gray.txt]}]
2023/11/28 16:52:36 making map job [{2 0 0 <nil> 10 [../pg-frankenstein.txt]}]
2023/11/28 16:52:36 making map job [{3 0 0 <nil> 10 [../pg-grimm.txt]}]
2023/11/28 16:52:36 making map job [{4 0 0 <nil> 10 [../pg-huckleberry_finn.txt]}]
2023/11/28 16:52:36 making map job [{5 0 0 <nil> 10 [../pg-metamorphosis.txt]}]
2023/11/28 16:52:36 making map job [{6 0 0 <nil> 10 [../pg-sherlock_holmes.txt]}]
2023/11/28 16:52:36 making map job [{7 0 0 <nil> 10 [../pg-tom_sawyer.txt]}]
2023/11/28 16:52:36 done making map jobs
2023/11/28 16:52:37 worker send register request
2023/11/28 16:52:37 worker send register request
2023/11/28 16:52:37 worker [0] success register
2023/11/28 16:52:37 worker [0] attempt times [0]
2023/11/28 16:52:37 worker [0] request job
2023/11/28 16:52:37 worker [1] success register
2023/11/28 16:52:37 [Coordinator] get a request from worker [0]
2023/11/28 16:52:37 worker [1] attempt times [0]
2023/11/28 16:52:37 worker [1] request job
2023/11/28 16:52:37 worker [0] get job [0]
2023/11/28 16:52:37 worker [0] do map job [0]
2023/11/28 16:52:37 [Coordinator] get a request from worker [1]
2023/11/28 16:52:37 worker [1] get job [1]
2023/11/28 16:52:37 worker [1] do map job [1]
2023/11/28 16:52:38 [Coordinator] worker [0] finish job [0]
2023/11/28 16:52:38 worker [0] attempt times [1]
2023/11/28 16:52:38 worker [0] request job
2023/11/28 16:52:38 [Coordinator] get a request from worker [0]
2023/11/28 16:52:38 worker [0] get job [2]
2023/11/28 16:52:38 worker [0] do map job [2]
2023/11/28 16:52:38 [Coordinator] worker [1] finish job [1]
2023/11/28 16:52:38 worker [1] attempt times [1]
2023/11/28 16:52:38 worker [1] request job
2023/11/28 16:52:38 [Coordinator] get a request from worker [1]
2023/11/28 16:52:38 worker [1] get job [3]
2023/11/28 16:52:38 worker [1] do map job [3]
2023/11/28 16:52:39 [Coordinator] worker [0] finish job [2]
2023/11/28 16:52:39 worker [0] attempt times [2]
2023/11/28 16:52:39 worker [0] request job
2023/11/28 16:52:39 [Coordinator] get a request from worker [0]
2023/11/28 16:52:39 worker [0] get job [4]
2023/11/28 16:52:39 worker [0] do map job [4]
2023/11/28 16:52:39 [Coordinator] worker [1] finish job [3]
2023/11/28 16:52:39 worker [1] attempt times [2]
2023/11/28 16:52:39 worker [1] request job
2023/11/28 16:52:39 [Coordinator] get a request from worker [1]
2023/11/28 16:52:39 worker [1] get job [5]
2023/11/28 16:52:39 worker [1] do map job [5]
2023/11/28 16:52:40 [Coordinator] worker [1] finish job [5]
2023/11/28 16:52:40 worker [1] attempt times [3]
2023/11/28 16:52:40 worker [1] request job
2023/11/28 16:52:40 [Coordinator] worker [0] finish job [4]
2023/11/28 16:52:40 worker [0] attempt times [3]
2023/11/28 16:52:40 worker [0] request job
2023/11/28 16:52:40 [Coordinator] get a request from worker [1]
2023/11/28 16:52:40 worker [1] get job [6]
2023/11/28 16:52:40 worker [1] do map job [6]
2023/11/28 16:52:40 [Coordinator] get a request from worker [0]
2023/11/28 16:52:40 worker [0] get job [7]
2023/11/28 16:52:40 worker [0] do map job [7]
2023/11/28 16:52:41 [Coordinator] worker [0] finish job [7]
2023/11/28 16:52:41 [Coordinator] worker [1] finish job [6]
2023/11/28 16:52:41 worker [0] attempt times [4]
2023/11/28 16:52:41 worker [0] request job
2023/11/28 16:52:41 worker [1] attempt times [4]
2023/11/28 16:52:41 worker [1] request job
2023/11/28 16:52:41 [Coordinator] get a request from worker [0]
2023/11/28 16:52:41 [8 / 8] map jobs are done, [0 / 0] reduce jobs are done
2023/11/28 16:52:41 making reduce job = {8 1 0 <nil> 10 [mr-tmp-0-0 mr-tmp-1-0 mr-tmp-2-0 mr-tmp-3-0 mr-tmp-4-0 mr-tmp-5-0 mr-tmp-6-0 mr-tmp-7-0]}
2023/11/28 16:52:41 making reduce job = {9 1 0 <nil> 10 [mr-tmp-0-1 mr-tmp-1-1 mr-tmp-2-1 mr-tmp-3-1 mr-tmp-4-1 mr-tmp-5-1 mr-tmp-6-1 mr-tmp-7-1]}
2023/11/28 16:52:41 making reduce job = {10 1 0 <nil> 10 [mr-tmp-0-2 mr-tmp-1-2 mr-tmp-2-2 mr-tmp-3-2 mr-tmp-4-2 mr-tmp-5-2 mr-tmp-6-2 mr-tmp-7-2]}
2023/11/28 16:52:41 making reduce job = {11 1 0 <nil> 10 [mr-tmp-0-3 mr-tmp-1-3 mr-tmp-2-3 mr-tmp-3-3 mr-tmp-4-3 mr-tmp-5-3 mr-tmp-6-3 mr-tmp-7-3]}
2023/11/28 16:52:41 making reduce job = {12 1 0 <nil> 10 [mr-tmp-0-4 mr-tmp-1-4 mr-tmp-2-4 mr-tmp-3-4 mr-tmp-4-4 mr-tmp-5-4 mr-tmp-6-4 mr-tmp-7-4]}
2023/11/28 16:52:41 making reduce job = {13 1 0 <nil> 10 [mr-tmp-0-5 mr-tmp-1-5 mr-tmp-2-5 mr-tmp-3-5 mr-tmp-4-5 mr-tmp-5-5 mr-tmp-6-5 mr-tmp-7-5]}
2023/11/28 16:52:41 making reduce job = {14 1 0 <nil> 10 [mr-tmp-0-6 mr-tmp-1-6 mr-tmp-2-6 mr-tmp-3-6 mr-tmp-4-6 mr-tmp-5-6 mr-tmp-6-6 mr-tmp-7-6]}
2023/11/28 16:52:41 making reduce job = {15 1 0 <nil> 10 [mr-tmp-0-7 mr-tmp-1-7 mr-tmp-2-7 mr-tmp-3-7 mr-tmp-4-7 mr-tmp-5-7 mr-tmp-6-7 mr-tmp-7-7]}
2023/11/28 16:52:41 making reduce job = {16 1 0 <nil> 10 [mr-tmp-0-8 mr-tmp-1-8 mr-tmp-2-8 mr-tmp-3-8 mr-tmp-4-8 mr-tmp-5-8 mr-tmp-6-8 mr-tmp-7-8]}
2023/11/28 16:52:41 making reduce job = {17 1 0 <nil> 10 [mr-tmp-0-9 mr-tmp-1-9 mr-tmp-2-9 mr-tmp-3-9 mr-tmp-4-9 mr-tmp-5-9 mr-tmp-6-9 mr-tmp-7-9]}
2023/11/28 16:52:41 done making reduce jobs
2023/11/28 16:52:41 [Coordinator] get a request from worker [1]
2023/11/28 16:52:41 worker [0] get job [-1]
2023/11/28 16:52:41 worker [0] waiting
2023/11/28 16:52:41 worker [1] get job [8]
2023/11/28 16:52:41 worker [1] do reduce job [8]
2023/11/28 16:52:41 [Coordinator] worker [1] finish job [8]
2023/11/28 16:52:41 worker [1] attempt times [5]
2023/11/28 16:52:41 worker [1] request job
2023/11/28 16:52:41 [Coordinator] get a request from worker [1]
2023/11/28 16:52:41 worker [1] get job [9]
2023/11/28 16:52:41 worker [1] do reduce job [9]
2023/11/28 16:52:41 [Coordinator] worker [1] finish job [9]
2023/11/28 16:52:41 worker [1] attempt times [6]
2023/11/28 16:52:41 worker [1] request job
2023/11/28 16:52:41 [Coordinator] get a request from worker [1]
2023/11/28 16:52:41 worker [1] get job [10]
2023/11/28 16:52:41 worker [1] do reduce job [10]
2023/11/28 16:52:41 [Coordinator] worker [1] finish job [10]
2023/11/28 16:52:41 worker [1] attempt times [7]
2023/11/28 16:52:41 worker [1] request job
2023/11/28 16:52:41 [Coordinator] get a request from worker [1]
2023/11/28 16:52:41 worker [1] get job [11]
2023/11/28 16:52:41 worker [1] do reduce job [11]
2023/11/28 16:52:41 [Coordinator] worker [1] finish job [11]
2023/11/28 16:52:41 worker [1] attempt times [8]
2023/11/28 16:52:41 worker [1] request job
2023/11/28 16:52:41 [Coordinator] get a request from worker [1]
2023/11/28 16:52:41 worker [1] get job [12]
2023/11/28 16:52:41 worker [1] do reduce job [12]
2023/11/28 16:52:41 [Coordinator] worker [1] finish job [12]
2023/11/28 16:52:41 worker [1] attempt times [9]
2023/11/28 16:52:41 worker [1] request job
2023/11/28 16:52:41 [Coordinator] get a request from worker [1]
2023/11/28 16:52:41 worker [1] get job [13]
2023/11/28 16:52:41 worker [1] do reduce job [13]
2023/11/28 16:52:41 [Coordinator] worker [1] finish job [13]
2023/11/28 16:52:41 worker [1] attempt times [10]
2023/11/28 16:52:41 worker [1] request job
2023/11/28 16:52:41 [Coordinator] get a request from worker [1]
2023/11/28 16:52:41 worker [1] get job [14]
2023/11/28 16:52:41 worker [1] do reduce job [14]
2023/11/28 16:52:41 [Coordinator] worker [1] finish job [14]
2023/11/28 16:52:41 worker [1] attempt times [11]
2023/11/28 16:52:41 worker [1] request job
2023/11/28 16:52:41 [Coordinator] get a request from worker [1]
2023/11/28 16:52:41 worker [1] get job [15]
2023/11/28 16:52:41 worker [1] do reduce job [15]
2023/11/28 16:52:41 [Coordinator] worker [1] finish job [15]
2023/11/28 16:52:41 worker [1] attempt times [12]
2023/11/28 16:52:41 worker [1] request job
2023/11/28 16:52:41 [Coordinator] get a request from worker [1]
2023/11/28 16:52:41 worker [1] get job [16]
2023/11/28 16:52:41 worker [1] do reduce job [16]
2023/11/28 16:52:41 [Coordinator] worker [1] finish job [16]
2023/11/28 16:52:41 worker [1] attempt times [13]
2023/11/28 16:52:41 worker [1] request job
2023/11/28 16:52:41 [Coordinator] get a request from worker [1]
2023/11/28 16:52:41 worker [1] get job [17]
2023/11/28 16:52:41 worker [1] do reduce job [17]
2023/11/28 16:52:41 [Coordinator] worker [1] finish job [17]
2023/11/28 16:52:41 worker [1] attempt times [14]
2023/11/28 16:52:41 worker [1] request job
2023/11/28 16:52:41 [Coordinator] get a request from worker [1]
2023/11/28 16:52:41 [8 / 8] map jobs are done, [10 / 10] reduce jobs are done
2023/11/28 16:52:41 worker [1] get job [-2]
2023/11/28 16:52:41 worker [1] waiting
2023/11/28 16:52:42 worker [0] attempt times [5]
2023/11/28 16:52:42 worker [0] request job
2023/11/28 16:52:42 [Coordinator] get a request from worker [0]
2023/11/28 16:52:42 worker [0] get job [-3]
2023/11/28 16:52:42 worker [0] kill
2023/11/28 16:52:42 worker [1] attempt times [15]
2023/11/28 16:52:42 worker [1] request job
2023/11/28 16:52:42 [Coordinator] get a request from worker [1]
2023/11/28 16:52:42 worker [1] get job [-3]
2023/11/28 16:52:42 worker [1] kill
--- map parallelism test: PASS
*** Starting reduce parallelism test.
2023/11/28 16:52:43 making map job [{0 0 0 <nil> 10 [../pg-being_ernest.txt]}]
2023/11/28 16:52:43 making map job [{1 0 0 <nil> 10 [../pg-dorian_gray.txt]}]
2023/11/28 16:52:43 making map job [{2 0 0 <nil> 10 [../pg-frankenstein.txt]}]
2023/11/28 16:52:43 making map job [{3 0 0 <nil> 10 [../pg-grimm.txt]}]
2023/11/28 16:52:43 making map job [{4 0 0 <nil> 10 [../pg-huckleberry_finn.txt]}]
2023/11/28 16:52:43 making map job [{5 0 0 <nil> 10 [../pg-metamorphosis.txt]}]
2023/11/28 16:52:43 making map job [{6 0 0 <nil> 10 [../pg-sherlock_holmes.txt]}]
2023/11/28 16:52:43 making map job [{7 0 0 <nil> 10 [../pg-tom_sawyer.txt]}]
2023/11/28 16:52:43 done making map jobs
2023/11/28 16:52:44 worker send register request
2023/11/28 16:52:44 worker send register request
2023/11/28 16:52:44 worker [0] success register
2023/11/28 16:52:44 worker [1] success register
2023/11/28 16:52:44 worker [0] attempt times [0]
2023/11/28 16:52:44 worker [0] request job
2023/11/28 16:52:44 worker [1] attempt times [0]
2023/11/28 16:52:44 worker [1] request job
2023/11/28 16:52:44 [Coordinator] get a request from worker [0]
2023/11/28 16:52:44 [Coordinator] get a request from worker [1]
2023/11/28 16:52:44 worker [1] get job [1]
2023/11/28 16:52:44 worker [1] do map job [1]
2023/11/28 16:52:44 worker [0] get job [0]
2023/11/28 16:52:44 worker [0] do map job [0]
2023/11/28 16:52:44 [Coordinator] worker [0] finish job [0]
2023/11/28 16:52:44 worker [0] attempt times [1]
2023/11/28 16:52:44 worker [0] request job
2023/11/28 16:52:44 [Coordinator] get a request from worker [0]
2023/11/28 16:52:44 worker [0] get job [2]
2023/11/28 16:52:44 worker [0] do map job [2]
2023/11/28 16:52:44 [Coordinator] worker [1] finish job [1]
2023/11/28 16:52:44 worker [1] attempt times [1]
2023/11/28 16:52:44 worker [1] request job
2023/11/28 16:52:44 [Coordinator] get a request from worker [1]
2023/11/28 16:52:44 worker [1] get job [3]
2023/11/28 16:52:44 worker [1] do map job [3]
2023/11/28 16:52:44 [Coordinator] worker [1] finish job [3]
2023/11/28 16:52:44 worker [1] attempt times [2]
2023/11/28 16:52:44 worker [1] request job
2023/11/28 16:52:44 [Coordinator] worker [0] finish job [2]
2023/11/28 16:52:44 worker [0] attempt times [2]
2023/11/28 16:52:44 worker [0] request job
2023/11/28 16:52:44 [Coordinator] get a request from worker [1]
2023/11/28 16:52:44 [Coordinator] get a request from worker [0]
2023/11/28 16:52:44 worker [1] get job [4]
2023/11/28 16:52:44 worker [1] do map job [4]
2023/11/28 16:52:44 worker [0] get job [5]
2023/11/28 16:52:44 worker [0] do map job [5]
2023/11/28 16:52:44 [Coordinator] worker [0] finish job [5]
2023/11/28 16:52:44 worker [0] attempt times [3]
2023/11/28 16:52:44 worker [0] request job
2023/11/28 16:52:44 [Coordinator] get a request from worker [0]
2023/11/28 16:52:44 [Coordinator] worker [1] finish job [4]
2023/11/28 16:52:44 worker [0] get job [6]
2023/11/28 16:52:44 worker [1] attempt times [3]
2023/11/28 16:52:44 worker [0] do map job [6]
2023/11/28 16:52:44 worker [1] request job
2023/11/28 16:52:44 [Coordinator] get a request from worker [1]
2023/11/28 16:52:44 worker [1] get job [7]
2023/11/28 16:52:44 worker [1] do map job [7]
2023/11/28 16:52:44 [Coordinator] worker [1] finish job [7]
2023/11/28 16:52:44 worker [1] attempt times [4]
2023/11/28 16:52:44 worker [1] request job
2023/11/28 16:52:44 [Coordinator] worker [0] finish job [6]
2023/11/28 16:52:44 worker [0] attempt times [4]
2023/11/28 16:52:44 worker [0] request job
2023/11/28 16:52:44 [Coordinator] get a request from worker [1]
2023/11/28 16:52:44 [8 / 8] map jobs are done, [0 / 0] reduce jobs are done
2023/11/28 16:52:44 making reduce job = {8 1 0 <nil> 10 [mr-tmp-0-0 mr-tmp-1-0 mr-tmp-2-0 mr-tmp-3-0 mr-tmp-4-0 mr-tmp-5-0 mr-tmp-6-0 mr-tmp-7-0]}
2023/11/28 16:52:44 making reduce job = {9 1 0 <nil> 10 [mr-tmp-0-1 mr-tmp-1-1 mr-tmp-2-1 mr-tmp-3-1 mr-tmp-4-1 mr-tmp-5-1 mr-tmp-6-1 mr-tmp-7-1]}
2023/11/28 16:52:44 making reduce job = {10 1 0 <nil> 10 [mr-tmp-0-2 mr-tmp-1-2 mr-tmp-2-2 mr-tmp-3-2 mr-tmp-4-2 mr-tmp-5-2 mr-tmp-6-2 mr-tmp-7-2]}
2023/11/28 16:52:44 making reduce job = {11 1 0 <nil> 10 [mr-tmp-0-3 mr-tmp-1-3 mr-tmp-2-3 mr-tmp-3-3 mr-tmp-4-3 mr-tmp-5-3 mr-tmp-6-3 mr-tmp-7-3]}
2023/11/28 16:52:44 making reduce job = {12 1 0 <nil> 10 [mr-tmp-0-4 mr-tmp-1-4 mr-tmp-2-4 mr-tmp-3-4 mr-tmp-4-4 mr-tmp-5-4 mr-tmp-6-4 mr-tmp-7-4]}
2023/11/28 16:52:44 making reduce job = {13 1 0 <nil> 10 [mr-tmp-0-5 mr-tmp-1-5 mr-tmp-2-5 mr-tmp-3-5 mr-tmp-4-5 mr-tmp-5-5 mr-tmp-6-5 mr-tmp-7-5]}
2023/11/28 16:52:44 making reduce job = {14 1 0 <nil> 10 [mr-tmp-0-6 mr-tmp-1-6 mr-tmp-2-6 mr-tmp-3-6 mr-tmp-4-6 mr-tmp-5-6 mr-tmp-6-6 mr-tmp-7-6]}
2023/11/28 16:52:44 making reduce job = {15 1 0 <nil> 10 [mr-tmp-0-7 mr-tmp-1-7 mr-tmp-2-7 mr-tmp-3-7 mr-tmp-4-7 mr-tmp-5-7 mr-tmp-6-7 mr-tmp-7-7]}
2023/11/28 16:52:44 making reduce job = {16 1 0 <nil> 10 [mr-tmp-0-8 mr-tmp-1-8 mr-tmp-2-8 mr-tmp-3-8 mr-tmp-4-8 mr-tmp-5-8 mr-tmp-6-8 mr-tmp-7-8]}
2023/11/28 16:52:44 making reduce job = {17 1 0 <nil> 10 [mr-tmp-0-9 mr-tmp-1-9 mr-tmp-2-9 mr-tmp-3-9 mr-tmp-4-9 mr-tmp-5-9 mr-tmp-6-9 mr-tmp-7-9]}
2023/11/28 16:52:44 done making reduce jobs
2023/11/28 16:52:44 [Coordinator] get a request from worker [0]
2023/11/28 16:52:44 worker [1] get job [-1]
2023/11/28 16:52:44 worker [1] waiting
2023/11/28 16:52:44 worker [0] get job [8]
2023/11/28 16:52:44 worker [0] do reduce job [8]
2023/11/28 16:52:45 worker [1] attempt times [5]
2023/11/28 16:52:45 worker [1] request job
2023/11/28 16:52:45 [Coordinator] get a request from worker [1]
2023/11/28 16:52:45 worker [1] get job [9]
2023/11/28 16:52:45 worker [1] do reduce job [9]
2023/11/28 16:52:45 [Coordinator] worker [0] finish job [8]
2023/11/28 16:52:45 worker [0] attempt times [5]
2023/11/28 16:52:45 worker [0] request job
2023/11/28 16:52:45 [Coordinator] get a request from worker [0]
2023/11/28 16:52:45 worker [0] get job [10]
2023/11/28 16:52:45 worker [0] do reduce job [10]
2023/11/28 16:52:46 [Coordinator] worker [1] finish job [9]
2023/11/28 16:52:46 worker [1] attempt times [6]
2023/11/28 16:52:46 worker [1] request job
2023/11/28 16:52:46 [Coordinator] get a request from worker [1]
2023/11/28 16:52:46 worker [1] get job [11]
2023/11/28 16:52:46 worker [1] do reduce job [11]
2023/11/28 16:52:46 [Coordinator] worker [0] finish job [10]
2023/11/28 16:52:46 worker [0] attempt times [6]
2023/11/28 16:52:46 worker [0] request job
2023/11/28 16:52:46 [Coordinator] get a request from worker [0]
2023/11/28 16:52:46 worker [0] get job [12]
2023/11/28 16:52:46 worker [0] do reduce job [12]
2023/11/28 16:52:48 [Coordinator] worker [1] finish job [11]
2023/11/28 16:52:48 [Coordinator] worker [0] finish job [12]
2023/11/28 16:52:48 worker [1] attempt times [7]
2023/11/28 16:52:48 worker [1] request job
2023/11/28 16:52:48 worker [0] attempt times [7]
2023/11/28 16:52:48 worker [0] request job
2023/11/28 16:52:48 [Coordinator] get a request from worker [1]
2023/11/28 16:52:48 [Coordinator] get a request from worker [0]
2023/11/28 16:52:48 worker [1] get job [13]
2023/11/28 16:52:48 worker [1] do reduce job [13]
2023/11/28 16:52:48 worker [0] get job [14]
2023/11/28 16:52:48 worker [0] do reduce job [14]
2023/11/28 16:52:49 [Coordinator] worker [0] finish job [14]
2023/11/28 16:52:49 [Coordinator] worker [1] finish job [13]
2023/11/28 16:52:49 worker [0] attempt times [8]
2023/11/28 16:52:49 worker [0] request job
2023/11/28 16:52:49 worker [1] attempt times [8]
2023/11/28 16:52:49 worker [1] request job
2023/11/28 16:52:49 [Coordinator] get a request from worker [1]
2023/11/28 16:52:49 [Coordinator] get a request from worker [0]
2023/11/28 16:52:49 worker [1] get job [15]
2023/11/28 16:52:49 worker [1] do reduce job [15]
2023/11/28 16:52:49 worker [0] get job [16]
2023/11/28 16:52:49 worker [0] do reduce job [16]
2023/11/28 16:52:49 [Coordinator] worker [1] finish job [15]
2023/11/28 16:52:49 [Coordinator] worker [0] finish job [16]
2023/11/28 16:52:49 worker [1] attempt times [9]
2023/11/28 16:52:49 worker [1] request job
2023/11/28 16:52:49 worker [0] attempt times [9]
2023/11/28 16:52:49 worker [0] request job
2023/11/28 16:52:49 [Coordinator] get a request from worker [1]
2023/11/28 16:52:49 [Coordinator] get a request from worker [0]
2023/11/28 16:52:49 worker [1] get job [17]
2023/11/28 16:52:49 [8 / 8] map jobs are done, [9 / 10] reduce jobs are done
2023/11/28 16:52:49 worker [1] do reduce job [17]
2023/11/28 16:52:49 worker [0] get job [-2]
2023/11/28 16:52:49 worker [0] waiting
2023/11/28 16:52:50 worker [0] attempt times [10]
2023/11/28 16:52:50 worker [0] request job
2023/11/28 16:52:50 [Coordinator] get a request from worker [0]
2023/11/28 16:52:50 [8 / 8] map jobs are done, [9 / 10] reduce jobs are done
2023/11/28 16:52:50 [Coordinator] worker [1] finish job [17]
2023/11/28 16:52:50 worker [0] get job [-2]
2023/11/28 16:52:50 worker [1] attempt times [10]
2023/11/28 16:52:50 worker [0] waiting
2023/11/28 16:52:50 worker [1] request job
2023/11/28 16:52:50 [Coordinator] get a request from worker [1]
2023/11/28 16:52:50 [8 / 8] map jobs are done, [10 / 10] reduce jobs are done
2023/11/28 16:52:50 worker [1] get job [-2]
2023/11/28 16:52:50 worker [1] waiting
2023/11/28 16:52:51 worker [0] attempt times [11]
2023/11/28 16:52:51 worker [0] request job
2023/11/28 16:52:51 worker [1] attempt times [11]
2023/11/28 16:52:51 worker [1] request job
2023/11/28 16:52:51 [Coordinator] get a request from worker [0]
2023/11/28 16:52:51 worker [0] get job [-3]
2023/11/28 16:52:51 worker [0] kill
2023/11/28 16:52:51 [Coordinator] get a request from worker [1]
2023/11/28 16:52:51 worker [1] get job [-3]
2023/11/28 16:52:51 worker [1] kill
--- reduce parallelism test: PASS
*** Starting job count test.
2023/11/28 16:52:52 making map job [{0 0 0 <nil> 10 [../pg-being_ernest.txt]}]
2023/11/28 16:52:52 making map job [{1 0 0 <nil> 10 [../pg-dorian_gray.txt]}]
2023/11/28 16:52:52 making map job [{2 0 0 <nil> 10 [../pg-frankenstein.txt]}]
2023/11/28 16:52:52 making map job [{3 0 0 <nil> 10 [../pg-grimm.txt]}]
2023/11/28 16:52:52 making map job [{4 0 0 <nil> 10 [../pg-huckleberry_finn.txt]}]
2023/11/28 16:52:52 making map job [{5 0 0 <nil> 10 [../pg-metamorphosis.txt]}]
2023/11/28 16:52:52 making map job [{6 0 0 <nil> 10 [../pg-sherlock_holmes.txt]}]
2023/11/28 16:52:52 making map job [{7 0 0 <nil> 10 [../pg-tom_sawyer.txt]}]
2023/11/28 16:52:52 done making map jobs
2023/11/28 16:52:53 worker send register request
2023/11/28 16:52:53 worker send register request
2023/11/28 16:52:53 worker [0] success register
2023/11/28 16:52:53 worker [0] attempt times [0]
2023/11/28 16:52:53 worker [1] success register
2023/11/28 16:52:53 worker [0] request job
2023/11/28 16:52:53 worker [1] attempt times [0]
2023/11/28 16:52:53 worker [1] request job
2023/11/28 16:52:53 [Coordinator] get a request from worker [1]
2023/11/28 16:52:53 [Coordinator] get a request from worker [0]
2023/11/28 16:52:53 worker [1] get job [0]
2023/11/28 16:52:53 worker [1] do map job [0]
2023/11/28 16:52:53 worker [0] get job [1]
2023/11/28 16:52:53 worker [0] do map job [1]
2023/11/28 16:52:56 [Coordinator] worker [0] finish job [1]
2023/11/28 16:52:56 worker [0] attempt times [1]
2023/11/28 16:52:56 worker [0] request job
2023/11/28 16:52:56 [Coordinator] get a request from worker [0]
2023/11/28 16:52:56 worker [0] get job [2]
2023/11/28 16:52:56 worker [0] do map job [2]
2023/11/28 16:52:56 [Coordinator] worker [1] finish job [0]
2023/11/28 16:52:56 worker [1] attempt times [1]
2023/11/28 16:52:56 worker [1] request job
2023/11/28 16:52:56 [Coordinator] get a request from worker [1]
2023/11/28 16:52:56 worker [1] get job [3]
2023/11/28 16:52:56 worker [1] do map job [3]
2023/11/28 16:52:59 [Coordinator] worker [1] finish job [3]
2023/11/28 16:52:59 worker [1] attempt times [2]
2023/11/28 16:52:59 worker [1] request job
2023/11/28 16:52:59 [Coordinator] get a request from worker [1]
2023/11/28 16:52:59 worker [1] get job [4]
2023/11/28 16:52:59 worker [1] do map job [4]
2023/11/28 16:53:01 [Coordinator] worker [0] finish job [2]
2023/11/28 16:53:01 worker [0] attempt times [2]
2023/11/28 16:53:01 worker [0] request job
2023/11/28 16:53:01 [Coordinator] get a request from worker [0]
2023/11/28 16:53:01 worker [0] get job [5]
2023/11/28 16:53:01 worker [0] do map job [5]
2023/11/28 16:53:04 [Coordinator] worker [1] finish job [4]
2023/11/28 16:53:04 worker [1] attempt times [3]
2023/11/28 16:53:04 worker [1] request job
2023/11/28 16:53:04 [Coordinator] get a request from worker [1]
2023/11/28 16:53:04 worker [1] get job [6]
2023/11/28 16:53:04 worker [1] do map job [6]
2023/11/28 16:53:04 [Coordinator] worker [0] finish job [5]
2023/11/28 16:53:04 worker [0] attempt times [3]
2023/11/28 16:53:04 worker [0] request job
2023/11/28 16:53:04 [Coordinator] get a request from worker [0]
2023/11/28 16:53:04 worker [0] get job [7]
2023/11/28 16:53:04 worker [0] do map job [7]
2023/11/28 16:53:08 [Coordinator] worker [0] finish job [7]
2023/11/28 16:53:08 worker [0] attempt times [4]
2023/11/28 16:53:08 worker [0] request job
2023/11/28 16:53:08 [Coordinator] get a request from worker [0]
2023/11/28 16:53:08 [7 / 8] map jobs are done, [0 / 0] reduce jobs are done
2023/11/28 16:53:08 worker [0] get job [-1]
2023/11/28 16:53:08 worker [0] waiting
2023/11/28 16:53:08 [Coordinator] worker [1] finish job [6]
2023/11/28 16:53:08 worker [1] attempt times [4]
2023/11/28 16:53:08 worker [1] request job
2023/11/28 16:53:08 [Coordinator] get a request from worker [1]
2023/11/28 16:53:08 [8 / 8] map jobs are done, [0 / 0] reduce jobs are done
2023/11/28 16:53:08 making reduce job = {8 1 0 <nil> 10 [mr-tmp-0-0 mr-tmp-1-0 mr-tmp-2-0 mr-tmp-3-0 mr-tmp-4-0 mr-tmp-5-0 mr-tmp-6-0 mr-tmp-7-0]}
2023/11/28 16:53:08 making reduce job = {9 1 0 <nil> 10 [mr-tmp-0-1 mr-tmp-1-1 mr-tmp-2-1 mr-tmp-3-1 mr-tmp-4-1 mr-tmp-5-1 mr-tmp-6-1 mr-tmp-7-1]}
2023/11/28 16:53:08 making reduce job = {10 1 0 <nil> 10 [mr-tmp-0-2 mr-tmp-1-2 mr-tmp-2-2 mr-tmp-3-2 mr-tmp-4-2 mr-tmp-5-2 mr-tmp-6-2 mr-tmp-7-2]}
2023/11/28 16:53:08 making reduce job = {11 1 0 <nil> 10 [mr-tmp-0-3 mr-tmp-1-3 mr-tmp-2-3 mr-tmp-3-3 mr-tmp-4-3 mr-tmp-5-3 mr-tmp-6-3 mr-tmp-7-3]}
2023/11/28 16:53:08 making reduce job = {12 1 0 <nil> 10 [mr-tmp-0-4 mr-tmp-1-4 mr-tmp-2-4 mr-tmp-3-4 mr-tmp-4-4 mr-tmp-5-4 mr-tmp-6-4 mr-tmp-7-4]}
2023/11/28 16:53:08 making reduce job = {13 1 0 <nil> 10 [mr-tmp-0-5 mr-tmp-1-5 mr-tmp-2-5 mr-tmp-3-5 mr-tmp-4-5 mr-tmp-5-5 mr-tmp-6-5 mr-tmp-7-5]}
2023/11/28 16:53:08 making reduce job = {14 1 0 <nil> 10 [mr-tmp-0-6 mr-tmp-1-6 mr-tmp-2-6 mr-tmp-3-6 mr-tmp-4-6 mr-tmp-5-6 mr-tmp-6-6 mr-tmp-7-6]}
2023/11/28 16:53:08 making reduce job = {15 1 0 <nil> 10 [mr-tmp-0-7 mr-tmp-1-7 mr-tmp-2-7 mr-tmp-3-7 mr-tmp-4-7 mr-tmp-5-7 mr-tmp-6-7 mr-tmp-7-7]}
2023/11/28 16:53:08 making reduce job = {16 1 0 <nil> 10 [mr-tmp-0-8 mr-tmp-1-8 mr-tmp-2-8 mr-tmp-3-8 mr-tmp-4-8 mr-tmp-5-8 mr-tmp-6-8 mr-tmp-7-8]}
2023/11/28 16:53:08 making reduce job = {17 1 0 <nil> 10 [mr-tmp-0-9 mr-tmp-1-9 mr-tmp-2-9 mr-tmp-3-9 mr-tmp-4-9 mr-tmp-5-9 mr-tmp-6-9 mr-tmp-7-9]}
2023/11/28 16:53:08 done making reduce jobs
2023/11/28 16:53:08 worker [1] get job [-1]
2023/11/28 16:53:08 worker [1] waiting
2023/11/28 16:53:09 worker [0] attempt times [5]
2023/11/28 16:53:09 worker [0] request job
2023/11/28 16:53:09 [Coordinator] get a request from worker [0]
2023/11/28 16:53:09 worker [0] get job [8]
2023/11/28 16:53:09 worker [0] do reduce job [8]
2023/11/28 16:53:09 [Coordinator] worker [0] finish job [8]
2023/11/28 16:53:09 worker [0] attempt times [6]
2023/11/28 16:53:09 worker [0] request job
2023/11/28 16:53:09 [Coordinator] get a request from worker [0]
2023/11/28 16:53:09 worker [0] get job [9]
2023/11/28 16:53:09 worker [0] do reduce job [9]
2023/11/28 16:53:09 [Coordinator] worker [0] finish job [9]
2023/11/28 16:53:09 worker [0] attempt times [7]
2023/11/28 16:53:09 worker [0] request job
2023/11/28 16:53:09 [Coordinator] get a request from worker [0]
2023/11/28 16:53:09 worker [0] get job [10]
2023/11/28 16:53:09 worker [0] do reduce job [10]
2023/11/28 16:53:09 [Coordinator] worker [0] finish job [10]
2023/11/28 16:53:09 worker [0] attempt times [8]
2023/11/28 16:53:09 worker [0] request job
2023/11/28 16:53:09 [Coordinator] get a request from worker [0]
2023/11/28 16:53:09 worker [0] get job [11]
2023/11/28 16:53:09 worker [0] do reduce job [11]
2023/11/28 16:53:09 [Coordinator] worker [0] finish job [11]
2023/11/28 16:53:09 worker [0] attempt times [9]
2023/11/28 16:53:09 worker [0] request job
2023/11/28 16:53:09 [Coordinator] get a request from worker [0]
2023/11/28 16:53:09 worker [0] get job [12]
2023/11/28 16:53:09 worker [0] do reduce job [12]
2023/11/28 16:53:09 [Coordinator] worker [0] finish job [12]
2023/11/28 16:53:09 worker [0] attempt times [10]
2023/11/28 16:53:09 worker [0] request job
2023/11/28 16:53:09 [Coordinator] get a request from worker [0]
2023/11/28 16:53:09 worker [0] get job [13]
2023/11/28 16:53:09 worker [0] do reduce job [13]
2023/11/28 16:53:09 [Coordinator] worker [0] finish job [13]
2023/11/28 16:53:09 worker [0] attempt times [11]
2023/11/28 16:53:09 worker [0] request job
2023/11/28 16:53:09 [Coordinator] get a request from worker [0]
2023/11/28 16:53:09 worker [0] get job [14]
2023/11/28 16:53:09 worker [0] do reduce job [14]
2023/11/28 16:53:09 [Coordinator] worker [0] finish job [14]
2023/11/28 16:53:09 worker [0] attempt times [12]
2023/11/28 16:53:09 worker [0] request job
2023/11/28 16:53:09 [Coordinator] get a request from worker [0]
2023/11/28 16:53:09 worker [0] get job [15]
2023/11/28 16:53:09 worker [0] do reduce job [15]
2023/11/28 16:53:09 [Coordinator] worker [0] finish job [15]
2023/11/28 16:53:09 worker [0] attempt times [13]
2023/11/28 16:53:09 worker [0] request job
2023/11/28 16:53:09 [Coordinator] get a request from worker [0]
2023/11/28 16:53:09 worker [0] get job [16]
2023/11/28 16:53:09 worker [0] do reduce job [16]
2023/11/28 16:53:09 [Coordinator] worker [0] finish job [16]
2023/11/28 16:53:09 worker [0] attempt times [14]
2023/11/28 16:53:09 worker [0] request job
2023/11/28 16:53:09 [Coordinator] get a request from worker [0]
2023/11/28 16:53:09 worker [0] get job [17]
2023/11/28 16:53:09 worker [0] do reduce job [17]
2023/11/28 16:53:09 [Coordinator] worker [0] finish job [17]
2023/11/28 16:53:09 worker [0] attempt times [15]
2023/11/28 16:53:09 worker [0] request job
2023/11/28 16:53:09 [Coordinator] get a request from worker [0]
2023/11/28 16:53:09 [8 / 8] map jobs are done, [10 / 10] reduce jobs are done
2023/11/28 16:53:09 worker [0] get job [-2]
2023/11/28 16:53:09 worker [0] waiting
2023/11/28 16:53:09 worker [1] attempt times [5]
2023/11/28 16:53:09 worker [1] request job
2023/11/28 16:53:09 [Coordinator] get a request from worker [1]
2023/11/28 16:53:09 worker [1] get job [-3]
2023/11/28 16:53:09 worker [1] kill
2023/11/28 16:53:10 worker [0] attempt times [16]
2023/11/28 16:53:10 worker [0] request job
2023/11/28 16:53:10 [Coordinator] get a request from worker [0]
2023/11/28 16:53:10 worker [0] get job [-3]
2023/11/28 16:53:10 worker [0] kill
2023/11/28 16:53:10 worker send register request
2023/11/28 16:53:10 worker send register request
2023/11/28 16:53:10 worker [2] success register
2023/11/28 16:53:10 worker [3] success register
2023/11/28 16:53:10 worker [2] attempt times [0]
2023/11/28 16:53:10 worker [2] request job
2023/11/28 16:53:10 worker [3] attempt times [0]
2023/11/28 16:53:10 worker [3] request job
2023/11/28 16:53:10 [Coordinator] get a request from worker [3]
2023/11/28 16:53:10 [Coordinator] get a request from worker [2]
2023/11/28 16:53:10 worker [3] get job [-3]
2023/11/28 16:53:10 worker [2] get job [-3]
2023/11/28 16:53:10 worker [3] kill
2023/11/28 16:53:10 worker [2] kill
--- job count test: PASS
*** Starting early exit test.
2023/11/28 16:53:10 making map job [{0 0 0 <nil> 10 [../pg-being_ernest.txt]}]
2023/11/28 16:53:10 making map job [{1 0 0 <nil> 10 [../pg-dorian_gray.txt]}]
2023/11/28 16:53:10 making map job [{2 0 0 <nil> 10 [../pg-frankenstein.txt]}]
2023/11/28 16:53:10 making map job [{3 0 0 <nil> 10 [../pg-grimm.txt]}]
2023/11/28 16:53:10 making map job [{4 0 0 <nil> 10 [../pg-huckleberry_finn.txt]}]
2023/11/28 16:53:10 making map job [{5 0 0 <nil> 10 [../pg-metamorphosis.txt]}]
2023/11/28 16:53:10 making map job [{6 0 0 <nil> 10 [../pg-sherlock_holmes.txt]}]
2023/11/28 16:53:10 making map job [{7 0 0 <nil> 10 [../pg-tom_sawyer.txt]}]
2023/11/28 16:53:10 done making map jobs
2023/11/28 16:53:11 worker send register request
2023/11/28 16:53:11 worker send register request
2023/11/28 16:53:11 worker send register request
2023/11/28 16:53:11 worker [0] success register
2023/11/28 16:53:11 worker [0] attempt times [0]
2023/11/28 16:53:11 worker [0] request job
2023/11/28 16:53:11 worker [1] success register
2023/11/28 16:53:11 worker [1] attempt times [0]
2023/11/28 16:53:11 worker [1] request job
2023/11/28 16:53:11 [Coordinator] get a request from worker [0]
2023/11/28 16:53:11 [Coordinator] get a request from worker [1]
2023/11/28 16:53:11 worker [2] success register
2023/11/28 16:53:11 worker [2] attempt times [0]
2023/11/28 16:53:11 worker [2] request job
2023/11/28 16:53:11 worker [0] get job [0]
2023/11/28 16:53:11 worker [0] do map job [0]
2023/11/28 16:53:11 worker [1] get job [1]
2023/11/28 16:53:11 worker [1] do map job [1]
2023/11/28 16:53:11 [Coordinator] get a request from worker [2]
2023/11/28 16:53:11 worker [2] get job [2]
2023/11/28 16:53:11 worker [2] do map job [2]
2023/11/28 16:53:11 [Coordinator] worker [0] finish job [0]
2023/11/28 16:53:11 worker [0] attempt times [1]
2023/11/28 16:53:11 worker [0] request job
2023/11/28 16:53:11 [Coordinator] get a request from worker [0]
2023/11/28 16:53:11 worker [0] get job [3]
2023/11/28 16:53:11 worker [0] do map job [3]
2023/11/28 16:53:11 [Coordinator] worker [2] finish job [2]
2023/11/28 16:53:11 worker [2] attempt times [1]
2023/11/28 16:53:11 worker [2] request job
2023/11/28 16:53:11 [Coordinator] get a request from worker [2]
2023/11/28 16:53:11 worker [2] get job [4]
2023/11/28 16:53:11 worker [2] do map job [4]
2023/11/28 16:53:11 [Coordinator] worker [0] finish job [3]
2023/11/28 16:53:11 worker [0] attempt times [2]
2023/11/28 16:53:11 worker [0] request job
2023/11/28 16:53:11 [Coordinator] get a request from worker [0]
2023/11/28 16:53:11 worker [0] get job [5]
2023/11/28 16:53:11 worker [0] do map job [5]
2023/11/28 16:53:11 [Coordinator] worker [1] finish job [1]
2023/11/28 16:53:11 worker [1] attempt times [1]
2023/11/28 16:53:11 worker [1] request job
2023/11/28 16:53:11 [Coordinator] worker [2] finish job [4]
2023/11/28 16:53:11 worker [2] attempt times [2]
2023/11/28 16:53:11 worker [2] request job
2023/11/28 16:53:11 [Coordinator] get a request from worker [1]
2023/11/28 16:53:11 [Coordinator] get a request from worker [2]
2023/11/28 16:53:11 worker [1] get job [6]
2023/11/28 16:53:11 worker [1] do map job [6]
2023/11/28 16:53:11 worker [2] get job [7]
2023/11/28 16:53:11 worker [2] do map job [7]
2023/11/28 16:53:11 [Coordinator] worker [0] finish job [5]
2023/11/28 16:53:11 worker [0] attempt times [3]
2023/11/28 16:53:11 worker [0] request job
2023/11/28 16:53:11 [Coordinator] get a request from worker [0]
2023/11/28 16:53:11 [6 / 8] map jobs are done, [0 / 0] reduce jobs are done
2023/11/28 16:53:11 worker [0] get job [-1]
2023/11/28 16:53:11 worker [0] waiting
2023/11/28 16:53:11 [Coordinator] worker [2] finish job [7]
2023/11/28 16:53:11 worker [2] attempt times [3]
2023/11/28 16:53:11 worker [2] request job
2023/11/28 16:53:11 [Coordinator] get a request from worker [2]
2023/11/28 16:53:11 [7 / 8] map jobs are done, [0 / 0] reduce jobs are done
2023/11/28 16:53:11 worker [2] get job [-1]
2023/11/28 16:53:11 worker [2] waiting
2023/11/28 16:53:11 [Coordinator] worker [1] finish job [6]
2023/11/28 16:53:11 worker [1] attempt times [2]
2023/11/28 16:53:11 worker [1] request job
2023/11/28 16:53:11 [Coordinator] get a request from worker [1]
2023/11/28 16:53:11 [8 / 8] map jobs are done, [0 / 0] reduce jobs are done
2023/11/28 16:53:11 making reduce job = {8 1 0 <nil> 10 [mr-tmp-0-0 mr-tmp-1-0 mr-tmp-2-0 mr-tmp-3-0 mr-tmp-4-0 mr-tmp-5-0 mr-tmp-6-0 mr-tmp-7-0]}
2023/11/28 16:53:11 making reduce job = {9 1 0 <nil> 10 [mr-tmp-0-1 mr-tmp-1-1 mr-tmp-2-1 mr-tmp-3-1 mr-tmp-4-1 mr-tmp-5-1 mr-tmp-6-1 mr-tmp-7-1]}
2023/11/28 16:53:11 making reduce job = {10 1 0 <nil> 10 [mr-tmp-0-2 mr-tmp-1-2 mr-tmp-2-2 mr-tmp-3-2 mr-tmp-4-2 mr-tmp-5-2 mr-tmp-6-2 mr-tmp-7-2]}
2023/11/28 16:53:11 making reduce job = {11 1 0 <nil> 10 [mr-tmp-0-3 mr-tmp-1-3 mr-tmp-2-3 mr-tmp-3-3 mr-tmp-4-3 mr-tmp-5-3 mr-tmp-6-3 mr-tmp-7-3]}
2023/11/28 16:53:11 making reduce job = {12 1 0 <nil> 10 [mr-tmp-0-4 mr-tmp-1-4 mr-tmp-2-4 mr-tmp-3-4 mr-tmp-4-4 mr-tmp-5-4 mr-tmp-6-4 mr-tmp-7-4]}
2023/11/28 16:53:11 making reduce job = {13 1 0 <nil> 10 [mr-tmp-0-5 mr-tmp-1-5 mr-tmp-2-5 mr-tmp-3-5 mr-tmp-4-5 mr-tmp-5-5 mr-tmp-6-5 mr-tmp-7-5]}
2023/11/28 16:53:11 making reduce job = {14 1 0 <nil> 10 [mr-tmp-0-6 mr-tmp-1-6 mr-tmp-2-6 mr-tmp-3-6 mr-tmp-4-6 mr-tmp-5-6 mr-tmp-6-6 mr-tmp-7-6]}
2023/11/28 16:53:11 making reduce job = {15 1 0 <nil> 10 [mr-tmp-0-7 mr-tmp-1-7 mr-tmp-2-7 mr-tmp-3-7 mr-tmp-4-7 mr-tmp-5-7 mr-tmp-6-7 mr-tmp-7-7]}
2023/11/28 16:53:11 making reduce job = {16 1 0 <nil> 10 [mr-tmp-0-8 mr-tmp-1-8 mr-tmp-2-8 mr-tmp-3-8 mr-tmp-4-8 mr-tmp-5-8 mr-tmp-6-8 mr-tmp-7-8]}
2023/11/28 16:53:11 making reduce job = {17 1 0 <nil> 10 [mr-tmp-0-9 mr-tmp-1-9 mr-tmp-2-9 mr-tmp-3-9 mr-tmp-4-9 mr-tmp-5-9 mr-tmp-6-9 mr-tmp-7-9]}
2023/11/28 16:53:11 done making reduce jobs
2023/11/28 16:53:11 worker [1] get job [-1]
2023/11/28 16:53:11 worker [1] waiting
2023/11/28 16:53:12 worker [0] attempt times [4]
2023/11/28 16:53:12 worker [0] request job
2023/11/28 16:53:12 [Coordinator] get a request from worker [0]
2023/11/28 16:53:12 worker [0] get job [8]
2023/11/28 16:53:12 worker [0] do reduce job [8]
2023/11/28 16:53:12 [Coordinator] worker [0] finish job [8]
2023/11/28 16:53:12 worker [0] attempt times [5]
2023/11/28 16:53:12 worker [0] request job
2023/11/28 16:53:12 worker [2] attempt times [4]
2023/11/28 16:53:12 worker [2] request job
2023/11/28 16:53:12 [Coordinator] get a request from worker [0]
2023/11/28 16:53:12 worker [0] get job [9]
2023/11/28 16:53:12 worker [0] do reduce job [9]
2023/11/28 16:53:12 [Coordinator] get a request from worker [2]
2023/11/28 16:53:12 worker [2] get job [10]
2023/11/28 16:53:12 worker [2] do reduce job [10]
2023/11/28 16:53:12 [Coordinator] worker [0] finish job [9]
2023/11/28 16:53:12 worker [0] attempt times [6]
2023/11/28 16:53:12 worker [0] request job
2023/11/28 16:53:12 [Coordinator] get a request from worker [0]
2023/11/28 16:53:12 worker [0] get job [11]
2023/11/28 16:53:12 worker [0] do reduce job [11]
2023/11/28 16:53:12 [Coordinator] worker [0] finish job [11]
2023/11/28 16:53:12 worker [0] attempt times [7]
2023/11/28 16:53:12 worker [0] request job
2023/11/28 16:53:12 [Coordinator] get a request from worker [0]
2023/11/28 16:53:12 worker [0] get job [12]
2023/11/28 16:53:12 worker [0] do reduce job [12]
2023/11/28 16:53:12 [Coordinator] worker [0] finish job [12]
2023/11/28 16:53:12 worker [0] attempt times [8]
2023/11/28 16:53:12 worker [1] attempt times [3]
2023/11/28 16:53:12 worker [0] request job
2023/11/28 16:53:12 worker [1] request job
2023/11/28 16:53:12 [Coordinator] get a request from worker [1]
2023/11/28 16:53:12 [Coordinator] get a request from worker [0]
2023/11/28 16:53:12 worker [1] get job [13]
2023/11/28 16:53:12 worker [1] do reduce job [13]
2023/11/28 16:53:12 worker [0] get job [14]
2023/11/28 16:53:12 worker [0] do reduce job [14]
2023/11/28 16:53:12 [Coordinator] worker [1] finish job [13]
2023/11/28 16:53:12 worker [1] attempt times [4]
2023/11/28 16:53:12 worker [1] request job
2023/11/28 16:53:12 [Coordinator] get a request from worker [1]
2023/11/28 16:53:12 worker [1] get job [15]
2023/11/28 16:53:12 worker [1] do reduce job [15]
2023/11/28 16:53:12 [Coordinator] worker [1] finish job [15]
2023/11/28 16:53:12 worker [1] attempt times [5]
2023/11/28 16:53:12 worker [1] request job
2023/11/28 16:53:12 [Coordinator] get a request from worker [1]
2023/11/28 16:53:12 worker [1] get job [16]
2023/11/28 16:53:12 worker [1] do reduce job [16]
2023/11/28 16:53:12 [Coordinator] worker [1] finish job [16]
2023/11/28 16:53:12 worker [1] attempt times [6]
2023/11/28 16:53:12 worker [1] request job
2023/11/28 16:53:12 [Coordinator] get a request from worker [1]
2023/11/28 16:53:12 worker [1] get job [17]
2023/11/28 16:53:12 worker [1] do reduce job [17]
2023/11/28 16:53:12 [Coordinator] worker [1] finish job [17]
2023/11/28 16:53:12 worker [1] attempt times [7]
2023/11/28 16:53:12 worker [1] request job
2023/11/28 16:53:12 [Coordinator] get a request from worker [1]
2023/11/28 16:53:12 [8 / 8] map jobs are done, [8 / 10] reduce jobs are done
2023/11/28 16:53:12 worker [1] get job [-2]
2023/11/28 16:53:12 worker [1] waiting
2023/11/28 16:53:13 worker [1] attempt times [8]
2023/11/28 16:53:13 worker [1] request job
2023/11/28 16:53:13 [Coordinator] get a request from worker [1]
2023/11/28 16:53:13 [8 / 8] map jobs are done, [8 / 10] reduce jobs are done
2023/11/28 16:53:13 worker [1] get job [-2]
2023/11/28 16:53:13 worker [1] waiting
2023/11/28 16:53:14 worker [1] attempt times [9]
2023/11/28 16:53:14 worker [1] request job
2023/11/28 16:53:14 [Coordinator] get a request from worker [1]
2023/11/28 16:53:14 [8 / 8] map jobs are done, [8 / 10] reduce jobs are done
2023/11/28 16:53:14 worker [1] get job [-2]
2023/11/28 16:53:14 worker [1] waiting
2023/11/28 16:53:15 [Coordinator] worker [2] finish job [10]
2023/11/28 16:53:15 worker [2] attempt times [5]
2023/11/28 16:53:15 worker [2] request job
2023/11/28 16:53:15 [Coordinator] get a request from worker [2]
2023/11/28 16:53:15 [8 / 8] map jobs are done, [9 / 10] reduce jobs are done
2023/11/28 16:53:15 worker [2] get job [-2]
2023/11/28 16:53:15 worker [2] waiting
2023/11/28 16:53:15 [Coordinator] worker [0] finish job [14]
2023/11/28 16:53:15 worker [0] attempt times [9]
2023/11/28 16:53:15 worker [0] request job
2023/11/28 16:53:15 [Coordinator] get a request from worker [0]
2023/11/28 16:53:15 [8 / 8] map jobs are done, [10 / 10] reduce jobs are done
2023/11/28 16:53:15 worker [0] get job [-2]
2023/11/28 16:53:15 worker [0] waiting
2023/11/28 16:53:15 worker [1] attempt times [10]
2023/11/28 16:53:15 worker [1] request job
2023/11/28 16:53:15 [Coordinator] get a request from worker [1]
2023/11/28 16:53:15 worker [1] get job [-3]
2023/11/28 16:53:15 worker [1] kill
2023/11/28 16:53:16 worker [2] attempt times [6]
2023/11/28 16:53:16 worker [2] request job
2023/11/28 16:53:16 [Coordinator] get a request from worker [2]
2023/11/28 16:53:16 worker [2] get job [-3]
2023/11/28 16:53:16 worker [2] kill
2023/11/28 16:53:16 worker [0] attempt times [10]
2023/11/28 16:53:16 worker [0] request job
2023/11/28 16:53:16 [Coordinator] get a request from worker [0]
2023/11/28 16:53:16 worker [0] get job [-3]
2023/11/28 16:53:16 worker [0] kill
--- early exit test: PASS
*** Starting crash test.
2023/11/28 16:53:17 making map job [{0 0 0 <nil> 10 [../pg-being_ernest.txt]}]
2023/11/28 16:53:17 making map job [{1 0 0 <nil> 10 [../pg-dorian_gray.txt]}]
2023/11/28 16:53:17 making map job [{2 0 0 <nil> 10 [../pg-frankenstein.txt]}]
2023/11/28 16:53:17 making map job [{3 0 0 <nil> 10 [../pg-grimm.txt]}]
2023/11/28 16:53:17 making map job [{4 0 0 <nil> 10 [../pg-huckleberry_finn.txt]}]
2023/11/28 16:53:17 making map job [{5 0 0 <nil> 10 [../pg-metamorphosis.txt]}]
2023/11/28 16:53:17 making map job [{6 0 0 <nil> 10 [../pg-sherlock_holmes.txt]}]
2023/11/28 16:53:17 making map job [{7 0 0 <nil> 10 [../pg-tom_sawyer.txt]}]
2023/11/28 16:53:17 done making map jobs
2023/11/28 16:53:18 worker send register request
2023/11/28 16:53:18 worker [0] success register
2023/11/28 16:53:18 worker [0] attempt times [0]
2023/11/28 16:53:18 worker [0] request job
2023/11/28 16:53:18 [Coordinator] get a request from worker [0]
2023/11/28 16:53:18 worker [0] get job [0]
2023/11/28 16:53:18 worker [0] do map job [0]
2023/11/28 16:53:18 [Coordinator] worker [0] finish job [0]
2023/11/28 16:53:18 worker [0] attempt times [1]
2023/11/28 16:53:18 worker [0] request job
2023/11/28 16:53:18 [Coordinator] get a request from worker [0]
2023/11/28 16:53:18 worker [0] get job [1]
2023/11/28 16:53:18 worker [0] do map job [1]
2023/11/28 16:53:18 worker send register request
2023/11/28 16:53:18 worker send register request
2023/11/28 16:53:18 worker send register request
2023/11/28 16:53:18 worker [1] success register
2023/11/28 16:53:18 worker [1] attempt times [0]
2023/11/28 16:53:18 worker [1] request job
2023/11/28 16:53:18 worker [2] success register
2023/11/28 16:53:18 worker [2] attempt times [0]
2023/11/28 16:53:18 worker [2] request job
2023/11/28 16:53:18 [Coordinator] get a request from worker [1]
2023/11/28 16:53:18 worker [3] success register
2023/11/28 16:53:18 worker [3] attempt times [0]
2023/11/28 16:53:18 worker [3] request job
2023/11/28 16:53:18 worker [1] get job [2]
2023/11/28 16:53:18 worker [1] do map job [2]
2023/11/28 16:53:18 [Coordinator] get a request from worker [2]
2023/11/28 16:53:18 worker [2] get job [3]
2023/11/28 16:53:18 worker [2] do map job [3]
2023/11/28 16:53:18 [Coordinator] get a request from worker [3]
2023/11/28 16:53:18 worker [3] get job [4]
2023/11/28 16:53:18 worker [3] do map job [4]
2023/11/28 16:53:18 [Coordinator] worker [3] finish job [4]
2023/11/28 16:53:18 worker [3] attempt times [1]
2023/11/28 16:53:18 worker [3] request job
2023/11/28 16:53:18 [Coordinator] get a request from worker [3]
2023/11/28 16:53:18 worker [3] get job [5]
2023/11/28 16:53:18 worker [3] do map job [5]
2023/11/28 16:53:19 worker send register request
2023/11/28 16:53:19 worker send register request
2023/11/28 16:53:19 worker [4] success register
2023/11/28 16:53:19 worker [4] attempt times [0]
2023/11/28 16:53:19 worker [4] request job
2023/11/28 16:53:19 worker [5] success register
2023/11/28 16:53:19 worker [5] attempt times [0]
2023/11/28 16:53:19 worker [5] request job
2023/11/28 16:53:19 [Coordinator] get a request from worker [5]
2023/11/28 16:53:19 [Coordinator] get a request from worker [4]
2023/11/28 16:53:19 worker [5] get job [6]
2023/11/28 16:53:19 worker [5] do map job [6]
2023/11/28 16:53:19 worker [4] get job [7]
2023/11/28 16:53:19 worker [4] do map job [7]
2023/11/28 16:53:20 [Coordinator] worker [1] finish job [2]
2023/11/28 16:53:20 worker [1] attempt times [1]
2023/11/28 16:53:20 worker [1] request job
2023/11/28 16:53:20 [Coordinator] get a request from worker [1]
2023/11/28 16:53:20 [3 / 8] map jobs are done, [0 / 0] reduce jobs are done
2023/11/28 16:53:20 worker [1] get job [-1]
2023/11/28 16:53:20 worker [1] waiting
2023/11/28 16:53:20 worker send register request
2023/11/28 16:53:20 worker [6] success register
2023/11/28 16:53:20 worker [6] attempt times [0]
2023/11/28 16:53:20 worker [6] request job
2023/11/28 16:53:20 [Coordinator] get a request from worker [6]
2023/11/28 16:53:20 [3 / 8] map jobs are done, [0 / 0] reduce jobs are done
2023/11/28 16:53:20 worker [6] get job [-1]
2023/11/28 16:53:20 worker [6] waiting
2023/11/28 16:53:21 worker [1] attempt times [2]
2023/11/28 16:53:21 worker [1] request job
2023/11/28 16:53:21 [Coordinator] get a request from worker [1]
2023/11/28 16:53:21 [3 / 8] map jobs are done, [0 / 0] reduce jobs are done
2023/11/28 16:53:21 worker [1] get job [-1]
2023/11/28 16:53:21 worker [1] waiting
2023/11/28 16:53:21 worker [6] attempt times [1]
2023/11/28 16:53:21 worker [6] request job
2023/11/28 16:53:21 [Coordinator] get a request from worker [6]
2023/11/28 16:53:21 [3 / 8] map jobs are done, [0 / 0] reduce jobs are done
2023/11/28 16:53:21 worker [6] get job [-1]
2023/11/28 16:53:21 worker [6] waiting
2023/11/28 16:53:22 worker [1] attempt times [3]
2023/11/28 16:53:22 worker [1] request job
2023/11/28 16:53:22 [Coordinator] get a request from worker [1]
2023/11/28 16:53:22 [3 / 8] map jobs are done, [0 / 0] reduce jobs are done
2023/11/28 16:53:22 worker [1] get job [-1]
2023/11/28 16:53:22 worker [1] waiting
2023/11/28 16:53:22 time 3.985035174s
2023/11/28 16:53:22 job [3] delete worker [2]
2023/11/28 16:53:22 job [3] enter MapJobChan
2023/11/28 16:53:22 time 3.984644007s
2023/11/28 16:53:22 job [5] delete worker [3]
2023/11/28 16:53:22 job [5] enter MapJobChan
2023/11/28 16:53:22 worker [6] attempt times [2]
2023/11/28 16:53:22 worker [6] request job
2023/11/28 16:53:22 [Coordinator] get a request from worker [6]
2023/11/28 16:53:22 worker [6] get job [3]
2023/11/28 16:53:22 worker [6] do map job [3]
2023/11/28 16:53:22 [Coordinator] worker [6] finish job [3]
2023/11/28 16:53:22 worker [6] attempt times [3]
2023/11/28 16:53:22 worker [6] request job
2023/11/28 16:53:22 [Coordinator] get a request from worker [6]
2023/11/28 16:53:22 worker [6] get job [5]
2023/11/28 16:53:22 worker [6] do map job [5]
2023/11/28 16:53:23 worker [1] attempt times [4]
2023/11/28 16:53:23 worker [1] request job
2023/11/28 16:53:23 [Coordinator] get a request from worker [1]
2023/11/28 16:53:23 [4 / 8] map jobs are done, [0 / 0] reduce jobs are done
2023/11/28 16:53:23 worker [1] get job [-1]
2023/11/28 16:53:23 worker [1] waiting
2023/11/28 16:53:23 time 3.970458001s
2023/11/28 16:53:23 job [6] delete worker [5]
2023/11/28 16:53:23 job [6] enter MapJobChan
2023/11/28 16:53:24 [Coordinator] worker [6] finish job [5]
2023/11/28 16:53:24 worker [6] attempt times [4]
2023/11/28 16:53:24 worker [6] request job
2023/11/28 16:53:24 [Coordinator] get a request from worker [6]
2023/11/28 16:53:24 worker [6] get job [6]
2023/11/28 16:53:24 worker [6] do map job [6]
2023/11/28 16:53:24 [Coordinator] worker [0] finish job [1]
2023/11/28 16:53:24 worker [0] attempt times [2]
2023/11/28 16:53:24 worker [0] request job
2023/11/28 16:53:24 [Coordinator] get a request from worker [0]
2023/11/28 16:53:24 [6 / 8] map jobs are done, [0 / 0] reduce jobs are done
2023/11/28 16:53:24 worker [0] get job [-1]
2023/11/28 16:53:24 worker [0] waiting
2023/11/28 16:53:24 worker [1] attempt times [5]
2023/11/28 16:53:24 worker [1] request job
2023/11/28 16:53:24 [Coordinator] get a request from worker [1]
2023/11/28 16:53:24 [6 / 8] map jobs are done, [0 / 0] reduce jobs are done
2023/11/28 16:53:24 worker [1] get job [-1]
2023/11/28 16:53:24 worker [1] waiting
2023/11/28 16:53:25 worker [0] attempt times [3]
2023/11/28 16:53:25 worker [0] request job
2023/11/28 16:53:25 [Coordinator] get a request from worker [0]
2023/11/28 16:53:25 [6 / 8] map jobs are done, [0 / 0] reduce jobs are done
2023/11/28 16:53:25 worker [0] get job [-1]
2023/11/28 16:53:25 worker [0] waiting
2023/11/28 16:53:25 worker [1] attempt times [6]
2023/11/28 16:53:25 worker [1] request job
2023/11/28 16:53:25 [Coordinator] get a request from worker [1]
2023/11/28 16:53:25 [6 / 8] map jobs are done, [0 / 0] reduce jobs are done
2023/11/28 16:53:25 worker [1] get job [-1]
2023/11/28 16:53:25 worker [1] waiting
2023/11/28 16:53:26 worker [0] attempt times [4]
2023/11/28 16:53:26 worker [0] request job
2023/11/28 16:53:26 [Coordinator] get a request from worker [0]
2023/11/28 16:53:26 [6 / 8] map jobs are done, [0 / 0] reduce jobs are done
2023/11/28 16:53:26 worker [0] get job [-1]
2023/11/28 16:53:26 worker [0] waiting
2023/11/28 16:53:26 worker [1] attempt times [7]
2023/11/28 16:53:26 worker [1] request job
2023/11/28 16:53:26 [Coordinator] get a request from worker [1]
2023/11/28 16:53:26 [6 / 8] map jobs are done, [0 / 0] reduce jobs are done
2023/11/28 16:53:26 worker [1] get job [-1]
2023/11/28 16:53:26 worker [1] waiting
2023/11/28 16:53:27 worker [0] attempt times [5]
2023/11/28 16:53:27 worker [0] request job
2023/11/28 16:53:27 [Coordinator] get a request from worker [0]
2023/11/28 16:53:27 [6 / 8] map jobs are done, [0 / 0] reduce jobs are done
2023/11/28 16:53:27 worker [0] get job [-1]
2023/11/28 16:53:27 worker [0] waiting
2023/11/28 16:53:27 worker [1] attempt times [8]
2023/11/28 16:53:27 worker [1] request job
2023/11/28 16:53:27 [Coordinator] get a request from worker [1]
2023/11/28 16:53:27 [6 / 8] map jobs are done, [0 / 0] reduce jobs are done
2023/11/28 16:53:27 worker [1] get job [-1]
2023/11/28 16:53:27 worker [1] waiting
2023/11/28 16:53:27 [Coordinator] worker [6] finish job [6]
2023/11/28 16:53:27 worker [6] attempt times [5]
2023/11/28 16:53:27 worker [6] request job
2023/11/28 16:53:27 [Coordinator] get a request from worker [6]
2023/11/28 16:53:27 [7 / 8] map jobs are done, [0 / 0] reduce jobs are done
2023/11/28 16:53:27 worker [6] get job [-1]
2023/11/28 16:53:27 worker [6] waiting
2023/11/28 16:53:28 worker [0] attempt times [6]
2023/11/28 16:53:28 worker [0] request job
2023/11/28 16:53:28 [Coordinator] get a request from worker [0]
2023/11/28 16:53:28 [7 / 8] map jobs are done, [0 / 0] reduce jobs are done
2023/11/28 16:53:28 worker [0] get job [-1]
2023/11/28 16:53:28 worker [0] waiting
2023/11/28 16:53:28 worker [1] attempt times [9]
2023/11/28 16:53:28 worker [1] request job
2023/11/28 16:53:28 [Coordinator] get a request from worker [1]
2023/11/28 16:53:28 [7 / 8] map jobs are done, [0 / 0] reduce jobs are done
2023/11/28 16:53:28 worker [1] get job [-1]
2023/11/28 16:53:28 worker [1] waiting
2023/11/28 16:53:28 worker [6] attempt times [6]
2023/11/28 16:53:28 worker [6] request job
2023/11/28 16:53:28 [Coordinator] get a request from worker [6]
2023/11/28 16:53:28 [7 / 8] map jobs are done, [0 / 0] reduce jobs are done
2023/11/28 16:53:28 worker [6] get job [-1]
2023/11/28 16:53:28 worker [6] waiting
2023/11/28 16:53:29 [Coordinator] worker [4] finish job [7]
2023/11/28 16:53:29 worker [4] attempt times [1]
2023/11/28 16:53:29 worker [4] request job
2023/11/28 16:53:29 [Coordinator] get a request from worker [4]
2023/11/28 16:53:29 [8 / 8] map jobs are done, [0 / 0] reduce jobs are done
2023/11/28 16:53:29 making reduce job = {8 1 0 <nil> 10 [mr-tmp-0-0 mr-tmp-1-0 mr-tmp-2-0 mr-tmp-3-0 mr-tmp-4-0 mr-tmp-5-0 mr-tmp-6-0 mr-tmp-7-0]}
2023/11/28 16:53:29 making reduce job = {9 1 0 <nil> 10 [mr-tmp-0-1 mr-tmp-1-1 mr-tmp-2-1 mr-tmp-3-1 mr-tmp-4-1 mr-tmp-5-1 mr-tmp-6-1 mr-tmp-7-1]}
2023/11/28 16:53:29 making reduce job = {10 1 0 <nil> 10 [mr-tmp-0-2 mr-tmp-1-2 mr-tmp-2-2 mr-tmp-3-2 mr-tmp-4-2 mr-tmp-5-2 mr-tmp-6-2 mr-tmp-7-2]}
2023/11/28 16:53:29 making reduce job = {11 1 0 <nil> 10 [mr-tmp-0-3 mr-tmp-1-3 mr-tmp-2-3 mr-tmp-3-3 mr-tmp-4-3 mr-tmp-5-3 mr-tmp-6-3 mr-tmp-7-3]}
2023/11/28 16:53:29 making reduce job = {12 1 0 <nil> 10 [mr-tmp-0-4 mr-tmp-1-4 mr-tmp-2-4 mr-tmp-3-4 mr-tmp-4-4 mr-tmp-5-4 mr-tmp-6-4 mr-tmp-7-4]}
2023/11/28 16:53:29 making reduce job = {13 1 0 <nil> 10 [mr-tmp-0-5 mr-tmp-1-5 mr-tmp-2-5 mr-tmp-3-5 mr-tmp-4-5 mr-tmp-5-5 mr-tmp-6-5 mr-tmp-7-5]}
2023/11/28 16:53:29 making reduce job = {14 1 0 <nil> 10 [mr-tmp-0-6 mr-tmp-1-6 mr-tmp-2-6 mr-tmp-3-6 mr-tmp-4-6 mr-tmp-5-6 mr-tmp-6-6 mr-tmp-7-6]}
2023/11/28 16:53:29 making reduce job = {15 1 0 <nil> 10 [mr-tmp-0-7 mr-tmp-1-7 mr-tmp-2-7 mr-tmp-3-7 mr-tmp-4-7 mr-tmp-5-7 mr-tmp-6-7 mr-tmp-7-7]}
2023/11/28 16:53:29 making reduce job = {16 1 0 <nil> 10 [mr-tmp-0-8 mr-tmp-1-8 mr-tmp-2-8 mr-tmp-3-8 mr-tmp-4-8 mr-tmp-5-8 mr-tmp-6-8 mr-tmp-7-8]}
2023/11/28 16:53:29 making reduce job = {17 1 0 <nil> 10 [mr-tmp-0-9 mr-tmp-1-9 mr-tmp-2-9 mr-tmp-3-9 mr-tmp-4-9 mr-tmp-5-9 mr-tmp-6-9 mr-tmp-7-9]}
2023/11/28 16:53:29 done making reduce jobs
2023/11/28 16:53:29 worker [4] get job [-1]
2023/11/28 16:53:29 worker [4] waiting
2023/11/28 16:53:29 worker [0] attempt times [7]
2023/11/28 16:53:29 worker [0] request job
2023/11/28 16:53:29 [Coordinator] get a request from worker [0]
2023/11/28 16:53:29 worker [0] get job [8]
2023/11/28 16:53:29 worker [0] do reduce job [8]
2023/11/28 16:53:29 worker [1] attempt times [10]
2023/11/28 16:53:29 worker [1] request job
2023/11/28 16:53:29 [Coordinator] get a request from worker [1]
2023/11/28 16:53:29 worker [1] get job [9]
2023/11/28 16:53:29 worker [1] do reduce job [9]
2023/11/28 16:53:29 [Coordinator] worker [1] finish job [9]
2023/11/28 16:53:29 worker [1] attempt times [11]
2023/11/28 16:53:29 worker [1] request job
2023/11/28 16:53:29 [Coordinator] get a request from worker [1]
2023/11/28 16:53:29 worker [1] get job [10]
2023/11/28 16:53:29 worker [1] do reduce job [10]
2023/11/28 16:53:29 [Coordinator] worker [1] finish job [10]
2023/11/28 16:53:29 worker [1] attempt times [12]
2023/11/28 16:53:29 worker [1] request job
2023/11/28 16:53:29 [Coordinator] get a request from worker [1]
2023/11/28 16:53:29 worker [1] get job [11]
2023/11/28 16:53:29 worker [1] do reduce job [11]
2023/11/28 16:53:29 [Coordinator] worker [1] finish job [11]
2023/11/28 16:53:29 worker [1] attempt times [13]
2023/11/28 16:53:29 worker [1] request job
2023/11/28 16:53:29 [Coordinator] get a request from worker [1]
2023/11/28 16:53:29 worker [1] get job [12]
2023/11/28 16:53:29 worker [1] do reduce job [12]
2023/11/28 16:53:29 [Coordinator] worker [1] finish job [12]
2023/11/28 16:53:29 worker [1] attempt times [14]
2023/11/28 16:53:29 worker [1] request job
2023/11/28 16:53:29 [Coordinator] get a request from worker [1]
2023/11/28 16:53:29 worker [1] get job [13]
2023/11/28 16:53:29 worker [1] do reduce job [13]
2023/11/28 16:53:29 worker [6] attempt times [7]
2023/11/28 16:53:29 worker [6] request job
2023/11/28 16:53:29 [Coordinator] get a request from worker [6]
2023/11/28 16:53:29 worker [6] get job [14]
2023/11/28 16:53:29 worker [6] do reduce job [14]
2023/11/28 16:53:29 [Coordinator] worker [6] finish job [14]
2023/11/28 16:53:29 worker [6] attempt times [8]
2023/11/28 16:53:29 worker [6] request job
2023/11/28 16:53:29 [Coordinator] get a request from worker [6]
2023/11/28 16:53:29 worker [6] get job [15]
2023/11/28 16:53:29 worker [6] do reduce job [15]
2023/11/28 16:53:29 [Coordinator] worker [6] finish job [15]
2023/11/28 16:53:29 worker [6] attempt times [9]
2023/11/28 16:53:29 worker [6] request job
2023/11/28 16:53:29 [Coordinator] get a request from worker [6]
2023/11/28 16:53:29 worker [6] get job [16]
2023/11/28 16:53:29 worker [6] do reduce job [16]
2023/11/28 16:53:29 [Coordinator] worker [6] finish job [16]
2023/11/28 16:53:29 worker [6] attempt times [10]
2023/11/28 16:53:29 worker [6] request job
2023/11/28 16:53:29 [Coordinator] get a request from worker [6]
2023/11/28 16:53:29 worker [6] get job [17]
2023/11/28 16:53:29 worker [6] do reduce job [17]
2023/11/28 16:53:29 [Coordinator] worker [6] finish job [17]
2023/11/28 16:53:29 worker [6] attempt times [11]
2023/11/28 16:53:29 worker [6] request job
2023/11/28 16:53:29 [Coordinator] get a request from worker [6]
2023/11/28 16:53:29 [8 / 8] map jobs are done, [8 / 10] reduce jobs are done
2023/11/28 16:53:29 worker [6] get job [-2]
2023/11/28 16:53:29 worker [6] waiting
2023/11/28 16:53:30 worker [4] attempt times [2]
2023/11/28 16:53:30 worker [4] request job
2023/11/28 16:53:30 [Coordinator] get a request from worker [4]
2023/11/28 16:53:30 [8 / 8] map jobs are done, [8 / 10] reduce jobs are done
2023/11/28 16:53:30 worker [4] get job [-2]
2023/11/28 16:53:30 worker [4] waiting
2023/11/28 16:53:30 [Coordinator] worker [0] finish job [8]
2023/11/28 16:53:30 worker [0] attempt times [8]
2023/11/28 16:53:30 worker [0] request job
2023/11/28 16:53:30 [Coordinator] get a request from worker [0]
2023/11/28 16:53:30 [8 / 8] map jobs are done, [9 / 10] reduce jobs are done
2023/11/28 16:53:30 worker [0] get job [-2]
2023/11/28 16:53:30 worker [0] waiting
2023/11/28 16:53:30 worker send register request
2023/11/28 16:53:30 worker [7] success register
2023/11/28 16:53:30 worker [7] attempt times [0]
2023/11/28 16:53:30 worker [7] request job
2023/11/28 16:53:30 [Coordinator] get a request from worker [7]
2023/11/28 16:53:30 [8 / 8] map jobs are done, [9 / 10] reduce jobs are done
2023/11/28 16:53:30 worker [7] get job [-2]
2023/11/28 16:53:30 worker [7] waiting
2023/11/28 16:53:30 worker [6] attempt times [12]
2023/11/28 16:53:30 worker [6] request job
2023/11/28 16:53:30 [Coordinator] get a request from worker [6]
2023/11/28 16:53:30 [8 / 8] map jobs are done, [9 / 10] reduce jobs are done
2023/11/28 16:53:30 worker [6] get job [-2]
2023/11/28 16:53:30 worker [6] waiting
2023/11/28 16:53:31 worker [4] attempt times [3]
2023/11/28 16:53:31 worker [4] request job
2023/11/28 16:53:31 [Coordinator] get a request from worker [4]
2023/11/28 16:53:31 [8 / 8] map jobs are done, [9 / 10] reduce jobs are done
2023/11/28 16:53:31 worker [4] get job [-2]
2023/11/28 16:53:31 worker [4] waiting
2023/11/28 16:53:31 worker [0] attempt times [9]
2023/11/28 16:53:31 worker [0] request job
2023/11/28 16:53:31 [Coordinator] get a request from worker [0]
2023/11/28 16:53:31 [8 / 8] map jobs are done, [9 / 10] reduce jobs are done
2023/11/28 16:53:31 worker [0] get job [-2]
2023/11/28 16:53:31 worker [0] waiting
2023/11/28 16:53:31 worker [7] attempt times [1]
2023/11/28 16:53:31 worker [7] request job
2023/11/28 16:53:31 [Coordinator] get a request from worker [7]
2023/11/28 16:53:31 [8 / 8] map jobs are done, [9 / 10] reduce jobs are done
2023/11/28 16:53:31 worker [7] get job [-2]
2023/11/28 16:53:31 worker [7] waiting
2023/11/28 16:53:31 worker [6] attempt times [13]
2023/11/28 16:53:31 worker [6] request job
2023/11/28 16:53:31 [Coordinator] get a request from worker [6]
2023/11/28 16:53:31 [8 / 8] map jobs are done, [9 / 10] reduce jobs are done
2023/11/28 16:53:31 worker [6] get job [-2]
2023/11/28 16:53:31 worker [6] waiting
2023/11/28 16:53:32 worker [4] attempt times [4]
2023/11/28 16:53:32 worker [4] request job
2023/11/28 16:53:32 [Coordinator] get a request from worker [4]
2023/11/28 16:53:32 [8 / 8] map jobs are done, [9 / 10] reduce jobs are done
2023/11/28 16:53:32 worker [4] get job [-2]
2023/11/28 16:53:32 worker [4] waiting
2023/11/28 16:53:32 worker [0] attempt times [10]
2023/11/28 16:53:32 worker [0] request job
2023/11/28 16:53:32 [Coordinator] get a request from worker [0]
2023/11/28 16:53:32 [8 / 8] map jobs are done, [9 / 10] reduce jobs are done
2023/11/28 16:53:32 worker [0] get job [-2]
2023/11/28 16:53:32 worker [0] waiting
2023/11/28 16:53:32 worker [7] attempt times [2]
2023/11/28 16:53:32 worker [7] request job
2023/11/28 16:53:32 [Coordinator] get a request from worker [7]
2023/11/28 16:53:32 [8 / 8] map jobs are done, [9 / 10] reduce jobs are done
2023/11/28 16:53:32 worker [7] get job [-2]
2023/11/28 16:53:32 worker [7] waiting
2023/11/28 16:53:32 time 3.977579061s
2023/11/28 16:53:32 job [13] delete worker [1]
2023/11/28 16:53:32 job [13] enter ReduceJobChan
2023/11/28 16:53:32 worker [6] attempt times [14]
2023/11/28 16:53:32 worker [6] request job
2023/11/28 16:53:32 [Coordinator] get a request from worker [6]
2023/11/28 16:53:32 worker [6] get job [13]
2023/11/28 16:53:32 worker [6] do reduce job [13]
2023/11/28 16:53:32 [Coordinator] worker [6] finish job [13]
2023/11/28 16:53:32 worker [6] attempt times [15]
2023/11/28 16:53:32 worker [6] request job
2023/11/28 16:53:32 [Coordinator] get a request from worker [6]
2023/11/28 16:53:32 [8 / 8] map jobs are done, [10 / 10] reduce jobs are done
2023/11/28 16:53:32 worker [6] get job [-2]
2023/11/28 16:53:32 worker [6] waiting
2023/11/28 16:53:33 worker [4] attempt times [5]
2023/11/28 16:53:33 worker [4] request job
2023/11/28 16:53:33 [Coordinator] get a request from worker [4]
2023/11/28 16:53:33 worker [4] get job [-3]
2023/11/28 16:53:33 worker [4] kill
2023/11/28 16:53:33 worker [0] attempt times [11]
2023/11/28 16:53:33 worker [0] request job
2023/11/28 16:53:33 [Coordinator] get a request from worker [0]
2023/11/28 16:53:33 worker [0] get job [-3]
2023/11/28 16:53:33 worker [0] kill
2023/11/28 16:53:33 worker [7] attempt times [3]
2023/11/28 16:53:33 worker [7] request job
2023/11/28 16:53:33 [Coordinator] get a request from worker [7]
2023/11/28 16:53:33 worker [7] get job [-3]
2023/11/28 16:53:33 worker [7] kill
2023/11/28 16:53:33 worker [6] attempt times [16]
2023/11/28 16:53:33 worker [6] request job
2023/11/28 16:53:33 [Coordinator] get a request from worker [6]
2023/11/28 16:53:33 worker [6] get job [-3]
2023/11/28 16:53:33 worker [6] kill
2023/11/28 16:53:34 worker send register request
2023/11/28 16:53:34 worker [8] success register
2023/11/28 16:53:34 worker [8] attempt times [0]
2023/11/28 16:53:34 worker [8] request job
2023/11/28 16:53:34 [Coordinator] get a request from worker [8]
2023/11/28 16:53:34 worker [8] get job [-3]
2023/11/28 16:53:34 worker [8] kill
2023/11/28 16:53:34 worker send register request
2023/11/28 16:53:34 worker [9] success register
2023/11/28 16:53:34 worker [9] attempt times [0]
2023/11/28 16:53:34 worker [9] request job
2023/11/28 16:53:34 [Coordinator] get a request from worker [9]
2023/11/28 16:53:34 worker [9] get job [-3]
2023/11/28 16:53:34 worker [9] kill
--- crash test: PASS
*** PASSED ALL TESTS
