*** Starting wc test.
2023/11/29 18:38:12 making map job [{0 0 0 <nil> 10 [../pg-being_ernest.txt]}]
2023/11/29 18:38:12 making map job [{1 0 0 <nil> 10 [../pg-dorian_gray.txt]}]
2023/11/29 18:38:12 making map job [{2 0 0 <nil> 10 [../pg-frankenstein.txt]}]
2023/11/29 18:38:12 making map job [{3 0 0 <nil> 10 [../pg-grimm.txt]}]
2023/11/29 18:38:12 making map job [{4 0 0 <nil> 10 [../pg-huckleberry_finn.txt]}]
2023/11/29 18:38:12 making map job [{5 0 0 <nil> 10 [../pg-metamorphosis.txt]}]
2023/11/29 18:38:12 making map job [{6 0 0 <nil> 10 [../pg-sherlock_holmes.txt]}]
2023/11/29 18:38:12 making map job [{7 0 0 <nil> 10 [../pg-tom_sawyer.txt]}]
2023/11/29 18:38:12 done making map jobs
2023/11/29 18:38:13 worker send register request
2023/11/29 18:38:13 worker send register request
2023/11/29 18:38:13 worker send register request
2023/11/29 18:38:13 worker [0] success register
2023/11/29 18:38:13 worker [0] attempt times [0]
2023/11/29 18:38:13 worker [0] request job
2023/11/29 18:38:13 worker [1] success register
2023/11/29 18:38:13 worker [1] attempt times [0]
2023/11/29 18:38:13 worker [1] request job
2023/11/29 18:38:13 [Coordinator] get a request from worker [0]
2023/11/29 18:38:13 [Coordinator] get a request from worker [1]
2023/11/29 18:38:13 worker [0] get job [0]
2023/11/29 18:38:13 worker [0] do map job [0]
2023/11/29 18:38:13 worker [2] success register
2023/11/29 18:38:13 worker [2] attempt times [0]
2023/11/29 18:38:13 worker [2] request job
2023/11/29 18:38:13 worker [1] get job [1]
2023/11/29 18:38:13 worker [1] do map job [1]
2023/11/29 18:38:13 [Coordinator] get a request from worker [2]
2023/11/29 18:38:13 worker [2] get job [2]
2023/11/29 18:38:13 worker [2] do map job [2]
2023/11/29 18:38:13 [Coordinator] worker [0] finish job [0]
2023/11/29 18:38:13 worker [0] attempt times [1]
2023/11/29 18:38:13 worker [0] request job
2023/11/29 18:38:13 [Coordinator] get a request from worker [0]
2023/11/29 18:38:13 worker [0] get job [3]
2023/11/29 18:38:13 worker [0] do map job [3]
2023/11/29 18:38:14 [Coordinator] worker [2] finish job [2]
2023/11/29 18:38:14 worker [2] attempt times [1]
2023/11/29 18:38:14 worker [2] request job
2023/11/29 18:38:14 [Coordinator] get a request from worker [2]
2023/11/29 18:38:14 worker [2] get job [4]
2023/11/29 18:38:14 worker [2] do map job [4]
2023/11/29 18:38:14 [Coordinator] worker [1] finish job [1]
2023/11/29 18:38:14 worker [1] attempt times [1]
2023/11/29 18:38:14 worker [1] request job
2023/11/29 18:38:14 [Coordinator] get a request from worker [1]
2023/11/29 18:38:14 worker [1] get job [5]
2023/11/29 18:38:14 worker [1] do map job [5]
2023/11/29 18:38:14 [Coordinator] worker [1] finish job [5]
2023/11/29 18:38:14 worker [1] attempt times [2]
2023/11/29 18:38:14 worker [1] request job
2023/11/29 18:38:14 [Coordinator] get a request from worker [1]
2023/11/29 18:38:14 worker [1] get job [6]
2023/11/29 18:38:14 worker [1] do map job [6]
2023/11/29 18:38:14 [Coordinator] worker [0] finish job [3]
2023/11/29 18:38:14 worker [0] attempt times [2]
2023/11/29 18:38:14 worker [0] request job
2023/11/29 18:38:14 [Coordinator] get a request from worker [0]
2023/11/29 18:38:14 worker [0] get job [7]
2023/11/29 18:38:14 worker [0] do map job [7]
2023/11/29 18:38:14 [Coordinator] worker [2] finish job [4]
2023/11/29 18:38:14 worker [2] attempt times [2]
2023/11/29 18:38:14 worker [2] request job
2023/11/29 18:38:14 [Coordinator] get a request from worker [2]
2023/11/29 18:38:14 [6 / 8] map jobs are done, [0 / 0] reduce jobs are done
2023/11/29 18:38:14 worker [2] get job [-1]
2023/11/29 18:38:14 worker [2] waiting
2023/11/29 18:38:15 [Coordinator] worker [0] finish job [7]
2023/11/29 18:38:15 worker [0] attempt times [3]
2023/11/29 18:38:15 worker [0] request job
2023/11/29 18:38:15 [Coordinator] get a request from worker [0]
2023/11/29 18:38:15 [7 / 8] map jobs are done, [0 / 0] reduce jobs are done
2023/11/29 18:38:15 worker [0] get job [-1]
2023/11/29 18:38:15 worker [0] waiting
2023/11/29 18:38:15 [Coordinator] worker [1] finish job [6]
2023/11/29 18:38:15 worker [1] attempt times [3]
2023/11/29 18:38:15 worker [1] request job
2023/11/29 18:38:15 [Coordinator] get a request from worker [1]
2023/11/29 18:38:15 [8 / 8] map jobs are done, [0 / 0] reduce jobs are done
2023/11/29 18:38:15 making reduce job = {8 1 0 <nil> 10 [mr-tmp-0-0 mr-tmp-1-0 mr-tmp-2-0 mr-tmp-3-0 mr-tmp-4-0 mr-tmp-5-0 mr-tmp-6-0 mr-tmp-7-0]}
2023/11/29 18:38:15 making reduce job = {9 1 0 <nil> 10 [mr-tmp-0-1 mr-tmp-1-1 mr-tmp-2-1 mr-tmp-3-1 mr-tmp-4-1 mr-tmp-5-1 mr-tmp-6-1 mr-tmp-7-1]}
2023/11/29 18:38:15 making reduce job = {10 1 0 <nil> 10 [mr-tmp-0-2 mr-tmp-1-2 mr-tmp-2-2 mr-tmp-3-2 mr-tmp-4-2 mr-tmp-5-2 mr-tmp-6-2 mr-tmp-7-2]}
2023/11/29 18:38:15 making reduce job = {11 1 0 <nil> 10 [mr-tmp-0-3 mr-tmp-1-3 mr-tmp-2-3 mr-tmp-3-3 mr-tmp-4-3 mr-tmp-5-3 mr-tmp-6-3 mr-tmp-7-3]}
2023/11/29 18:38:15 making reduce job = {12 1 0 <nil> 10 [mr-tmp-0-4 mr-tmp-1-4 mr-tmp-2-4 mr-tmp-3-4 mr-tmp-4-4 mr-tmp-5-4 mr-tmp-6-4 mr-tmp-7-4]}
2023/11/29 18:38:15 making reduce job = {13 1 0 <nil> 10 [mr-tmp-0-5 mr-tmp-1-5 mr-tmp-2-5 mr-tmp-3-5 mr-tmp-4-5 mr-tmp-5-5 mr-tmp-6-5 mr-tmp-7-5]}
2023/11/29 18:38:15 making reduce job = {14 1 0 <nil> 10 [mr-tmp-0-6 mr-tmp-1-6 mr-tmp-2-6 mr-tmp-3-6 mr-tmp-4-6 mr-tmp-5-6 mr-tmp-6-6 mr-tmp-7-6]}
2023/11/29 18:38:15 making reduce job = {15 1 0 <nil> 10 [mr-tmp-0-7 mr-tmp-1-7 mr-tmp-2-7 mr-tmp-3-7 mr-tmp-4-7 mr-tmp-5-7 mr-tmp-6-7 mr-tmp-7-7]}
2023/11/29 18:38:15 making reduce job = {16 1 0 <nil> 10 [mr-tmp-0-8 mr-tmp-1-8 mr-tmp-2-8 mr-tmp-3-8 mr-tmp-4-8 mr-tmp-5-8 mr-tmp-6-8 mr-tmp-7-8]}
2023/11/29 18:38:15 making reduce job = {17 1 0 <nil> 10 [mr-tmp-0-9 mr-tmp-1-9 mr-tmp-2-9 mr-tmp-3-9 mr-tmp-4-9 mr-tmp-5-9 mr-tmp-6-9 mr-tmp-7-9]}
2023/11/29 18:38:15 done making reduce jobs
2023/11/29 18:38:15 worker [1] get job [-1]
2023/11/29 18:38:15 worker [1] waiting
2023/11/29 18:38:15 worker [2] attempt times [3]
2023/11/29 18:38:15 worker [2] request job
2023/11/29 18:38:15 [Coordinator] get a request from worker [2]
2023/11/29 18:38:15 worker [2] get job [8]
2023/11/29 18:38:15 worker [2] do reduce job [8]
2023/11/29 18:38:16 worker [0] attempt times [4]
2023/11/29 18:38:16 worker [0] request job
2023/11/29 18:38:16 [Coordinator] get a request from worker [0]
2023/11/29 18:38:16 worker [0] get job [9]
2023/11/29 18:38:16 worker [0] do reduce job [9]
2023/11/29 18:38:16 [Coordinator] worker [2] finish job [8]
2023/11/29 18:38:16 worker [2] attempt times [4]
2023/11/29 18:38:16 worker [2] request job
2023/11/29 18:38:16 [Coordinator] get a request from worker [2]
2023/11/29 18:38:16 worker [2] get job [10]
2023/11/29 18:38:16 worker [2] do reduce job [10]
2023/11/29 18:38:16 [Coordinator] worker [0] finish job [9]
2023/11/29 18:38:16 worker [0] attempt times [5]
2023/11/29 18:38:16 worker [0] request job
2023/11/29 18:38:16 [Coordinator] get a request from worker [0]
2023/11/29 18:38:16 worker [0] get job [11]
2023/11/29 18:38:16 worker [0] do reduce job [11]
2023/11/29 18:38:16 worker [1] attempt times [4]
2023/11/29 18:38:16 worker [1] request job
2023/11/29 18:38:16 [Coordinator] get a request from worker [1]
2023/11/29 18:38:16 worker [1] get job [12]
2023/11/29 18:38:16 worker [1] do reduce job [12]
2023/11/29 18:38:16 [Coordinator] worker [0] finish job [11]
2023/11/29 18:38:16 worker [0] attempt times [6]
2023/11/29 18:38:16 worker [0] request job
2023/11/29 18:38:16 [Coordinator] get a request from worker [0]
2023/11/29 18:38:16 worker [0] get job [13]
2023/11/29 18:38:16 worker [0] do reduce job [13]
2023/11/29 18:38:16 [Coordinator] worker [2] finish job [10]
2023/11/29 18:38:16 worker [2] attempt times [5]
2023/11/29 18:38:16 worker [2] request job
2023/11/29 18:38:16 [Coordinator] get a request from worker [2]
2023/11/29 18:38:16 worker [2] get job [14]
2023/11/29 18:38:16 worker [2] do reduce job [14]
2023/11/29 18:38:16 [Coordinator] worker [1] finish job [12]
2023/11/29 18:38:16 worker [1] attempt times [5]
2023/11/29 18:38:16 worker [1] request job
2023/11/29 18:38:16 [Coordinator] get a request from worker [1]
2023/11/29 18:38:16 worker [1] get job [15]
2023/11/29 18:38:16 worker [1] do reduce job [15]
2023/11/29 18:38:16 [Coordinator] worker [0] finish job [13]
2023/11/29 18:38:16 worker [0] attempt times [7]
2023/11/29 18:38:16 worker [0] request job
2023/11/29 18:38:16 [Coordinator] get a request from worker [0]
2023/11/29 18:38:16 worker [0] get job [16]
2023/11/29 18:38:16 worker [0] do reduce job [16]
2023/11/29 18:38:16 [Coordinator] worker [1] finish job [15]
2023/11/29 18:38:16 worker [1] attempt times [6]
2023/11/29 18:38:16 worker [1] request job
2023/11/29 18:38:16 [Coordinator] get a request from worker [1]
2023/11/29 18:38:16 worker [1] get job [17]
2023/11/29 18:38:16 worker [1] do reduce job [17]
2023/11/29 18:38:16 [Coordinator] worker [0] finish job [16]
2023/11/29 18:38:16 worker [0] attempt times [8]
2023/11/29 18:38:16 worker [0] request job
2023/11/29 18:38:16 [Coordinator] get a request from worker [0]
2023/11/29 18:38:16 [8 / 8] map jobs are done, [8 / 10] reduce jobs are done
2023/11/29 18:38:16 worker [0] get job [-2]
2023/11/29 18:38:16 worker [0] waiting
2023/11/29 18:38:16 [Coordinator] worker [2] finish job [14]
2023/11/29 18:38:16 worker [2] attempt times [6]
2023/11/29 18:38:16 worker [2] request job
2023/11/29 18:38:16 [Coordinator] get a request from worker [2]
2023/11/29 18:38:16 [8 / 8] map jobs are done, [9 / 10] reduce jobs are done
2023/11/29 18:38:16 worker [2] get job [-2]
2023/11/29 18:38:16 worker [2] waiting
2023/11/29 18:38:16 [Coordinator] worker [1] finish job [17]
2023/11/29 18:38:16 worker [1] attempt times [7]
2023/11/29 18:38:16 worker [1] request job
2023/11/29 18:38:16 [Coordinator] get a request from worker [1]
2023/11/29 18:38:16 [8 / 8] map jobs are done, [10 / 10] reduce jobs are done
2023/11/29 18:38:16 worker [1] get job [-2]
2023/11/29 18:38:16 worker [1] waiting
2023/11/29 18:38:17 worker [0] attempt times [9]
2023/11/29 18:38:17 worker [0] request job
2023/11/29 18:38:17 [Coordinator] get a request from worker [0]
2023/11/29 18:38:17 worker [0] get job [-3]
2023/11/29 18:38:17 worker [0] kill
2023/11/29 18:38:17 worker [2] attempt times [7]
2023/11/29 18:38:17 worker [2] request job
2023/11/29 18:38:17 [Coordinator] get a request from worker [2]
2023/11/29 18:38:17 worker [2] get job [-3]
2023/11/29 18:38:17 worker [2] kill
2023/11/29 18:38:17 worker [1] attempt times [8]
2023/11/29 18:38:17 worker [1] request job
2023/11/29 18:38:17 [Coordinator] get a request from worker [1]
2023/11/29 18:38:17 worker [1] get job [-3]
2023/11/29 18:38:17 worker [1] kill
--- wc test: PASS
*** Starting indexer test.
2023/11/29 18:38:18 making map job [{0 0 0 <nil> 10 [../pg-being_ernest.txt]}]
2023/11/29 18:38:18 making map job [{1 0 0 <nil> 10 [../pg-dorian_gray.txt]}]
2023/11/29 18:38:18 making map job [{2 0 0 <nil> 10 [../pg-frankenstein.txt]}]
2023/11/29 18:38:18 making map job [{3 0 0 <nil> 10 [../pg-grimm.txt]}]
2023/11/29 18:38:18 making map job [{4 0 0 <nil> 10 [../pg-huckleberry_finn.txt]}]
2023/11/29 18:38:18 making map job [{5 0 0 <nil> 10 [../pg-metamorphosis.txt]}]
2023/11/29 18:38:18 making map job [{6 0 0 <nil> 10 [../pg-sherlock_holmes.txt]}]
2023/11/29 18:38:18 making map job [{7 0 0 <nil> 10 [../pg-tom_sawyer.txt]}]
2023/11/29 18:38:18 done making map jobs
2023/11/29 18:38:19 worker send register request
2023/11/29 18:38:19 worker send register request
2023/11/29 18:38:19 worker [0] success register
2023/11/29 18:38:19 worker [1] success register
2023/11/29 18:38:19 worker [0] attempt times [0]
2023/11/29 18:38:19 worker [0] request job
2023/11/29 18:38:19 worker [1] attempt times [0]
2023/11/29 18:38:19 worker [1] request job
2023/11/29 18:38:19 [Coordinator] get a request from worker [0]
2023/11/29 18:38:19 [Coordinator] get a request from worker [1]
2023/11/29 18:38:19 worker [1] get job [1]
2023/11/29 18:38:19 worker [1] do map job [1]
2023/11/29 18:38:19 worker [0] get job [0]
2023/11/29 18:38:19 worker [0] do map job [0]
2023/11/29 18:38:19 [Coordinator] worker [0] finish job [0]
2023/11/29 18:38:19 worker [0] attempt times [1]
2023/11/29 18:38:19 worker [0] request job
2023/11/29 18:38:19 [Coordinator] get a request from worker [0]
2023/11/29 18:38:19 worker [0] get job [2]
2023/11/29 18:38:19 worker [0] do map job [2]
2023/11/29 18:38:19 [Coordinator] worker [1] finish job [1]
2023/11/29 18:38:19 worker [1] attempt times [1]
2023/11/29 18:38:19 worker [1] request job
2023/11/29 18:38:19 [Coordinator] get a request from worker [1]
2023/11/29 18:38:19 worker [1] get job [3]
2023/11/29 18:38:19 worker [1] do map job [3]
2023/11/29 18:38:19 [Coordinator] worker [0] finish job [2]
2023/11/29 18:38:19 worker [0] attempt times [2]
2023/11/29 18:38:19 worker [0] request job
2023/11/29 18:38:19 [Coordinator] get a request from worker [0]
2023/11/29 18:38:19 worker [0] get job [4]
2023/11/29 18:38:19 worker [0] do map job [4]
2023/11/29 18:38:19 [Coordinator] worker [1] finish job [3]
2023/11/29 18:38:19 worker [1] attempt times [2]
2023/11/29 18:38:19 worker [1] request job
2023/11/29 18:38:19 [Coordinator] get a request from worker [1]
2023/11/29 18:38:19 worker [1] get job [5]
2023/11/29 18:38:19 worker [1] do map job [5]
2023/11/29 18:38:19 [Coordinator] worker [1] finish job [5]
2023/11/29 18:38:19 worker [1] attempt times [3]
2023/11/29 18:38:19 worker [1] request job
2023/11/29 18:38:19 [Coordinator] get a request from worker [1]
2023/11/29 18:38:19 worker [1] get job [6]
2023/11/29 18:38:19 worker [1] do map job [6]
2023/11/29 18:38:19 [Coordinator] worker [0] finish job [4]
2023/11/29 18:38:19 worker [0] attempt times [3]
2023/11/29 18:38:19 worker [0] request job
2023/11/29 18:38:19 [Coordinator] get a request from worker [0]
2023/11/29 18:38:19 worker [0] get job [7]
2023/11/29 18:38:19 worker [0] do map job [7]
2023/11/29 18:38:19 [Coordinator] worker [1] finish job [6]
2023/11/29 18:38:19 worker [1] attempt times [4]
2023/11/29 18:38:19 worker [1] request job
2023/11/29 18:38:19 [Coordinator] get a request from worker [1]
2023/11/29 18:38:19 [7 / 8] map jobs are done, [0 / 0] reduce jobs are done
2023/11/29 18:38:19 worker [1] get job [-1]
2023/11/29 18:38:19 worker [1] waiting
2023/11/29 18:38:19 [Coordinator] worker [0] finish job [7]
2023/11/29 18:38:19 worker [0] attempt times [4]
2023/11/29 18:38:19 worker [0] request job
2023/11/29 18:38:19 [Coordinator] get a request from worker [0]
2023/11/29 18:38:19 [8 / 8] map jobs are done, [0 / 0] reduce jobs are done
2023/11/29 18:38:19 making reduce job = {8 1 0 <nil> 10 [mr-tmp-0-0 mr-tmp-1-0 mr-tmp-2-0 mr-tmp-3-0 mr-tmp-4-0 mr-tmp-5-0 mr-tmp-6-0 mr-tmp-7-0]}
2023/11/29 18:38:19 making reduce job = {9 1 0 <nil> 10 [mr-tmp-0-1 mr-tmp-1-1 mr-tmp-2-1 mr-tmp-3-1 mr-tmp-4-1 mr-tmp-5-1 mr-tmp-6-1 mr-tmp-7-1]}
2023/11/29 18:38:19 making reduce job = {10 1 0 <nil> 10 [mr-tmp-0-2 mr-tmp-1-2 mr-tmp-2-2 mr-tmp-3-2 mr-tmp-4-2 mr-tmp-5-2 mr-tmp-6-2 mr-tmp-7-2]}
2023/11/29 18:38:19 making reduce job = {11 1 0 <nil> 10 [mr-tmp-0-3 mr-tmp-1-3 mr-tmp-2-3 mr-tmp-3-3 mr-tmp-4-3 mr-tmp-5-3 mr-tmp-6-3 mr-tmp-7-3]}
2023/11/29 18:38:19 making reduce job = {12 1 0 <nil> 10 [mr-tmp-0-4 mr-tmp-1-4 mr-tmp-2-4 mr-tmp-3-4 mr-tmp-4-4 mr-tmp-5-4 mr-tmp-6-4 mr-tmp-7-4]}
2023/11/29 18:38:19 making reduce job = {13 1 0 <nil> 10 [mr-tmp-0-5 mr-tmp-1-5 mr-tmp-2-5 mr-tmp-3-5 mr-tmp-4-5 mr-tmp-5-5 mr-tmp-6-5 mr-tmp-7-5]}
2023/11/29 18:38:19 making reduce job = {14 1 0 <nil> 10 [mr-tmp-0-6 mr-tmp-1-6 mr-tmp-2-6 mr-tmp-3-6 mr-tmp-4-6 mr-tmp-5-6 mr-tmp-6-6 mr-tmp-7-6]}
2023/11/29 18:38:19 making reduce job = {15 1 0 <nil> 10 [mr-tmp-0-7 mr-tmp-1-7 mr-tmp-2-7 mr-tmp-3-7 mr-tmp-4-7 mr-tmp-5-7 mr-tmp-6-7 mr-tmp-7-7]}
2023/11/29 18:38:19 making reduce job = {16 1 0 <nil> 10 [mr-tmp-0-8 mr-tmp-1-8 mr-tmp-2-8 mr-tmp-3-8 mr-tmp-4-8 mr-tmp-5-8 mr-tmp-6-8 mr-tmp-7-8]}
2023/11/29 18:38:19 making reduce job = {17 1 0 <nil> 10 [mr-tmp-0-9 mr-tmp-1-9 mr-tmp-2-9 mr-tmp-3-9 mr-tmp-4-9 mr-tmp-5-9 mr-tmp-6-9 mr-tmp-7-9]}
2023/11/29 18:38:19 done making reduce jobs
2023/11/29 18:38:19 worker [0] get job [-1]
2023/11/29 18:38:19 worker [0] waiting
2023/11/29 18:38:20 worker [1] attempt times [5]
2023/11/29 18:38:20 worker [1] request job
2023/11/29 18:38:20 [Coordinator] get a request from worker [1]
2023/11/29 18:38:20 worker [1] get job [8]
2023/11/29 18:38:20 worker [1] do reduce job [8]
2023/11/29 18:38:20 worker [0] attempt times [5]
2023/11/29 18:38:20 worker [0] request job
2023/11/29 18:38:20 [Coordinator] get a request from worker [0]
2023/11/29 18:38:20 worker [0] get job [9]
2023/11/29 18:38:20 worker [0] do reduce job [9]
2023/11/29 18:38:20 [Coordinator] worker [1] finish job [8]
2023/11/29 18:38:20 worker [1] attempt times [6]
2023/11/29 18:38:20 worker [1] request job
2023/11/29 18:38:20 [Coordinator] get a request from worker [1]
2023/11/29 18:38:20 worker [1] get job [10]
2023/11/29 18:38:20 worker [1] do reduce job [10]
2023/11/29 18:38:20 [Coordinator] worker [0] finish job [9]
2023/11/29 18:38:20 worker [0] attempt times [6]
2023/11/29 18:38:20 worker [0] request job
2023/11/29 18:38:20 [Coordinator] get a request from worker [0]
2023/11/29 18:38:20 worker [0] get job [11]
2023/11/29 18:38:20 worker [0] do reduce job [11]
2023/11/29 18:38:20 [Coordinator] worker [1] finish job [10]
2023/11/29 18:38:20 worker [1] attempt times [7]
2023/11/29 18:38:20 worker [1] request job
2023/11/29 18:38:20 [Coordinator] get a request from worker [1]
2023/11/29 18:38:20 worker [1] get job [12]
2023/11/29 18:38:20 worker [1] do reduce job [12]
2023/11/29 18:38:20 [Coordinator] worker [0] finish job [11]
2023/11/29 18:38:20 worker [0] attempt times [7]
2023/11/29 18:38:20 worker [0] request job
2023/11/29 18:38:20 [Coordinator] get a request from worker [0]
2023/11/29 18:38:20 worker [0] get job [13]
2023/11/29 18:38:20 worker [0] do reduce job [13]
2023/11/29 18:38:20 [Coordinator] worker [1] finish job [12]
2023/11/29 18:38:20 worker [1] attempt times [8]
2023/11/29 18:38:20 worker [1] request job
2023/11/29 18:38:20 [Coordinator] get a request from worker [1]
2023/11/29 18:38:20 worker [1] get job [14]
2023/11/29 18:38:20 worker [1] do reduce job [14]
2023/11/29 18:38:20 [Coordinator] worker [0] finish job [13]
2023/11/29 18:38:20 worker [0] attempt times [8]
2023/11/29 18:38:20 worker [0] request job
2023/11/29 18:38:20 [Coordinator] get a request from worker [0]
2023/11/29 18:38:20 worker [0] get job [15]
2023/11/29 18:38:20 worker [0] do reduce job [15]
2023/11/29 18:38:20 [Coordinator] worker [1] finish job [14]
2023/11/29 18:38:20 worker [1] attempt times [9]
2023/11/29 18:38:20 worker [1] request job
2023/11/29 18:38:20 [Coordinator] get a request from worker [1]
2023/11/29 18:38:20 worker [1] get job [16]
2023/11/29 18:38:20 worker [1] do reduce job [16]
2023/11/29 18:38:20 [Coordinator] worker [0] finish job [15]
2023/11/29 18:38:20 worker [0] attempt times [9]
2023/11/29 18:38:20 worker [0] request job
2023/11/29 18:38:20 [Coordinator] get a request from worker [0]
2023/11/29 18:38:20 worker [0] get job [17]
2023/11/29 18:38:20 worker [0] do reduce job [17]
2023/11/29 18:38:20 [Coordinator] worker [1] finish job [16]
2023/11/29 18:38:20 worker [1] attempt times [10]
2023/11/29 18:38:20 worker [1] request job
2023/11/29 18:38:20 [Coordinator] worker [0] finish job [17]
2023/11/29 18:38:20 [Coordinator] get a request from worker [1]
2023/11/29 18:38:20 [8 / 8] map jobs are done, [10 / 10] reduce jobs are done
2023/11/29 18:38:20 worker [0] attempt times [10]
2023/11/29 18:38:20 worker [0] request job
2023/11/29 18:38:20 worker [1] get job [-2]
2023/11/29 18:38:20 worker [1] waiting
2023/11/29 18:38:20 [Coordinator] get a request from worker [0]
2023/11/29 18:38:20 worker [0] get job [-3]
2023/11/29 18:38:20 worker [0] kill
2023/11/29 18:38:21 worker [1] attempt times [11]
2023/11/29 18:38:21 worker [1] request job
2023/11/29 18:38:21 [Coordinator] get a request from worker [1]
2023/11/29 18:38:21 worker [1] get job [-3]
2023/11/29 18:38:21 worker [1] kill
--- indexer test: PASS
*** Starting map parallelism test.
2023/11/29 18:38:22 making map job [{0 0 0 <nil> 10 [../pg-being_ernest.txt]}]
2023/11/29 18:38:22 making map job [{1 0 0 <nil> 10 [../pg-dorian_gray.txt]}]
2023/11/29 18:38:22 making map job [{2 0 0 <nil> 10 [../pg-frankenstein.txt]}]
2023/11/29 18:38:22 making map job [{3 0 0 <nil> 10 [../pg-grimm.txt]}]
2023/11/29 18:38:22 making map job [{4 0 0 <nil> 10 [../pg-huckleberry_finn.txt]}]
2023/11/29 18:38:22 making map job [{5 0 0 <nil> 10 [../pg-metamorphosis.txt]}]
2023/11/29 18:38:22 making map job [{6 0 0 <nil> 10 [../pg-sherlock_holmes.txt]}]
2023/11/29 18:38:22 making map job [{7 0 0 <nil> 10 [../pg-tom_sawyer.txt]}]
2023/11/29 18:38:22 done making map jobs
2023/11/29 18:38:23 worker send register request
2023/11/29 18:38:23 worker send register request
2023/11/29 18:38:23 worker [0] success register
2023/11/29 18:38:23 worker [0] attempt times [0]
2023/11/29 18:38:23 worker [0] request job
2023/11/29 18:38:23 [Coordinator] get a request from worker [0]
2023/11/29 18:38:23 worker [0] get job [0]
2023/11/29 18:38:23 worker [0] do map job [0]
2023/11/29 18:38:23 worker [1] success register
2023/11/29 18:38:23 worker [1] attempt times [0]
2023/11/29 18:38:23 worker [1] request job
2023/11/29 18:38:23 [Coordinator] get a request from worker [1]
2023/11/29 18:38:23 worker [1] get job [1]
2023/11/29 18:38:23 worker [1] do map job [1]
2023/11/29 18:38:24 [Coordinator] worker [0] finish job [0]
2023/11/29 18:38:24 worker [0] attempt times [1]
2023/11/29 18:38:24 worker [0] request job
2023/11/29 18:38:24 [Coordinator] get a request from worker [0]
2023/11/29 18:38:24 worker [0] get job [2]
2023/11/29 18:38:24 worker [0] do map job [2]
2023/11/29 18:38:24 [Coordinator] worker [1] finish job [1]
2023/11/29 18:38:24 worker [1] attempt times [1]
2023/11/29 18:38:24 worker [1] request job
2023/11/29 18:38:24 [Coordinator] get a request from worker [1]
2023/11/29 18:38:24 worker [1] get job [3]
2023/11/29 18:38:24 worker [1] do map job [3]
2023/11/29 18:38:25 [Coordinator] worker [1] finish job [3]
2023/11/29 18:38:25 [Coordinator] worker [0] finish job [2]
2023/11/29 18:38:25 worker [1] attempt times [2]
2023/11/29 18:38:25 worker [1] request job
2023/11/29 18:38:25 worker [0] attempt times [2]
2023/11/29 18:38:25 worker [0] request job
2023/11/29 18:38:25 [Coordinator] get a request from worker [1]
2023/11/29 18:38:25 [Coordinator] get a request from worker [0]
2023/11/29 18:38:25 worker [1] get job [4]
2023/11/29 18:38:25 worker [1] do map job [4]
2023/11/29 18:38:25 worker [0] get job [5]
2023/11/29 18:38:25 worker [0] do map job [5]
2023/11/29 18:38:26 [Coordinator] worker [0] finish job [5]
2023/11/29 18:38:26 worker [0] attempt times [3]
2023/11/29 18:38:26 worker [0] request job
2023/11/29 18:38:26 [Coordinator] worker [1] finish job [4]
2023/11/29 18:38:26 worker [1] attempt times [3]
2023/11/29 18:38:26 [Coordinator] get a request from worker [0]
2023/11/29 18:38:26 worker [1] request job
2023/11/29 18:38:26 worker [0] get job [6]
2023/11/29 18:38:26 worker [0] do map job [6]
2023/11/29 18:38:26 [Coordinator] get a request from worker [1]
2023/11/29 18:38:26 worker [1] get job [7]
2023/11/29 18:38:26 worker [1] do map job [7]
2023/11/29 18:38:27 [Coordinator] worker [1] finish job [7]
2023/11/29 18:38:27 worker [1] attempt times [4]
2023/11/29 18:38:27 worker [1] request job
2023/11/29 18:38:27 [Coordinator] get a request from worker [1]
2023/11/29 18:38:27 [7 / 8] map jobs are done, [0 / 0] reduce jobs are done
2023/11/29 18:38:27 worker [1] get job [-1]
2023/11/29 18:38:27 worker [1] waiting
2023/11/29 18:38:27 [Coordinator] worker [0] finish job [6]
2023/11/29 18:38:27 worker [0] attempt times [4]
2023/11/29 18:38:27 worker [0] request job
2023/11/29 18:38:27 [Coordinator] get a request from worker [0]
2023/11/29 18:38:27 [8 / 8] map jobs are done, [0 / 0] reduce jobs are done
2023/11/29 18:38:27 making reduce job = {8 1 0 <nil> 10 [mr-tmp-0-0 mr-tmp-1-0 mr-tmp-2-0 mr-tmp-3-0 mr-tmp-4-0 mr-tmp-5-0 mr-tmp-6-0 mr-tmp-7-0]}
2023/11/29 18:38:27 making reduce job = {9 1 0 <nil> 10 [mr-tmp-0-1 mr-tmp-1-1 mr-tmp-2-1 mr-tmp-3-1 mr-tmp-4-1 mr-tmp-5-1 mr-tmp-6-1 mr-tmp-7-1]}
2023/11/29 18:38:27 making reduce job = {10 1 0 <nil> 10 [mr-tmp-0-2 mr-tmp-1-2 mr-tmp-2-2 mr-tmp-3-2 mr-tmp-4-2 mr-tmp-5-2 mr-tmp-6-2 mr-tmp-7-2]}
2023/11/29 18:38:27 making reduce job = {11 1 0 <nil> 10 [mr-tmp-0-3 mr-tmp-1-3 mr-tmp-2-3 mr-tmp-3-3 mr-tmp-4-3 mr-tmp-5-3 mr-tmp-6-3 mr-tmp-7-3]}
2023/11/29 18:38:27 making reduce job = {12 1 0 <nil> 10 [mr-tmp-0-4 mr-tmp-1-4 mr-tmp-2-4 mr-tmp-3-4 mr-tmp-4-4 mr-tmp-5-4 mr-tmp-6-4 mr-tmp-7-4]}
2023/11/29 18:38:27 making reduce job = {13 1 0 <nil> 10 [mr-tmp-0-5 mr-tmp-1-5 mr-tmp-2-5 mr-tmp-3-5 mr-tmp-4-5 mr-tmp-5-5 mr-tmp-6-5 mr-tmp-7-5]}
2023/11/29 18:38:27 making reduce job = {14 1 0 <nil> 10 [mr-tmp-0-6 mr-tmp-1-6 mr-tmp-2-6 mr-tmp-3-6 mr-tmp-4-6 mr-tmp-5-6 mr-tmp-6-6 mr-tmp-7-6]}
2023/11/29 18:38:27 making reduce job = {15 1 0 <nil> 10 [mr-tmp-0-7 mr-tmp-1-7 mr-tmp-2-7 mr-tmp-3-7 mr-tmp-4-7 mr-tmp-5-7 mr-tmp-6-7 mr-tmp-7-7]}
2023/11/29 18:38:27 making reduce job = {16 1 0 <nil> 10 [mr-tmp-0-8 mr-tmp-1-8 mr-tmp-2-8 mr-tmp-3-8 mr-tmp-4-8 mr-tmp-5-8 mr-tmp-6-8 mr-tmp-7-8]}
2023/11/29 18:38:27 making reduce job = {17 1 0 <nil> 10 [mr-tmp-0-9 mr-tmp-1-9 mr-tmp-2-9 mr-tmp-3-9 mr-tmp-4-9 mr-tmp-5-9 mr-tmp-6-9 mr-tmp-7-9]}
2023/11/29 18:38:27 done making reduce jobs
2023/11/29 18:38:27 worker [0] get job [-1]
2023/11/29 18:38:27 worker [0] waiting
2023/11/29 18:38:28 worker [1] attempt times [5]
2023/11/29 18:38:28 worker [1] request job
2023/11/29 18:38:28 [Coordinator] get a request from worker [1]
2023/11/29 18:38:28 worker [1] get job [8]
2023/11/29 18:38:28 worker [1] do reduce job [8]
2023/11/29 18:38:28 [Coordinator] worker [1] finish job [8]
2023/11/29 18:38:28 worker [1] attempt times [6]
2023/11/29 18:38:28 worker [1] request job
2023/11/29 18:38:28 [Coordinator] get a request from worker [1]
2023/11/29 18:38:28 worker [1] get job [9]
2023/11/29 18:38:28 worker [1] do reduce job [9]
2023/11/29 18:38:28 [Coordinator] worker [1] finish job [9]
2023/11/29 18:38:28 worker [1] attempt times [7]
2023/11/29 18:38:28 worker [1] request job
2023/11/29 18:38:28 [Coordinator] get a request from worker [1]
2023/11/29 18:38:28 worker [1] get job [10]
2023/11/29 18:38:28 worker [1] do reduce job [10]
2023/11/29 18:38:28 [Coordinator] worker [1] finish job [10]
2023/11/29 18:38:28 worker [1] attempt times [8]
2023/11/29 18:38:28 worker [1] request job
2023/11/29 18:38:28 [Coordinator] get a request from worker [1]
2023/11/29 18:38:28 worker [1] get job [11]
2023/11/29 18:38:28 worker [1] do reduce job [11]
2023/11/29 18:38:28 [Coordinator] worker [1] finish job [11]
2023/11/29 18:38:28 worker [0] attempt times [5]
2023/11/29 18:38:28 worker [0] request job
2023/11/29 18:38:28 worker [1] attempt times [9]
2023/11/29 18:38:28 worker [1] request job
2023/11/29 18:38:28 [Coordinator] get a request from worker [1]
2023/11/29 18:38:28 [Coordinator] get a request from worker [0]
2023/11/29 18:38:28 worker [1] get job [12]
2023/11/29 18:38:28 worker [1] do reduce job [12]
2023/11/29 18:38:28 worker [0] get job [13]
2023/11/29 18:38:28 worker [0] do reduce job [13]
2023/11/29 18:38:28 [Coordinator] worker [1] finish job [12]
2023/11/29 18:38:28 worker [1] attempt times [10]
2023/11/29 18:38:28 [Coordinator] worker [0] finish job [13]
2023/11/29 18:38:28 worker [1] request job
2023/11/29 18:38:28 worker [0] attempt times [6]
2023/11/29 18:38:28 worker [0] request job
2023/11/29 18:38:28 [Coordinator] get a request from worker [1]
2023/11/29 18:38:28 worker [1] get job [14]
2023/11/29 18:38:28 worker [1] do reduce job [14]
2023/11/29 18:38:28 [Coordinator] get a request from worker [0]
2023/11/29 18:38:28 worker [0] get job [15]
2023/11/29 18:38:28 worker [0] do reduce job [15]
2023/11/29 18:38:28 [Coordinator] worker [1] finish job [14]
2023/11/29 18:38:28 worker [1] attempt times [11]
2023/11/29 18:38:28 worker [1] request job
2023/11/29 18:38:28 [Coordinator] worker [0] finish job [15]
2023/11/29 18:38:28 [Coordinator] get a request from worker [1]
2023/11/29 18:38:28 worker [0] attempt times [7]
2023/11/29 18:38:28 worker [0] request job
2023/11/29 18:38:28 worker [1] get job [16]
2023/11/29 18:38:28 worker [1] do reduce job [16]
2023/11/29 18:38:28 [Coordinator] get a request from worker [0]
2023/11/29 18:38:28 worker [0] get job [17]
2023/11/29 18:38:28 worker [0] do reduce job [17]
2023/11/29 18:38:28 [Coordinator] worker [1] finish job [16]
2023/11/29 18:38:28 worker [1] attempt times [12]
2023/11/29 18:38:28 worker [1] request job
2023/11/29 18:38:28 [Coordinator] worker [0] finish job [17]
2023/11/29 18:38:28 worker [0] attempt times [8]
2023/11/29 18:38:28 worker [0] request job
2023/11/29 18:38:28 [Coordinator] get a request from worker [1]
2023/11/29 18:38:28 [8 / 8] map jobs are done, [10 / 10] reduce jobs are done
2023/11/29 18:38:28 [Coordinator] get a request from worker [0]
2023/11/29 18:38:28 worker [1] get job [-2]
2023/11/29 18:38:28 worker [1] waiting
2023/11/29 18:38:28 worker [0] get job [-3]
2023/11/29 18:38:28 worker [0] kill
--- map parallelism test: PASS
2023/11/29 18:38:29 worker [1] attempt times [13]
2023/11/29 18:38:29 worker [1] request job
2023/11/29 18:38:29 [Coordinator] get a request from worker [1]
2023/11/29 18:38:29 worker [1] get job [-3]
2023/11/29 18:38:29 worker [1] kill
*** Starting reduce parallelism test.
2023/11/29 18:38:30 making map job [{0 0 0 <nil> 10 [../pg-being_ernest.txt]}]
2023/11/29 18:38:30 making map job [{1 0 0 <nil> 10 [../pg-dorian_gray.txt]}]
2023/11/29 18:38:30 making map job [{2 0 0 <nil> 10 [../pg-frankenstein.txt]}]
2023/11/29 18:38:30 making map job [{3 0 0 <nil> 10 [../pg-grimm.txt]}]
2023/11/29 18:38:30 making map job [{4 0 0 <nil> 10 [../pg-huckleberry_finn.txt]}]
2023/11/29 18:38:30 making map job [{5 0 0 <nil> 10 [../pg-metamorphosis.txt]}]
2023/11/29 18:38:30 making map job [{6 0 0 <nil> 10 [../pg-sherlock_holmes.txt]}]
2023/11/29 18:38:30 making map job [{7 0 0 <nil> 10 [../pg-tom_sawyer.txt]}]
2023/11/29 18:38:30 done making map jobs
2023/11/29 18:38:31 worker send register request
2023/11/29 18:38:31 worker send register request
2023/11/29 18:38:31 worker [0] success register
2023/11/29 18:38:31 worker [1] success register
2023/11/29 18:38:31 worker [0] attempt times [0]
2023/11/29 18:38:31 worker [1] attempt times [0]
2023/11/29 18:38:31 worker [0] request job
2023/11/29 18:38:31 worker [1] request job
2023/11/29 18:38:31 [Coordinator] get a request from worker [0]
2023/11/29 18:38:31 worker [0] get job [0]
2023/11/29 18:38:31 worker [0] do map job [0]
2023/11/29 18:38:31 [Coordinator] get a request from worker [1]
2023/11/29 18:38:31 worker [1] get job [1]
2023/11/29 18:38:31 worker [1] do map job [1]
2023/11/29 18:38:31 [Coordinator] worker [0] finish job [0]
2023/11/29 18:38:31 worker [0] attempt times [1]
2023/11/29 18:38:31 worker [0] request job
2023/11/29 18:38:31 [Coordinator] get a request from worker [0]
2023/11/29 18:38:31 worker [0] get job [2]
2023/11/29 18:38:31 worker [0] do map job [2]
2023/11/29 18:38:31 [Coordinator] worker [1] finish job [1]
2023/11/29 18:38:31 worker [1] attempt times [1]
2023/11/29 18:38:31 worker [1] request job
2023/11/29 18:38:31 [Coordinator] worker [0] finish job [2]
2023/11/29 18:38:31 [Coordinator] get a request from worker [1]
2023/11/29 18:38:31 worker [0] attempt times [2]
2023/11/29 18:38:31 worker [0] request job
2023/11/29 18:38:31 worker [1] get job [3]
2023/11/29 18:38:31 worker [1] do map job [3]
2023/11/29 18:38:31 [Coordinator] get a request from worker [0]
2023/11/29 18:38:31 worker [0] get job [4]
2023/11/29 18:38:31 worker [0] do map job [4]
2023/11/29 18:38:31 [Coordinator] worker [1] finish job [3]
2023/11/29 18:38:31 worker [1] attempt times [2]
2023/11/29 18:38:31 worker [1] request job
2023/11/29 18:38:31 [Coordinator] worker [0] finish job [4]
2023/11/29 18:38:31 [Coordinator] get a request from worker [1]
2023/11/29 18:38:31 worker [0] attempt times [3]
2023/11/29 18:38:31 worker [0] request job
2023/11/29 18:38:31 worker [1] get job [5]
2023/11/29 18:38:31 worker [1] do map job [5]
2023/11/29 18:38:31 [Coordinator] get a request from worker [0]
2023/11/29 18:38:31 worker [0] get job [6]
2023/11/29 18:38:31 worker [0] do map job [6]
2023/11/29 18:38:31 [Coordinator] worker [1] finish job [5]
2023/11/29 18:38:31 worker [1] attempt times [3]
2023/11/29 18:38:31 worker [1] request job
2023/11/29 18:38:31 [Coordinator] get a request from worker [1]
2023/11/29 18:38:31 worker [1] get job [7]
2023/11/29 18:38:31 worker [1] do map job [7]
2023/11/29 18:38:31 [Coordinator] worker [0] finish job [6]
2023/11/29 18:38:31 worker [0] attempt times [4]
2023/11/29 18:38:31 worker [0] request job
2023/11/29 18:38:31 [Coordinator] get a request from worker [0]
2023/11/29 18:38:31 [7 / 8] map jobs are done, [0 / 0] reduce jobs are done
2023/11/29 18:38:31 worker [0] get job [-1]
2023/11/29 18:38:31 worker [0] waiting
2023/11/29 18:38:31 [Coordinator] worker [1] finish job [7]
2023/11/29 18:38:31 worker [1] attempt times [4]
2023/11/29 18:38:31 worker [1] request job
2023/11/29 18:38:31 [Coordinator] get a request from worker [1]
2023/11/29 18:38:31 [8 / 8] map jobs are done, [0 / 0] reduce jobs are done
2023/11/29 18:38:31 making reduce job = {8 1 0 <nil> 10 [mr-tmp-0-0 mr-tmp-1-0 mr-tmp-2-0 mr-tmp-3-0 mr-tmp-4-0 mr-tmp-5-0 mr-tmp-6-0 mr-tmp-7-0]}
2023/11/29 18:38:31 making reduce job = {9 1 0 <nil> 10 [mr-tmp-0-1 mr-tmp-1-1 mr-tmp-2-1 mr-tmp-3-1 mr-tmp-4-1 mr-tmp-5-1 mr-tmp-6-1 mr-tmp-7-1]}
2023/11/29 18:38:31 making reduce job = {10 1 0 <nil> 10 [mr-tmp-0-2 mr-tmp-1-2 mr-tmp-2-2 mr-tmp-3-2 mr-tmp-4-2 mr-tmp-5-2 mr-tmp-6-2 mr-tmp-7-2]}
2023/11/29 18:38:31 making reduce job = {11 1 0 <nil> 10 [mr-tmp-0-3 mr-tmp-1-3 mr-tmp-2-3 mr-tmp-3-3 mr-tmp-4-3 mr-tmp-5-3 mr-tmp-6-3 mr-tmp-7-3]}
2023/11/29 18:38:31 making reduce job = {12 1 0 <nil> 10 [mr-tmp-0-4 mr-tmp-1-4 mr-tmp-2-4 mr-tmp-3-4 mr-tmp-4-4 mr-tmp-5-4 mr-tmp-6-4 mr-tmp-7-4]}
2023/11/29 18:38:31 making reduce job = {13 1 0 <nil> 10 [mr-tmp-0-5 mr-tmp-1-5 mr-tmp-2-5 mr-tmp-3-5 mr-tmp-4-5 mr-tmp-5-5 mr-tmp-6-5 mr-tmp-7-5]}
2023/11/29 18:38:31 making reduce job = {14 1 0 <nil> 10 [mr-tmp-0-6 mr-tmp-1-6 mr-tmp-2-6 mr-tmp-3-6 mr-tmp-4-6 mr-tmp-5-6 mr-tmp-6-6 mr-tmp-7-6]}
2023/11/29 18:38:31 making reduce job = {15 1 0 <nil> 10 [mr-tmp-0-7 mr-tmp-1-7 mr-tmp-2-7 mr-tmp-3-7 mr-tmp-4-7 mr-tmp-5-7 mr-tmp-6-7 mr-tmp-7-7]}
2023/11/29 18:38:31 making reduce job = {16 1 0 <nil> 10 [mr-tmp-0-8 mr-tmp-1-8 mr-tmp-2-8 mr-tmp-3-8 mr-tmp-4-8 mr-tmp-5-8 mr-tmp-6-8 mr-tmp-7-8]}
2023/11/29 18:38:31 making reduce job = {17 1 0 <nil> 10 [mr-tmp-0-9 mr-tmp-1-9 mr-tmp-2-9 mr-tmp-3-9 mr-tmp-4-9 mr-tmp-5-9 mr-tmp-6-9 mr-tmp-7-9]}
2023/11/29 18:38:31 done making reduce jobs
2023/11/29 18:38:31 worker [1] get job [-1]
2023/11/29 18:38:31 worker [1] waiting
2023/11/29 18:38:32 worker [0] attempt times [5]
2023/11/29 18:38:32 worker [0] request job
2023/11/29 18:38:32 [Coordinator] get a request from worker [0]
2023/11/29 18:38:32 worker [0] get job [8]
2023/11/29 18:38:32 worker [0] do reduce job [8]
2023/11/29 18:38:32 worker [1] attempt times [5]
2023/11/29 18:38:32 worker [1] request job
2023/11/29 18:38:32 [Coordinator] get a request from worker [1]
2023/11/29 18:38:32 worker [1] get job [9]
2023/11/29 18:38:32 worker [1] do reduce job [9]
2023/11/29 18:38:33 [Coordinator] worker [0] finish job [8]
2023/11/29 18:38:33 worker [0] attempt times [6]
2023/11/29 18:38:33 worker [0] request job
2023/11/29 18:38:33 [Coordinator] get a request from worker [0]
2023/11/29 18:38:33 worker [0] get job [10]
2023/11/29 18:38:33 worker [0] do reduce job [10]
2023/11/29 18:38:33 [Coordinator] worker [1] finish job [9]
2023/11/29 18:38:33 worker [1] attempt times [6]
2023/11/29 18:38:33 worker [1] request job
2023/11/29 18:38:33 [Coordinator] get a request from worker [1]
2023/11/29 18:38:33 worker [1] get job [11]
2023/11/29 18:38:33 worker [1] do reduce job [11]
2023/11/29 18:38:34 [Coordinator] worker [0] finish job [10]
2023/11/29 18:38:34 worker [0] attempt times [7]
2023/11/29 18:38:34 worker [0] request job
2023/11/29 18:38:34 [Coordinator] get a request from worker [0]
2023/11/29 18:38:34 worker [0] get job [12]
2023/11/29 18:38:34 worker [0] do reduce job [12]
2023/11/29 18:38:35 [Coordinator] worker [1] finish job [11]
2023/11/29 18:38:35 worker [1] attempt times [7]
2023/11/29 18:38:35 worker [1] request job
2023/11/29 18:38:35 [Coordinator] get a request from worker [1]
2023/11/29 18:38:35 worker [1] get job [13]
2023/11/29 18:38:35 worker [1] do reduce job [13]
2023/11/29 18:38:36 [Coordinator] worker [0] finish job [12]
2023/11/29 18:38:36 worker [0] attempt times [8]
2023/11/29 18:38:36 worker [0] request job
2023/11/29 18:38:36 [Coordinator] get a request from worker [0]
2023/11/29 18:38:36 worker [0] get job [14]
2023/11/29 18:38:36 worker [0] do reduce job [14]
2023/11/29 18:38:36 [Coordinator] worker [1] finish job [13]
2023/11/29 18:38:36 worker [1] attempt times [8]
2023/11/29 18:38:36 worker [1] request job
2023/11/29 18:38:36 [Coordinator] get a request from worker [1]
2023/11/29 18:38:36 worker [1] get job [15]
2023/11/29 18:38:36 worker [1] do reduce job [15]
2023/11/29 18:38:36 [Coordinator] worker [1] finish job [15]
2023/11/29 18:38:36 worker [1] attempt times [9]
2023/11/29 18:38:36 worker [1] request job
2023/11/29 18:38:36 [Coordinator] get a request from worker [1]
2023/11/29 18:38:36 worker [1] get job [16]
2023/11/29 18:38:36 worker [1] do reduce job [16]
2023/11/29 18:38:36 [Coordinator] worker [1] finish job [16]
2023/11/29 18:38:36 worker [1] attempt times [10]
2023/11/29 18:38:36 worker [1] request job
2023/11/29 18:38:36 [Coordinator] get a request from worker [1]
2023/11/29 18:38:36 worker [1] get job [17]
2023/11/29 18:38:36 worker [1] do reduce job [17]
2023/11/29 18:38:37 [Coordinator] worker [0] finish job [14]
2023/11/29 18:38:37 worker [0] attempt times [9]
2023/11/29 18:38:37 worker [0] request job
2023/11/29 18:38:37 [Coordinator] get a request from worker [0]
2023/11/29 18:38:37 [8 / 8] map jobs are done, [9 / 10] reduce jobs are done
2023/11/29 18:38:37 worker [0] get job [-2]
2023/11/29 18:38:37 worker [0] waiting
2023/11/29 18:38:37 [Coordinator] worker [1] finish job [17]
2023/11/29 18:38:37 worker [1] attempt times [11]
2023/11/29 18:38:37 worker [1] request job
2023/11/29 18:38:37 [Coordinator] get a request from worker [1]
2023/11/29 18:38:37 [8 / 8] map jobs are done, [10 / 10] reduce jobs are done
2023/11/29 18:38:37 worker [1] get job [-2]
2023/11/29 18:38:37 worker [1] waiting
2023/11/29 18:38:38 worker [0] attempt times [10]
2023/11/29 18:38:38 worker [0] request job
2023/11/29 18:38:38 [Coordinator] get a request from worker [0]
2023/11/29 18:38:38 worker [0] get job [-3]
2023/11/29 18:38:38 worker [0] kill
2023/11/29 18:38:38 worker [1] attempt times [12]
2023/11/29 18:38:38 worker [1] request job
2023/11/29 18:38:38 [Coordinator] get a request from worker [1]
2023/11/29 18:38:38 worker [1] get job [-3]
2023/11/29 18:38:38 worker [1] kill
--- reduce parallelism test: PASS
*** Starting job count test.
2023/11/29 18:38:39 making map job [{0 0 0 <nil> 10 [../pg-being_ernest.txt]}]
2023/11/29 18:38:39 making map job [{1 0 0 <nil> 10 [../pg-dorian_gray.txt]}]
2023/11/29 18:38:39 making map job [{2 0 0 <nil> 10 [../pg-frankenstein.txt]}]
2023/11/29 18:38:39 making map job [{3 0 0 <nil> 10 [../pg-grimm.txt]}]
2023/11/29 18:38:39 making map job [{4 0 0 <nil> 10 [../pg-huckleberry_finn.txt]}]
2023/11/29 18:38:39 making map job [{5 0 0 <nil> 10 [../pg-metamorphosis.txt]}]
2023/11/29 18:38:39 making map job [{6 0 0 <nil> 10 [../pg-sherlock_holmes.txt]}]
2023/11/29 18:38:39 making map job [{7 0 0 <nil> 10 [../pg-tom_sawyer.txt]}]
2023/11/29 18:38:39 done making map jobs
2023/11/29 18:38:40 worker send register request
2023/11/29 18:38:40 worker send register request
2023/11/29 18:38:40 worker [0] success register
2023/11/29 18:38:40 worker [0] attempt times [0]
2023/11/29 18:38:40 worker [0] request job
2023/11/29 18:38:40 worker [1] success register
2023/11/29 18:38:40 worker [1] attempt times [0]
2023/11/29 18:38:40 worker [1] request job
2023/11/29 18:38:40 [Coordinator] get a request from worker [0]
2023/11/29 18:38:40 [Coordinator] get a request from worker [1]
2023/11/29 18:38:40 worker [1] get job [1]
2023/11/29 18:38:40 worker [1] do map job [1]
2023/11/29 18:38:40 worker [0] get job [0]
2023/11/29 18:38:40 worker [0] do map job [0]
2023/11/29 18:38:43 [Coordinator] worker [1] finish job [1]
2023/11/29 18:38:43 worker [1] attempt times [1]
2023/11/29 18:38:43 worker [1] request job
2023/11/29 18:38:43 [Coordinator] get a request from worker [1]
2023/11/29 18:38:43 worker [1] get job [2]
2023/11/29 18:38:43 worker [1] do map job [2]
2023/11/29 18:38:44 [Coordinator] worker [0] finish job [0]
2023/11/29 18:38:44 worker [0] attempt times [1]
2023/11/29 18:38:44 worker [0] request job
2023/11/29 18:38:44 [Coordinator] get a request from worker [0]
2023/11/29 18:38:44 worker [0] get job [3]
2023/11/29 18:38:44 worker [0] do map job [3]
2023/11/29 18:38:46 [Coordinator] worker [1] finish job [2]
2023/11/29 18:38:46 worker [1] attempt times [2]
2023/11/29 18:38:46 worker [1] request job
2023/11/29 18:38:46 [Coordinator] get a request from worker [1]
2023/11/29 18:38:46 worker [1] get job [4]
2023/11/29 18:38:46 worker [1] do map job [4]
2023/11/29 18:38:47 [Coordinator] worker [0] finish job [3]
2023/11/29 18:38:47 worker [0] attempt times [2]
2023/11/29 18:38:47 worker [0] request job
2023/11/29 18:38:47 [Coordinator] get a request from worker [0]
2023/11/29 18:38:47 worker [0] get job [5]
2023/11/29 18:38:47 worker [0] do map job [5]
2023/11/29 18:38:50 [Coordinator] worker [0] finish job [5]
2023/11/29 18:38:50 worker [0] attempt times [3]
2023/11/29 18:38:50 worker [0] request job
2023/11/29 18:38:50 [Coordinator] get a request from worker [0]
2023/11/29 18:38:50 worker [0] get job [6]
2023/11/29 18:38:50 worker [0] do map job [6]
2023/11/29 18:38:51 [Coordinator] worker [1] finish job [4]
2023/11/29 18:38:51 worker [1] attempt times [3]
2023/11/29 18:38:51 worker [1] request job
2023/11/29 18:38:51 [Coordinator] get a request from worker [1]
2023/11/29 18:38:51 worker [1] get job [7]
2023/11/29 18:38:51 worker [1] do map job [7]
2023/11/29 18:38:53 [Coordinator] worker [0] finish job [6]
2023/11/29 18:38:53 worker [0] attempt times [4]
2023/11/29 18:38:53 worker [0] request job
2023/11/29 18:38:53 [Coordinator] get a request from worker [0]
2023/11/29 18:38:53 [7 / 8] map jobs are done, [0 / 0] reduce jobs are done
2023/11/29 18:38:53 worker [0] get job [-1]
2023/11/29 18:38:53 worker [0] waiting
2023/11/29 18:38:54 worker [0] attempt times [5]
2023/11/29 18:38:54 worker [0] request job
2023/11/29 18:38:54 [Coordinator] get a request from worker [0]
2023/11/29 18:38:54 [7 / 8] map jobs are done, [0 / 0] reduce jobs are done
2023/11/29 18:38:54 worker [0] get job [-1]
2023/11/29 18:38:54 worker [0] waiting
2023/11/29 18:38:54 [Coordinator] worker [1] finish job [7]
2023/11/29 18:38:54 worker [1] attempt times [4]
2023/11/29 18:38:54 worker [1] request job
2023/11/29 18:38:54 [Coordinator] get a request from worker [1]
2023/11/29 18:38:54 [8 / 8] map jobs are done, [0 / 0] reduce jobs are done
2023/11/29 18:38:54 making reduce job = {8 1 0 <nil> 10 [mr-tmp-0-0 mr-tmp-1-0 mr-tmp-2-0 mr-tmp-3-0 mr-tmp-4-0 mr-tmp-5-0 mr-tmp-6-0 mr-tmp-7-0]}
2023/11/29 18:38:54 making reduce job = {9 1 0 <nil> 10 [mr-tmp-0-1 mr-tmp-1-1 mr-tmp-2-1 mr-tmp-3-1 mr-tmp-4-1 mr-tmp-5-1 mr-tmp-6-1 mr-tmp-7-1]}
2023/11/29 18:38:54 making reduce job = {10 1 0 <nil> 10 [mr-tmp-0-2 mr-tmp-1-2 mr-tmp-2-2 mr-tmp-3-2 mr-tmp-4-2 mr-tmp-5-2 mr-tmp-6-2 mr-tmp-7-2]}
2023/11/29 18:38:54 making reduce job = {11 1 0 <nil> 10 [mr-tmp-0-3 mr-tmp-1-3 mr-tmp-2-3 mr-tmp-3-3 mr-tmp-4-3 mr-tmp-5-3 mr-tmp-6-3 mr-tmp-7-3]}
2023/11/29 18:38:54 making reduce job = {12 1 0 <nil> 10 [mr-tmp-0-4 mr-tmp-1-4 mr-tmp-2-4 mr-tmp-3-4 mr-tmp-4-4 mr-tmp-5-4 mr-tmp-6-4 mr-tmp-7-4]}
2023/11/29 18:38:54 making reduce job = {13 1 0 <nil> 10 [mr-tmp-0-5 mr-tmp-1-5 mr-tmp-2-5 mr-tmp-3-5 mr-tmp-4-5 mr-tmp-5-5 mr-tmp-6-5 mr-tmp-7-5]}
2023/11/29 18:38:54 making reduce job = {14 1 0 <nil> 10 [mr-tmp-0-6 mr-tmp-1-6 mr-tmp-2-6 mr-tmp-3-6 mr-tmp-4-6 mr-tmp-5-6 mr-tmp-6-6 mr-tmp-7-6]}
2023/11/29 18:38:54 making reduce job = {15 1 0 <nil> 10 [mr-tmp-0-7 mr-tmp-1-7 mr-tmp-2-7 mr-tmp-3-7 mr-tmp-4-7 mr-tmp-5-7 mr-tmp-6-7 mr-tmp-7-7]}
2023/11/29 18:38:54 making reduce job = {16 1 0 <nil> 10 [mr-tmp-0-8 mr-tmp-1-8 mr-tmp-2-8 mr-tmp-3-8 mr-tmp-4-8 mr-tmp-5-8 mr-tmp-6-8 mr-tmp-7-8]}
2023/11/29 18:38:54 making reduce job = {17 1 0 <nil> 10 [mr-tmp-0-9 mr-tmp-1-9 mr-tmp-2-9 mr-tmp-3-9 mr-tmp-4-9 mr-tmp-5-9 mr-tmp-6-9 mr-tmp-7-9]}
2023/11/29 18:38:54 done making reduce jobs
2023/11/29 18:38:54 worker [1] get job [-1]
2023/11/29 18:38:54 worker [1] waiting
2023/11/29 18:38:55 worker [0] attempt times [6]
2023/11/29 18:38:55 worker [0] request job
2023/11/29 18:38:55 [Coordinator] get a request from worker [0]
2023/11/29 18:38:55 worker [0] get job [8]
2023/11/29 18:38:55 worker [0] do reduce job [8]
2023/11/29 18:38:55 [Coordinator] worker [0] finish job [8]
2023/11/29 18:38:55 worker [0] attempt times [7]
2023/11/29 18:38:55 worker [0] request job
2023/11/29 18:38:55 [Coordinator] get a request from worker [0]
2023/11/29 18:38:55 worker [0] get job [9]
2023/11/29 18:38:55 worker [0] do reduce job [9]
2023/11/29 18:38:55 [Coordinator] worker [0] finish job [9]
2023/11/29 18:38:55 worker [0] attempt times [8]
2023/11/29 18:38:55 worker [0] request job
2023/11/29 18:38:55 [Coordinator] get a request from worker [0]
2023/11/29 18:38:55 worker [0] get job [10]
2023/11/29 18:38:55 worker [0] do reduce job [10]
2023/11/29 18:38:55 [Coordinator] worker [0] finish job [10]
2023/11/29 18:38:55 worker [0] attempt times [9]
2023/11/29 18:38:55 worker [0] request job
2023/11/29 18:38:55 [Coordinator] get a request from worker [0]
2023/11/29 18:38:55 worker [0] get job [11]
2023/11/29 18:38:55 worker [0] do reduce job [11]
2023/11/29 18:38:55 [Coordinator] worker [0] finish job [11]
2023/11/29 18:38:55 worker [0] attempt times [10]
2023/11/29 18:38:55 worker [0] request job
2023/11/29 18:38:55 [Coordinator] get a request from worker [0]
2023/11/29 18:38:55 worker [0] get job [12]
2023/11/29 18:38:55 worker [0] do reduce job [12]
2023/11/29 18:38:55 [Coordinator] worker [0] finish job [12]
2023/11/29 18:38:55 worker [0] attempt times [11]
2023/11/29 18:38:55 worker [0] request job
2023/11/29 18:38:55 [Coordinator] get a request from worker [0]
2023/11/29 18:38:55 worker [0] get job [13]
2023/11/29 18:38:55 worker [0] do reduce job [13]
2023/11/29 18:38:55 [Coordinator] worker [0] finish job [13]
2023/11/29 18:38:55 worker [0] attempt times [12]
2023/11/29 18:38:55 worker [0] request job
2023/11/29 18:38:55 [Coordinator] get a request from worker [0]
2023/11/29 18:38:55 worker [0] get job [14]
2023/11/29 18:38:55 worker [0] do reduce job [14]
2023/11/29 18:38:55 [Coordinator] worker [0] finish job [14]
2023/11/29 18:38:55 worker [0] attempt times [13]
2023/11/29 18:38:55 worker [0] request job
2023/11/29 18:38:55 [Coordinator] get a request from worker [0]
2023/11/29 18:38:55 worker [0] get job [15]
2023/11/29 18:38:55 worker [0] do reduce job [15]
2023/11/29 18:38:55 [Coordinator] worker [0] finish job [15]
2023/11/29 18:38:55 worker [0] attempt times [14]
2023/11/29 18:38:55 worker [0] request job
2023/11/29 18:38:55 [Coordinator] get a request from worker [0]
2023/11/29 18:38:55 worker [0] get job [16]
2023/11/29 18:38:55 worker [0] do reduce job [16]
2023/11/29 18:38:55 [Coordinator] worker [0] finish job [16]
2023/11/29 18:38:55 worker [0] attempt times [15]
2023/11/29 18:38:55 worker [0] request job
2023/11/29 18:38:55 [Coordinator] get a request from worker [0]
2023/11/29 18:38:55 worker [0] get job [17]
2023/11/29 18:38:55 worker [0] do reduce job [17]
2023/11/29 18:38:55 [Coordinator] worker [0] finish job [17]
2023/11/29 18:38:55 worker [0] attempt times [16]
2023/11/29 18:38:55 worker [0] request job
2023/11/29 18:38:55 [Coordinator] get a request from worker [0]
2023/11/29 18:38:55 [8 / 8] map jobs are done, [10 / 10] reduce jobs are done
2023/11/29 18:38:55 worker [0] get job [-2]
2023/11/29 18:38:55 worker [0] waiting
2023/11/29 18:38:55 worker [1] attempt times [5]
2023/11/29 18:38:55 worker [1] request job
2023/11/29 18:38:55 [Coordinator] get a request from worker [1]
2023/11/29 18:38:55 worker [1] get job [-3]
2023/11/29 18:38:55 worker [1] kill
2023/11/29 18:38:56 worker [0] attempt times [17]
2023/11/29 18:38:56 worker [0] request job
2023/11/29 18:38:56 [Coordinator] get a request from worker [0]
2023/11/29 18:38:56 worker [0] get job [-3]
2023/11/29 18:38:56 worker [0] kill
2023/11/29 18:38:56 worker send register request
2023/11/29 18:38:56 worker send register request
2023/11/29 18:38:56 worker [2] success register
2023/11/29 18:38:56 worker [2] attempt times [0]
2023/11/29 18:38:56 worker [2] request job
2023/11/29 18:38:56 worker [3] success register
2023/11/29 18:38:56 worker [3] attempt times [0]
2023/11/29 18:38:56 worker [3] request job
2023/11/29 18:38:56 [Coordinator] get a request from worker [2]
2023/11/29 18:38:56 [Coordinator] get a request from worker [3]
2023/11/29 18:38:56 worker [2] get job [-3]
2023/11/29 18:38:56 worker [2] kill
2023/11/29 18:38:56 worker [3] get job [-3]
2023/11/29 18:38:56 worker [3] kill
--- job count test: PASS
*** Starting early exit test.
2023/11/29 18:38:57 making map job [{0 0 0 <nil> 10 [../pg-being_ernest.txt]}]
2023/11/29 18:38:57 making map job [{1 0 0 <nil> 10 [../pg-dorian_gray.txt]}]
2023/11/29 18:38:57 making map job [{2 0 0 <nil> 10 [../pg-frankenstein.txt]}]
2023/11/29 18:38:57 making map job [{3 0 0 <nil> 10 [../pg-grimm.txt]}]
2023/11/29 18:38:57 making map job [{4 0 0 <nil> 10 [../pg-huckleberry_finn.txt]}]
2023/11/29 18:38:57 making map job [{5 0 0 <nil> 10 [../pg-metamorphosis.txt]}]
2023/11/29 18:38:57 making map job [{6 0 0 <nil> 10 [../pg-sherlock_holmes.txt]}]
2023/11/29 18:38:57 making map job [{7 0 0 <nil> 10 [../pg-tom_sawyer.txt]}]
2023/11/29 18:38:57 done making map jobs
2023/11/29 18:38:58 worker send register request
2023/11/29 18:38:58 worker send register request
2023/11/29 18:38:58 worker [0] success register
2023/11/29 18:38:58 worker [0] attempt times [0]
2023/11/29 18:38:58 worker [0] request job
2023/11/29 18:38:58 [Coordinator] get a request from worker [0]
2023/11/29 18:38:58 worker [0] get job [0]
2023/11/29 18:38:58 worker [0] do map job [0]
2023/11/29 18:38:58 worker send register request
2023/11/29 18:38:58 worker [1] success register
2023/11/29 18:38:58 worker [1] attempt times [0]
2023/11/29 18:38:58 worker [1] request job
2023/11/29 18:38:58 [Coordinator] get a request from worker [1]
2023/11/29 18:38:58 worker [1] get job [1]
2023/11/29 18:38:58 worker [1] do map job [1]
2023/11/29 18:38:58 worker [2] success register
2023/11/29 18:38:58 worker [2] attempt times [0]
2023/11/29 18:38:58 worker [2] request job
2023/11/29 18:38:58 [Coordinator] worker [0] finish job [0]
2023/11/29 18:38:58 worker [0] attempt times [1]
2023/11/29 18:38:58 worker [0] request job
2023/11/29 18:38:58 [Coordinator] get a request from worker [2]
2023/11/29 18:38:58 [Coordinator] get a request from worker [0]
2023/11/29 18:38:58 worker [0] get job [3]
2023/11/29 18:38:58 worker [0] do map job [3]
2023/11/29 18:38:58 worker [2] get job [2]
2023/11/29 18:38:58 worker [2] do map job [2]
2023/11/29 18:38:58 [Coordinator] worker [1] finish job [1]
2023/11/29 18:38:58 worker [1] attempt times [1]
2023/11/29 18:38:58 worker [1] request job
2023/11/29 18:38:58 [Coordinator] get a request from worker [1]
2023/11/29 18:38:58 worker [1] get job [4]
2023/11/29 18:38:58 worker [1] do map job [4]
2023/11/29 18:38:58 [Coordinator] worker [0] finish job [3]
2023/11/29 18:38:58 worker [0] attempt times [2]
2023/11/29 18:38:58 worker [0] request job
2023/11/29 18:38:58 [Coordinator] get a request from worker [0]
2023/11/29 18:38:58 [Coordinator] worker [1] finish job [4]
2023/11/29 18:38:58 worker [0] get job [5]
2023/11/29 18:38:58 worker [0] do map job [5]
2023/11/29 18:38:58 worker [1] attempt times [2]
2023/11/29 18:38:58 worker [1] request job
2023/11/29 18:38:58 [Coordinator] get a request from worker [1]
2023/11/29 18:38:58 [Coordinator] worker [2] finish job [2]
2023/11/29 18:38:58 worker [1] get job [6]
2023/11/29 18:38:58 worker [1] do map job [6]
2023/11/29 18:38:58 [Coordinator] worker [0] finish job [5]
2023/11/29 18:38:58 worker [2] attempt times [1]
2023/11/29 18:38:58 worker [2] request job
2023/11/29 18:38:58 worker [0] attempt times [3]
2023/11/29 18:38:58 worker [0] request job
2023/11/29 18:38:58 [Coordinator] get a request from worker [2]
2023/11/29 18:38:58 [Coordinator] get a request from worker [0]
2023/11/29 18:38:58 [6 / 8] map jobs are done, [0 / 0] reduce jobs are done
2023/11/29 18:38:58 worker [0] get job [-1]
2023/11/29 18:38:58 worker [0] waiting
2023/11/29 18:38:58 worker [2] get job [7]
2023/11/29 18:38:58 worker [2] do map job [7]
2023/11/29 18:38:58 [Coordinator] worker [1] finish job [6]
2023/11/29 18:38:58 worker [1] attempt times [3]
2023/11/29 18:38:58 worker [1] request job
2023/11/29 18:38:58 [Coordinator] worker [2] finish job [7]
2023/11/29 18:38:58 worker [2] attempt times [2]
2023/11/29 18:38:58 worker [2] request job
2023/11/29 18:38:58 [Coordinator] get a request from worker [1]
2023/11/29 18:38:58 [8 / 8] map jobs are done, [0 / 0] reduce jobs are done
2023/11/29 18:38:58 making reduce job = {8 1 0 <nil> 10 [mr-tmp-0-0 mr-tmp-1-0 mr-tmp-2-0 mr-tmp-3-0 mr-tmp-4-0 mr-tmp-5-0 mr-tmp-6-0 mr-tmp-7-0]}
2023/11/29 18:38:58 making reduce job = {9 1 0 <nil> 10 [mr-tmp-0-1 mr-tmp-1-1 mr-tmp-2-1 mr-tmp-3-1 mr-tmp-4-1 mr-tmp-5-1 mr-tmp-6-1 mr-tmp-7-1]}
2023/11/29 18:38:58 making reduce job = {10 1 0 <nil> 10 [mr-tmp-0-2 mr-tmp-1-2 mr-tmp-2-2 mr-tmp-3-2 mr-tmp-4-2 mr-tmp-5-2 mr-tmp-6-2 mr-tmp-7-2]}
2023/11/29 18:38:58 making reduce job = {11 1 0 <nil> 10 [mr-tmp-0-3 mr-tmp-1-3 mr-tmp-2-3 mr-tmp-3-3 mr-tmp-4-3 mr-tmp-5-3 mr-tmp-6-3 mr-tmp-7-3]}
2023/11/29 18:38:58 making reduce job = {12 1 0 <nil> 10 [mr-tmp-0-4 mr-tmp-1-4 mr-tmp-2-4 mr-tmp-3-4 mr-tmp-4-4 mr-tmp-5-4 mr-tmp-6-4 mr-tmp-7-4]}
2023/11/29 18:38:58 making reduce job = {13 1 0 <nil> 10 [mr-tmp-0-5 mr-tmp-1-5 mr-tmp-2-5 mr-tmp-3-5 mr-tmp-4-5 mr-tmp-5-5 mr-tmp-6-5 mr-tmp-7-5]}
2023/11/29 18:38:58 making reduce job = {14 1 0 <nil> 10 [mr-tmp-0-6 mr-tmp-1-6 mr-tmp-2-6 mr-tmp-3-6 mr-tmp-4-6 mr-tmp-5-6 mr-tmp-6-6 mr-tmp-7-6]}
2023/11/29 18:38:58 making reduce job = {15 1 0 <nil> 10 [mr-tmp-0-7 mr-tmp-1-7 mr-tmp-2-7 mr-tmp-3-7 mr-tmp-4-7 mr-tmp-5-7 mr-tmp-6-7 mr-tmp-7-7]}
2023/11/29 18:38:58 making reduce job = {16 1 0 <nil> 10 [mr-tmp-0-8 mr-tmp-1-8 mr-tmp-2-8 mr-tmp-3-8 mr-tmp-4-8 mr-tmp-5-8 mr-tmp-6-8 mr-tmp-7-8]}
2023/11/29 18:38:58 making reduce job = {17 1 0 <nil> 10 [mr-tmp-0-9 mr-tmp-1-9 mr-tmp-2-9 mr-tmp-3-9 mr-tmp-4-9 mr-tmp-5-9 mr-tmp-6-9 mr-tmp-7-9]}
2023/11/29 18:38:58 done making reduce jobs
2023/11/29 18:38:58 [Coordinator] get a request from worker [2]
2023/11/29 18:38:58 worker [2] get job [8]
2023/11/29 18:38:58 worker [2] do reduce job [8]
2023/11/29 18:38:58 worker [1] get job [-1]
2023/11/29 18:38:58 worker [1] waiting
2023/11/29 18:38:58 [Coordinator] worker [2] finish job [8]
2023/11/29 18:38:58 worker [2] attempt times [3]
2023/11/29 18:38:58 worker [2] request job
2023/11/29 18:38:58 [Coordinator] get a request from worker [2]
2023/11/29 18:38:58 worker [2] get job [9]
2023/11/29 18:38:58 worker [2] do reduce job [9]
2023/11/29 18:38:58 [Coordinator] worker [2] finish job [9]
2023/11/29 18:38:58 worker [2] attempt times [4]
2023/11/29 18:38:58 worker [2] request job
2023/11/29 18:38:58 [Coordinator] get a request from worker [2]
2023/11/29 18:38:58 worker [2] get job [10]
2023/11/29 18:38:58 worker [2] do reduce job [10]
2023/11/29 18:38:59 worker [0] attempt times [4]
2023/11/29 18:38:59 worker [0] request job
2023/11/29 18:38:59 [Coordinator] get a request from worker [0]
2023/11/29 18:38:59 worker [0] get job [11]
2023/11/29 18:38:59 worker [0] do reduce job [11]
2023/11/29 18:38:59 [Coordinator] worker [0] finish job [11]
2023/11/29 18:38:59 worker [0] attempt times [5]
2023/11/29 18:38:59 worker [0] request job
2023/11/29 18:38:59 [Coordinator] get a request from worker [0]
2023/11/29 18:38:59 worker [0] get job [12]
2023/11/29 18:38:59 worker [0] do reduce job [12]
2023/11/29 18:38:59 [Coordinator] worker [0] finish job [12]
2023/11/29 18:38:59 worker [0] attempt times [6]
2023/11/29 18:38:59 worker [0] request job
2023/11/29 18:38:59 [Coordinator] get a request from worker [0]
2023/11/29 18:38:59 worker [0] get job [13]
2023/11/29 18:38:59 worker [0] do reduce job [13]
2023/11/29 18:38:59 [Coordinator] worker [0] finish job [13]
2023/11/29 18:38:59 worker [0] attempt times [7]
2023/11/29 18:38:59 worker [0] request job
2023/11/29 18:38:59 [Coordinator] get a request from worker [0]
2023/11/29 18:38:59 worker [0] get job [14]
2023/11/29 18:38:59 worker [0] do reduce job [14]
2023/11/29 18:38:59 worker [1] attempt times [4]
2023/11/29 18:38:59 worker [1] request job
2023/11/29 18:38:59 [Coordinator] get a request from worker [1]
2023/11/29 18:38:59 worker [1] get job [15]
2023/11/29 18:38:59 worker [1] do reduce job [15]
2023/11/29 18:38:59 [Coordinator] worker [1] finish job [15]
2023/11/29 18:38:59 worker [1] attempt times [5]
2023/11/29 18:38:59 worker [1] request job
2023/11/29 18:38:59 [Coordinator] get a request from worker [1]
2023/11/29 18:38:59 worker [1] get job [16]
2023/11/29 18:38:59 worker [1] do reduce job [16]
2023/11/29 18:38:59 [Coordinator] worker [1] finish job [16]
2023/11/29 18:38:59 worker [1] attempt times [6]
2023/11/29 18:38:59 worker [1] request job
2023/11/29 18:38:59 [Coordinator] get a request from worker [1]
2023/11/29 18:38:59 worker [1] get job [17]
2023/11/29 18:38:59 worker [1] do reduce job [17]
2023/11/29 18:38:59 [Coordinator] worker [1] finish job [17]
2023/11/29 18:38:59 worker [1] attempt times [7]
2023/11/29 18:38:59 worker [1] request job
2023/11/29 18:38:59 [Coordinator] get a request from worker [1]
2023/11/29 18:38:59 [8 / 8] map jobs are done, [8 / 10] reduce jobs are done
2023/11/29 18:38:59 worker [1] get job [-2]
2023/11/29 18:38:59 worker [1] waiting
2023/11/29 18:39:00 worker [1] attempt times [8]
2023/11/29 18:39:00 worker [1] request job
2023/11/29 18:39:00 [Coordinator] get a request from worker [1]
2023/11/29 18:39:00 [8 / 8] map jobs are done, [8 / 10] reduce jobs are done
2023/11/29 18:39:00 worker [1] get job [-2]
2023/11/29 18:39:00 worker [1] waiting
2023/11/29 18:39:01 [Coordinator] worker [2] finish job [10]
2023/11/29 18:39:01 worker [2] attempt times [5]
2023/11/29 18:39:01 worker [2] request job
2023/11/29 18:39:01 [Coordinator] get a request from worker [2]
2023/11/29 18:39:01 [8 / 8] map jobs are done, [9 / 10] reduce jobs are done
2023/11/29 18:39:01 worker [2] get job [-2]
2023/11/29 18:39:01 worker [2] waiting
2023/11/29 18:39:01 worker [1] attempt times [9]
2023/11/29 18:39:01 worker [1] request job
2023/11/29 18:39:01 [Coordinator] get a request from worker [1]
2023/11/29 18:39:01 [8 / 8] map jobs are done, [9 / 10] reduce jobs are done
2023/11/29 18:39:01 worker [1] get job [-2]
2023/11/29 18:39:01 worker [1] waiting
2023/11/29 18:39:02 [Coordinator] worker [0] finish job [14]
2023/11/29 18:39:02 worker [0] attempt times [8]
2023/11/29 18:39:02 worker [0] request job
2023/11/29 18:39:02 [Coordinator] get a request from worker [0]
2023/11/29 18:39:02 [8 / 8] map jobs are done, [10 / 10] reduce jobs are done
2023/11/29 18:39:02 worker [0] get job [-2]
2023/11/29 18:39:02 worker [0] waiting
2023/11/29 18:39:02 worker [2] attempt times [6]
2023/11/29 18:39:02 worker [2] request job
2023/11/29 18:39:02 [Coordinator] get a request from worker [2]
2023/11/29 18:39:02 worker [2] get job [-3]
2023/11/29 18:39:02 worker [2] kill
2023/11/29 18:39:02 worker [1] attempt times [10]
2023/11/29 18:39:02 worker [1] request job
2023/11/29 18:39:02 [Coordinator] get a request from worker [1]
2023/11/29 18:39:02 worker [1] get job [-3]
2023/11/29 18:39:02 worker [1] kill
2023/11/29 18:39:03 worker [0] attempt times [9]
2023/11/29 18:39:03 worker [0] request job
2023/11/29 18:39:03 [Coordinator] get a request from worker [0]
2023/11/29 18:39:03 worker [0] get job [-3]
2023/11/29 18:39:03 worker [0] kill
--- early exit test: PASS
*** Starting crash test.
2023/11/29 18:39:04 making map job [{0 0 0 <nil> 10 [../pg-being_ernest.txt]}]
2023/11/29 18:39:04 making map job [{1 0 0 <nil> 10 [../pg-dorian_gray.txt]}]
2023/11/29 18:39:04 making map job [{2 0 0 <nil> 10 [../pg-frankenstein.txt]}]
2023/11/29 18:39:04 making map job [{3 0 0 <nil> 10 [../pg-grimm.txt]}]
2023/11/29 18:39:04 making map job [{4 0 0 <nil> 10 [../pg-huckleberry_finn.txt]}]
2023/11/29 18:39:04 making map job [{5 0 0 <nil> 10 [../pg-metamorphosis.txt]}]
2023/11/29 18:39:04 making map job [{6 0 0 <nil> 10 [../pg-sherlock_holmes.txt]}]
2023/11/29 18:39:04 making map job [{7 0 0 <nil> 10 [../pg-tom_sawyer.txt]}]
2023/11/29 18:39:04 done making map jobs
2023/11/29 18:39:05 worker send register request
2023/11/29 18:39:05 worker send register request
2023/11/29 18:39:05 worker [0] success register
2023/11/29 18:39:05 worker [0] attempt times [0]
2023/11/29 18:39:05 worker [0] request job
2023/11/29 18:39:05 worker send register request
2023/11/29 18:39:05 worker [1] success register
2023/11/29 18:39:05 worker [1] attempt times [0]
2023/11/29 18:39:05 worker [1] request job
2023/11/29 18:39:05 [Coordinator] get a request from worker [1]
2023/11/29 18:39:05 worker [1] get job [0]
2023/11/29 18:39:05 worker [2] success register
2023/11/29 18:39:05 worker [1] do map job [0]
2023/11/29 18:39:05 worker [2] attempt times [0]
2023/11/29 18:39:05 [Coordinator] get a request from worker [0]
2023/11/29 18:39:05 worker [2] request job
2023/11/29 18:39:05 worker send register request
2023/11/29 18:39:05 worker [3] success register
2023/11/29 18:39:05 worker [3] attempt times [0]
2023/11/29 18:39:05 worker [3] request job
2023/11/29 18:39:05 worker [0] get job [1]
2023/11/29 18:39:05 worker [0] do map job [1]
2023/11/29 18:39:05 [Coordinator] get a request from worker [3]
2023/11/29 18:39:05 worker [3] get job [2]
2023/11/29 18:39:05 worker [3] do map job [2]
2023/11/29 18:39:05 [Coordinator] worker [1] finish job [0]
2023/11/29 18:39:05 worker [1] attempt times [1]
2023/11/29 18:39:05 worker [1] request job
2023/11/29 18:39:05 [Coordinator] get a request from worker [1]
2023/11/29 18:39:05 worker [1] get job [3]
2023/11/29 18:39:05 [Coordinator] get a request from worker [2]
2023/11/29 18:39:05 worker [1] do map job [3]
2023/11/29 18:39:05 worker [2] get job [4]
2023/11/29 18:39:05 worker [2] do map job [4]
2023/11/29 18:39:06 worker send register request
2023/11/29 18:39:06 worker [4] success register
2023/11/29 18:39:06 worker [4] attempt times [0]
2023/11/29 18:39:06 worker [4] request job
2023/11/29 18:39:06 [Coordinator] get a request from worker [4]
2023/11/29 18:39:06 worker [4] get job [5]
2023/11/29 18:39:06 worker [4] do map job [5]
2023/11/29 18:39:07 worker send register request
2023/11/29 18:39:07 worker [5] success register
2023/11/29 18:39:07 worker [5] attempt times [0]
2023/11/29 18:39:07 worker [5] request job
2023/11/29 18:39:07 [Coordinator] get a request from worker [5]
2023/11/29 18:39:07 worker [5] get job [6]
2023/11/29 18:39:07 worker [5] do map job [6]
2023/11/29 18:39:08 worker send register request
2023/11/29 18:39:08 worker [6] success register
2023/11/29 18:39:08 worker [6] attempt times [0]
2023/11/29 18:39:08 worker [6] request job
2023/11/29 18:39:08 [Coordinator] get a request from worker [6]
2023/11/29 18:39:08 worker [6] get job [7]
2023/11/29 18:39:08 worker [6] do map job [7]
2023/11/29 18:39:09 [Coordinator] worker [3] finish job [2]
2023/11/29 18:39:09 worker [3] attempt times [1]
2023/11/29 18:39:09 worker [3] request job
2023/11/29 18:39:09 [Coordinator] get a request from worker [3]
2023/11/29 18:39:09 [2 / 8] map jobs are done, [0 / 0] reduce jobs are done
2023/11/29 18:39:09 worker [3] get job [-1]
2023/11/29 18:39:09 worker [3] waiting
2023/11/29 18:39:09 time 3.99288692s
2023/11/29 18:39:09 job [3] delete worker [1]
2023/11/29 18:39:09 job [3] enter MapJobChan
2023/11/29 18:39:09 worker send register request
2023/11/29 18:39:09 worker [7] success register
2023/11/29 18:39:09 worker [7] attempt times [0]
2023/11/29 18:39:09 worker [7] request job
2023/11/29 18:39:09 [Coordinator] get a request from worker [7]
2023/11/29 18:39:09 worker [7] get job [3]
2023/11/29 18:39:09 worker [7] do map job [3]
2023/11/29 18:39:10 worker [3] attempt times [2]
2023/11/29 18:39:10 worker [3] request job
2023/11/29 18:39:10 [Coordinator] get a request from worker [3]
2023/11/29 18:39:10 [2 / 8] map jobs are done, [0 / 0] reduce jobs are done
2023/11/29 18:39:10 worker [3] get job [-1]
2023/11/29 18:39:10 worker [3] waiting
2023/11/29 18:39:10 time 3.975091682s
2023/11/29 18:39:10 job [5] delete worker [4]
2023/11/29 18:39:10 job [5] enter MapJobChan
2023/11/29 18:39:11 worker [3] attempt times [3]
2023/11/29 18:39:11 worker [3] request job
2023/11/29 18:39:11 time 3.961229655s
2023/11/29 18:39:11 job [6] delete worker [5]
2023/11/29 18:39:11 job [6] enter MapJobChan
2023/11/29 18:39:11 [Coordinator] get a request from worker [3]
2023/11/29 18:39:11 worker [3] get job [5]
2023/11/29 18:39:11 worker [3] do map job [5]
2023/11/29 18:39:12 [Coordinator] worker [7] finish job [3]
2023/11/29 18:39:12 worker [7] attempt times [1]
2023/11/29 18:39:12 worker [7] request job
2023/11/29 18:39:12 [Coordinator] get a request from worker [7]
2023/11/29 18:39:12 worker [7] get job [6]
2023/11/29 18:39:12 worker [7] do map job [6]
2023/11/29 18:39:12 time 3.947366693s
2023/11/29 18:39:12 job [7] delete worker [6]
2023/11/29 18:39:12 job [7] enter MapJobChan
2023/11/29 18:39:13 worker send register request
2023/11/29 18:39:13 worker [8] success register
2023/11/29 18:39:13 worker [8] attempt times [0]
2023/11/29 18:39:13 worker [8] request job
2023/11/29 18:39:13 [Coordinator] get a request from worker [8]
2023/11/29 18:39:13 worker [8] get job [7]
2023/11/29 18:39:13 worker [8] do map job [7]
2023/11/29 18:39:13 [Coordinator] worker [8] finish job [7]
2023/11/29 18:39:13 worker [8] attempt times [1]
2023/11/29 18:39:13 worker [8] request job
2023/11/29 18:39:13 [Coordinator] get a request from worker [8]
2023/11/29 18:39:13 [4 / 8] map jobs are done, [0 / 0] reduce jobs are done
2023/11/29 18:39:13 worker [8] get job [-1]
2023/11/29 18:39:13 worker [8] waiting
2023/11/29 18:39:14 worker [8] attempt times [2]
2023/11/29 18:39:14 worker [8] request job
2023/11/29 18:39:14 [Coordinator] get a request from worker [8]
2023/11/29 18:39:14 [4 / 8] map jobs are done, [0 / 0] reduce jobs are done
2023/11/29 18:39:14 worker [8] get job [-1]
2023/11/29 18:39:14 worker [8] waiting
2023/11/29 18:39:14 [Coordinator] worker [2] finish job [4]
2023/11/29 18:39:14 worker [2] attempt times [1]
2023/11/29 18:39:14 worker [2] request job
2023/11/29 18:39:14 [Coordinator] get a request from worker [2]
2023/11/29 18:39:14 [5 / 8] map jobs are done, [0 / 0] reduce jobs are done
2023/11/29 18:39:14 worker [2] get job [-1]
2023/11/29 18:39:14 worker [2] waiting
2023/11/29 18:39:14 [Coordinator] worker [3] finish job [5]
2023/11/29 18:39:14 worker [3] attempt times [4]
2023/11/29 18:39:14 worker [3] request job
2023/11/29 18:39:14 [Coordinator] get a request from worker [3]
2023/11/29 18:39:14 [6 / 8] map jobs are done, [0 / 0] reduce jobs are done
2023/11/29 18:39:14 worker [3] get job [-1]
2023/11/29 18:39:14 worker [3] waiting
2023/11/29 18:39:15 [Coordinator] worker [0] finish job [1]
2023/11/29 18:39:15 worker [0] attempt times [1]
2023/11/29 18:39:15 worker [0] request job
2023/11/29 18:39:15 [Coordinator] get a request from worker [0]
2023/11/29 18:39:15 [7 / 8] map jobs are done, [0 / 0] reduce jobs are done
2023/11/29 18:39:15 worker [0] get job [-1]
2023/11/29 18:39:15 worker [0] waiting
2023/11/29 18:39:15 worker [8] attempt times [3]
2023/11/29 18:39:15 worker [8] request job
2023/11/29 18:39:15 [Coordinator] get a request from worker [8]
2023/11/29 18:39:15 [7 / 8] map jobs are done, [0 / 0] reduce jobs are done
2023/11/29 18:39:15 worker [8] get job [-1]
2023/11/29 18:39:15 worker [8] waiting
2023/11/29 18:39:15 worker [2] attempt times [2]
2023/11/29 18:39:15 worker [2] request job
2023/11/29 18:39:15 [Coordinator] get a request from worker [2]
2023/11/29 18:39:15 [7 / 8] map jobs are done, [0 / 0] reduce jobs are done
2023/11/29 18:39:15 worker [2] get job [-1]
2023/11/29 18:39:15 worker [2] waiting
2023/11/29 18:39:15 time 3.933225882s
2023/11/29 18:39:15 job [6] delete worker [7]
2023/11/29 18:39:15 job [6] enter MapJobChan
2023/11/29 18:39:15 worker [3] attempt times [5]
2023/11/29 18:39:15 worker [3] request job
2023/11/29 18:39:15 [Coordinator] get a request from worker [3]
2023/11/29 18:39:15 worker [3] get job [6]
2023/11/29 18:39:15 worker [3] do map job [6]
2023/11/29 18:39:16 worker [0] attempt times [2]
2023/11/29 18:39:16 worker [0] request job
2023/11/29 18:39:16 [Coordinator] get a request from worker [0]
2023/11/29 18:39:16 [7 / 8] map jobs are done, [0 / 0] reduce jobs are done
2023/11/29 18:39:16 worker [0] get job [-1]
2023/11/29 18:39:16 worker [0] waiting
2023/11/29 18:39:16 worker [8] attempt times [4]
2023/11/29 18:39:16 worker [8] request job
2023/11/29 18:39:16 [Coordinator] get a request from worker [8]
2023/11/29 18:39:16 [7 / 8] map jobs are done, [0 / 0] reduce jobs are done
2023/11/29 18:39:16 worker [8] get job [-1]
2023/11/29 18:39:16 worker [8] waiting
2023/11/29 18:39:16 worker [2] attempt times [3]
2023/11/29 18:39:16 worker [2] request job
2023/11/29 18:39:16 [Coordinator] get a request from worker [2]
2023/11/29 18:39:16 [7 / 8] map jobs are done, [0 / 0] reduce jobs are done
2023/11/29 18:39:16 worker [2] get job [-1]
2023/11/29 18:39:16 worker [2] waiting
2023/11/29 18:39:16 worker send register request
2023/11/29 18:39:16 worker [9] success register
2023/11/29 18:39:16 worker [9] attempt times [0]
2023/11/29 18:39:16 worker [9] request job
2023/11/29 18:39:16 [Coordinator] get a request from worker [9]
2023/11/29 18:39:16 [7 / 8] map jobs are done, [0 / 0] reduce jobs are done
2023/11/29 18:39:16 worker [9] get job [-1]
2023/11/29 18:39:16 worker [9] waiting
2023/11/29 18:39:17 worker [0] attempt times [3]
2023/11/29 18:39:17 worker [0] request job
2023/11/29 18:39:17 [Coordinator] get a request from worker [0]
2023/11/29 18:39:17 [7 / 8] map jobs are done, [0 / 0] reduce jobs are done
2023/11/29 18:39:17 worker [0] get job [-1]
2023/11/29 18:39:17 worker [0] waiting
2023/11/29 18:39:17 worker [8] attempt times [5]
2023/11/29 18:39:17 worker [8] request job
2023/11/29 18:39:17 [Coordinator] get a request from worker [8]
2023/11/29 18:39:17 [7 / 8] map jobs are done, [0 / 0] reduce jobs are done
2023/11/29 18:39:17 worker [8] get job [-1]
2023/11/29 18:39:17 worker [8] waiting
2023/11/29 18:39:17 worker [2] attempt times [4]
2023/11/29 18:39:17 worker [2] request job
2023/11/29 18:39:17 [Coordinator] get a request from worker [2]
2023/11/29 18:39:17 [7 / 8] map jobs are done, [0 / 0] reduce jobs are done
2023/11/29 18:39:17 worker [2] get job [-1]
2023/11/29 18:39:17 worker [2] waiting
2023/11/29 18:39:17 worker [9] attempt times [1]
2023/11/29 18:39:17 worker [9] request job
2023/11/29 18:39:17 [Coordinator] get a request from worker [9]
2023/11/29 18:39:17 [7 / 8] map jobs are done, [0 / 0] reduce jobs are done
2023/11/29 18:39:17 worker [9] get job [-1]
2023/11/29 18:39:17 worker [9] waiting
2023/11/29 18:39:18 worker [0] attempt times [4]
2023/11/29 18:39:18 worker [0] request job
2023/11/29 18:39:18 [Coordinator] get a request from worker [0]
2023/11/29 18:39:18 [7 / 8] map jobs are done, [0 / 0] reduce jobs are done
2023/11/29 18:39:18 worker [0] get job [-1]
2023/11/29 18:39:18 worker [0] waiting
2023/11/29 18:39:18 worker [8] attempt times [6]
2023/11/29 18:39:18 worker [8] request job
2023/11/29 18:39:18 [Coordinator] get a request from worker [8]
2023/11/29 18:39:18 [7 / 8] map jobs are done, [0 / 0] reduce jobs are done
2023/11/29 18:39:18 worker [8] get job [-1]
2023/11/29 18:39:18 worker [8] waiting
2023/11/29 18:39:18 worker [2] attempt times [5]
2023/11/29 18:39:18 worker [2] request job
2023/11/29 18:39:18 [Coordinator] get a request from worker [2]
2023/11/29 18:39:18 [7 / 8] map jobs are done, [0 / 0] reduce jobs are done
2023/11/29 18:39:18 worker [2] get job [-1]
2023/11/29 18:39:18 worker [2] waiting
2023/11/29 18:39:18 worker [9] attempt times [2]
2023/11/29 18:39:18 worker [9] request job
2023/11/29 18:39:18 [Coordinator] get a request from worker [9]
2023/11/29 18:39:18 [7 / 8] map jobs are done, [0 / 0] reduce jobs are done
2023/11/29 18:39:18 worker [9] get job [-1]
2023/11/29 18:39:18 worker [9] waiting
2023/11/29 18:39:19 worker [0] attempt times [5]
2023/11/29 18:39:19 worker [0] request job
2023/11/29 18:39:19 [Coordinator] get a request from worker [0]
2023/11/29 18:39:19 [7 / 8] map jobs are done, [0 / 0] reduce jobs are done
2023/11/29 18:39:19 worker [0] get job [-1]
2023/11/29 18:39:19 worker [0] waiting
2023/11/29 18:39:19 worker [8] attempt times [7]
2023/11/29 18:39:19 worker [8] request job
2023/11/29 18:39:19 [Coordinator] get a request from worker [8]
2023/11/29 18:39:19 [7 / 8] map jobs are done, [0 / 0] reduce jobs are done
2023/11/29 18:39:19 worker [8] get job [-1]
2023/11/29 18:39:19 worker [8] waiting
2023/11/29 18:39:19 worker [2] attempt times [6]
2023/11/29 18:39:19 worker [2] request job
2023/11/29 18:39:19 [Coordinator] get a request from worker [2]
2023/11/29 18:39:19 [7 / 8] map jobs are done, [0 / 0] reduce jobs are done
2023/11/29 18:39:19 worker [2] get job [-1]
2023/11/29 18:39:19 worker [2] waiting
2023/11/29 18:39:19 time 3.986499324s
2023/11/29 18:39:19 job [6] delete worker [3]
2023/11/29 18:39:19 job [6] enter MapJobChan
2023/11/29 18:39:19 worker [9] attempt times [3]
2023/11/29 18:39:19 worker [9] request job
2023/11/29 18:39:19 [Coordinator] get a request from worker [9]
2023/11/29 18:39:19 worker [9] get job [6]
2023/11/29 18:39:19 worker [9] do map job [6]
2023/11/29 18:39:20 worker [0] attempt times [6]
2023/11/29 18:39:20 worker [0] request job
2023/11/29 18:39:20 [Coordinator] get a request from worker [0]
2023/11/29 18:39:20 [7 / 8] map jobs are done, [0 / 0] reduce jobs are done
2023/11/29 18:39:20 worker [0] get job [-1]
2023/11/29 18:39:20 worker [0] waiting
2023/11/29 18:39:20 worker [8] attempt times [8]
2023/11/29 18:39:20 worker [8] request job
2023/11/29 18:39:20 [Coordinator] get a request from worker [8]
2023/11/29 18:39:20 [7 / 8] map jobs are done, [0 / 0] reduce jobs are done
2023/11/29 18:39:20 worker [8] get job [-1]
2023/11/29 18:39:20 worker [8] waiting
2023/11/29 18:39:20 worker [2] attempt times [7]
2023/11/29 18:39:20 worker [2] request job
2023/11/29 18:39:20 [Coordinator] get a request from worker [2]
2023/11/29 18:39:20 [7 / 8] map jobs are done, [0 / 0] reduce jobs are done
2023/11/29 18:39:20 worker [2] get job [-1]
2023/11/29 18:39:20 worker [2] waiting
2023/11/29 18:39:20 [Coordinator] worker [9] finish job [6]
2023/11/29 18:39:20 worker [9] attempt times [4]
2023/11/29 18:39:20 worker [9] request job
2023/11/29 18:39:20 [Coordinator] get a request from worker [9]
2023/11/29 18:39:20 [8 / 8] map jobs are done, [0 / 0] reduce jobs are done
2023/11/29 18:39:20 making reduce job = {8 1 0 <nil> 10 [mr-tmp-0-0 mr-tmp-1-0 mr-tmp-2-0 mr-tmp-3-0 mr-tmp-4-0 mr-tmp-5-0 mr-tmp-6-0 mr-tmp-7-0]}
2023/11/29 18:39:20 making reduce job = {9 1 0 <nil> 10 [mr-tmp-0-1 mr-tmp-1-1 mr-tmp-2-1 mr-tmp-3-1 mr-tmp-4-1 mr-tmp-5-1 mr-tmp-6-1 mr-tmp-7-1]}
2023/11/29 18:39:20 making reduce job = {10 1 0 <nil> 10 [mr-tmp-0-2 mr-tmp-1-2 mr-tmp-2-2 mr-tmp-3-2 mr-tmp-4-2 mr-tmp-5-2 mr-tmp-6-2 mr-tmp-7-2]}
2023/11/29 18:39:20 making reduce job = {11 1 0 <nil> 10 [mr-tmp-0-3 mr-tmp-1-3 mr-tmp-2-3 mr-tmp-3-3 mr-tmp-4-3 mr-tmp-5-3 mr-tmp-6-3 mr-tmp-7-3]}
2023/11/29 18:39:20 making reduce job = {12 1 0 <nil> 10 [mr-tmp-0-4 mr-tmp-1-4 mr-tmp-2-4 mr-tmp-3-4 mr-tmp-4-4 mr-tmp-5-4 mr-tmp-6-4 mr-tmp-7-4]}
2023/11/29 18:39:20 making reduce job = {13 1 0 <nil> 10 [mr-tmp-0-5 mr-tmp-1-5 mr-tmp-2-5 mr-tmp-3-5 mr-tmp-4-5 mr-tmp-5-5 mr-tmp-6-5 mr-tmp-7-5]}
2023/11/29 18:39:20 making reduce job = {14 1 0 <nil> 10 [mr-tmp-0-6 mr-tmp-1-6 mr-tmp-2-6 mr-tmp-3-6 mr-tmp-4-6 mr-tmp-5-6 mr-tmp-6-6 mr-tmp-7-6]}
2023/11/29 18:39:20 making reduce job = {15 1 0 <nil> 10 [mr-tmp-0-7 mr-tmp-1-7 mr-tmp-2-7 mr-tmp-3-7 mr-tmp-4-7 mr-tmp-5-7 mr-tmp-6-7 mr-tmp-7-7]}
2023/11/29 18:39:20 making reduce job = {16 1 0 <nil> 10 [mr-tmp-0-8 mr-tmp-1-8 mr-tmp-2-8 mr-tmp-3-8 mr-tmp-4-8 mr-tmp-5-8 mr-tmp-6-8 mr-tmp-7-8]}
2023/11/29 18:39:20 making reduce job = {17 1 0 <nil> 10 [mr-tmp-0-9 mr-tmp-1-9 mr-tmp-2-9 mr-tmp-3-9 mr-tmp-4-9 mr-tmp-5-9 mr-tmp-6-9 mr-tmp-7-9]}
2023/11/29 18:39:20 done making reduce jobs
2023/11/29 18:39:20 worker [9] get job [-1]
2023/11/29 18:39:20 worker [9] waiting
2023/11/29 18:39:21 worker [0] attempt times [7]
2023/11/29 18:39:21 worker [0] request job
2023/11/29 18:39:21 [Coordinator] get a request from worker [0]
2023/11/29 18:39:21 worker [0] get job [8]
2023/11/29 18:39:21 worker [0] do reduce job [8]
2023/11/29 18:39:21 worker [8] attempt times [9]
2023/11/29 18:39:21 worker [8] request job
2023/11/29 18:39:21 [Coordinator] get a request from worker [8]
2023/11/29 18:39:21 worker [8] get job [9]
2023/11/29 18:39:21 worker [8] do reduce job [9]
2023/11/29 18:39:21 [Coordinator] worker [8] finish job [9]
2023/11/29 18:39:21 worker [8] attempt times [10]
2023/11/29 18:39:21 worker [8] request job
2023/11/29 18:39:21 [Coordinator] get a request from worker [8]
2023/11/29 18:39:21 worker [8] get job [10]
2023/11/29 18:39:21 worker [8] do reduce job [10]
2023/11/29 18:39:21 worker [2] attempt times [8]
2023/11/29 18:39:21 worker [2] request job
2023/11/29 18:39:21 [Coordinator] get a request from worker [2]
2023/11/29 18:39:21 worker [2] get job [11]
2023/11/29 18:39:21 worker [2] do reduce job [11]
2023/11/29 18:39:21 [Coordinator] worker [2] finish job [11]
2023/11/29 18:39:21 worker [2] attempt times [9]
2023/11/29 18:39:21 worker [2] request job
2023/11/29 18:39:21 [Coordinator] get a request from worker [2]
2023/11/29 18:39:21 worker [2] get job [12]
2023/11/29 18:39:21 worker [2] do reduce job [12]
2023/11/29 18:39:21 [Coordinator] worker [2] finish job [12]
2023/11/29 18:39:21 worker [2] attempt times [10]
2023/11/29 18:39:21 worker [2] request job
2023/11/29 18:39:21 [Coordinator] get a request from worker [2]
2023/11/29 18:39:21 worker [2] get job [13]
2023/11/29 18:39:21 worker [2] do reduce job [13]
2023/11/29 18:39:21 worker [9] attempt times [5]
2023/11/29 18:39:21 worker [9] request job
2023/11/29 18:39:21 [Coordinator] get a request from worker [9]
2023/11/29 18:39:21 worker [9] get job [14]
2023/11/29 18:39:21 worker [9] do reduce job [14]
2023/11/29 18:39:21 [Coordinator] worker [9] finish job [14]
2023/11/29 18:39:21 worker [9] attempt times [6]
2023/11/29 18:39:21 worker [9] request job
2023/11/29 18:39:21 [Coordinator] get a request from worker [9]
2023/11/29 18:39:21 worker [9] get job [15]
2023/11/29 18:39:21 worker [9] do reduce job [15]
2023/11/29 18:39:21 [Coordinator] worker [9] finish job [15]
2023/11/29 18:39:21 worker [9] attempt times [7]
2023/11/29 18:39:21 worker [9] request job
2023/11/29 18:39:21 [Coordinator] get a request from worker [9]
2023/11/29 18:39:21 worker [9] get job [16]
2023/11/29 18:39:21 worker [9] do reduce job [16]
2023/11/29 18:39:21 [Coordinator] worker [9] finish job [16]
2023/11/29 18:39:21 worker [9] attempt times [8]
2023/11/29 18:39:21 worker [9] request job
2023/11/29 18:39:21 [Coordinator] get a request from worker [9]
2023/11/29 18:39:21 worker [9] get job [17]
2023/11/29 18:39:21 worker [9] do reduce job [17]
2023/11/29 18:39:22 worker send register request
2023/11/29 18:39:22 worker [10] success register
2023/11/29 18:39:22 worker [10] attempt times [0]
2023/11/29 18:39:22 worker [10] request job
2023/11/29 18:39:22 [Coordinator] get a request from worker [10]
2023/11/29 18:39:22 [8 / 8] map jobs are done, [6 / 10] reduce jobs are done
2023/11/29 18:39:22 worker [10] get job [-2]
2023/11/29 18:39:22 worker [10] waiting
2023/11/29 18:39:22 worker send register request
2023/11/29 18:39:22 worker [11] success register
2023/11/29 18:39:22 worker [11] attempt times [0]
2023/11/29 18:39:22 worker [11] request job
2023/11/29 18:39:22 [Coordinator] get a request from worker [11]
2023/11/29 18:39:22 [8 / 8] map jobs are done, [6 / 10] reduce jobs are done
2023/11/29 18:39:22 worker [11] get job [-2]
2023/11/29 18:39:22 worker [11] waiting
2023/11/29 18:39:23 worker [10] attempt times [1]
2023/11/29 18:39:23 worker [10] request job
2023/11/29 18:39:23 [Coordinator] get a request from worker [10]
2023/11/29 18:39:23 [8 / 8] map jobs are done, [6 / 10] reduce jobs are done
2023/11/29 18:39:23 worker [10] get job [-2]
2023/11/29 18:39:23 worker [10] waiting
2023/11/29 18:39:23 worker [11] attempt times [1]
2023/11/29 18:39:23 worker [11] request job
2023/11/29 18:39:23 [Coordinator] get a request from worker [11]
2023/11/29 18:39:23 [8 / 8] map jobs are done, [6 / 10] reduce jobs are done
2023/11/29 18:39:23 worker [11] get job [-2]
2023/11/29 18:39:23 worker [11] waiting
2023/11/29 18:39:24 worker [10] attempt times [2]
2023/11/29 18:39:24 worker [10] request job
2023/11/29 18:39:24 [Coordinator] get a request from worker [10]
2023/11/29 18:39:24 [8 / 8] map jobs are done, [6 / 10] reduce jobs are done
2023/11/29 18:39:24 worker [10] get job [-2]
2023/11/29 18:39:24 worker [10] waiting
2023/11/29 18:39:24 worker [11] attempt times [2]
2023/11/29 18:39:24 worker [11] request job
2023/11/29 18:39:24 [Coordinator] get a request from worker [11]
2023/11/29 18:39:24 [8 / 8] map jobs are done, [6 / 10] reduce jobs are done
2023/11/29 18:39:24 worker [11] get job [-2]
2023/11/29 18:39:24 worker [11] waiting
2023/11/29 18:39:24 time 3.985060997s
2023/11/29 18:39:24 job [8] delete worker [0]
2023/11/29 18:39:24 job [8] enter ReduceJobChan
2023/11/29 18:39:24 time 3.981502588s
2023/11/29 18:39:24 job [13] delete worker [2]
2023/11/29 18:39:24 job [13] enter ReduceJobChan
2023/11/29 18:39:24 time 3.15714605s
2023/11/29 18:39:24 job [10] delete worker [8]
2023/11/29 18:39:24 job [10] enter ReduceJobChan
2023/11/29 18:39:25 worker [10] attempt times [3]
2023/11/29 18:39:25 worker [10] request job
2023/11/29 18:39:25 [Coordinator] get a request from worker [10]
2023/11/29 18:39:25 worker [10] get job [8]
2023/11/29 18:39:25 worker [10] do reduce job [8]
2023/11/29 18:39:25 worker [11] attempt times [3]
2023/11/29 18:39:25 worker [11] request job
2023/11/29 18:39:25 [Coordinator] get a request from worker [11]
2023/11/29 18:39:25 worker [11] get job [13]
2023/11/29 18:39:25 worker [11] do reduce job [13]
2023/11/29 18:39:25 [Coordinator] worker [11] finish job [13]
2023/11/29 18:39:25 worker [11] attempt times [4]
2023/11/29 18:39:25 worker [11] request job
2023/11/29 18:39:25 [Coordinator] get a request from worker [11]
2023/11/29 18:39:25 worker [11] get job [10]
2023/11/29 18:39:25 worker [11] do reduce job [10]
2023/11/29 18:39:25 [Coordinator] worker [11] finish job [10]
2023/11/29 18:39:25 worker [11] attempt times [5]
2023/11/29 18:39:25 worker [11] request job
2023/11/29 18:39:25 [Coordinator] get a request from worker [11]
2023/11/29 18:39:25 [8 / 8] map jobs are done, [8 / 10] reduce jobs are done
2023/11/29 18:39:25 worker [11] get job [-2]
2023/11/29 18:39:25 worker [11] waiting
2023/11/29 18:39:26 worker [11] attempt times [6]
2023/11/29 18:39:26 worker [11] request job
2023/11/29 18:39:26 [Coordinator] get a request from worker [11]
2023/11/29 18:39:26 [8 / 8] map jobs are done, [8 / 10] reduce jobs are done
2023/11/29 18:39:26 worker [11] get job [-2]
2023/11/29 18:39:26 worker [11] waiting
2023/11/29 18:39:26 [Coordinator] worker [10] finish job [8]
2023/11/29 18:39:26 worker [10] attempt times [4]
2023/11/29 18:39:26 worker [10] request job
2023/11/29 18:39:26 [Coordinator] get a request from worker [10]
2023/11/29 18:39:26 [8 / 8] map jobs are done, [9 / 10] reduce jobs are done
2023/11/29 18:39:26 worker [10] get job [-2]
2023/11/29 18:39:26 worker [10] waiting
2023/11/29 18:39:27 worker [11] attempt times [7]
2023/11/29 18:39:27 worker [11] request job
2023/11/29 18:39:27 [Coordinator] get a request from worker [11]
2023/11/29 18:39:27 [8 / 8] map jobs are done, [9 / 10] reduce jobs are done
2023/11/29 18:39:27 worker [11] get job [-2]
2023/11/29 18:39:27 worker [11] waiting
2023/11/29 18:39:27 worker [10] attempt times [5]
2023/11/29 18:39:27 worker [10] request job
2023/11/29 18:39:27 [Coordinator] get a request from worker [10]
2023/11/29 18:39:27 [8 / 8] map jobs are done, [9 / 10] reduce jobs are done
2023/11/29 18:39:27 worker [10] get job [-2]
2023/11/29 18:39:27 worker [10] waiting
2023/11/29 18:39:28 worker [11] attempt times [8]
2023/11/29 18:39:28 worker [11] request job
2023/11/29 18:39:28 [Coordinator] get a request from worker [11]
2023/11/29 18:39:28 [8 / 8] map jobs are done, [9 / 10] reduce jobs are done
2023/11/29 18:39:28 worker [11] get job [-2]
2023/11/29 18:39:28 worker [11] waiting
2023/11/29 18:39:28 worker [10] attempt times [6]
2023/11/29 18:39:28 worker [10] request job
2023/11/29 18:39:28 [Coordinator] get a request from worker [10]
2023/11/29 18:39:28 [8 / 8] map jobs are done, [9 / 10] reduce jobs are done
2023/11/29 18:39:28 worker [10] get job [-2]
2023/11/29 18:39:28 worker [10] waiting
2023/11/29 18:39:29 worker [11] attempt times [9]
2023/11/29 18:39:29 worker [11] request job
2023/11/29 18:39:29 [Coordinator] get a request from worker [11]
2023/11/29 18:39:29 [8 / 8] map jobs are done, [9 / 10] reduce jobs are done
2023/11/29 18:39:29 worker [11] get job [-2]
2023/11/29 18:39:29 worker [11] waiting
2023/11/29 18:39:29 worker [10] attempt times [7]
2023/11/29 18:39:29 worker [10] request job
2023/11/29 18:39:29 [Coordinator] get a request from worker [10]
2023/11/29 18:39:29 [8 / 8] map jobs are done, [9 / 10] reduce jobs are done
2023/11/29 18:39:29 worker [10] get job [-2]
2023/11/29 18:39:29 worker [10] waiting
2023/11/29 18:39:30 [Coordinator] worker [9] finish job [17]
2023/11/29 18:39:30 worker [9] attempt times [9]
2023/11/29 18:39:30 worker [9] request job
2023/11/29 18:39:30 [Coordinator] get a request from worker [9]
2023/11/29 18:39:30 [8 / 8] map jobs are done, [10 / 10] reduce jobs are done
2023/11/29 18:39:30 worker [9] get job [-2]
2023/11/29 18:39:30 worker [9] waiting
2023/11/29 18:39:30 worker [11] attempt times [10]
2023/11/29 18:39:30 worker [11] request job
2023/11/29 18:39:30 [Coordinator] get a request from worker [11]
2023/11/29 18:39:30 worker [11] get job [-3]
2023/11/29 18:39:30 worker [11] kill
2023/11/29 18:39:30 worker [10] attempt times [8]
2023/11/29 18:39:30 worker [10] request job
2023/11/29 18:39:30 [Coordinator] get a request from worker [10]
2023/11/29 18:39:30 worker [10] get job [-3]
2023/11/29 18:39:30 worker [10] kill
2023/11/29 18:39:31 worker [9] attempt times [10]
2023/11/29 18:39:31 worker [9] request job
2023/11/29 18:39:31 [Coordinator] get a request from worker [9]
2023/11/29 18:39:31 worker [9] get job [-3]
2023/11/29 18:39:31 worker [9] kill
2023/11/29 18:39:31 worker send register request
2023/11/29 18:39:31 worker [12] success register
2023/11/29 18:39:31 worker [12] attempt times [0]
2023/11/29 18:39:31 worker [12] request job
2023/11/29 18:39:31 [Coordinator] get a request from worker [12]
2023/11/29 18:39:31 worker [12] get job [-3]
2023/11/29 18:39:31 worker [12] kill
--- crash test: PASS
*** PASSED ALL TESTS
