第 1 次循环
Test (2A): initial election ...
  ... Passed --   3.0  3  110   32720    0
Test (2A): election after network failure ...
  ... Passed --   4.5  3  227   50732    0
Test (2A): multiple elections ...
  ... Passed --   5.5  7 1009  225928    0
Test (2B): basic agreement ...
  ... Passed --   0.5  3   16    4666    3
Test (2B): RPC byte count ...
  ... Passed --   1.0  3   48  114822   11
Test (2B): test progressive failure of followers ...
  ... Passed --   4.5  3  203   47805    3
Test (2B): test failure of leaders ...
  ... Passed --   4.8  3  350   82274    3
Test (2B): agreement after follower reconnects ...
  ... Passed --   5.3  3  217   62419    8
Test (2B): no agreement if too many followers disconnect ...
  ... Passed --   3.4  5  328   77502    4
Test (2B): concurrent Start()s ...
  ... Passed --   0.6  3   18    5402    6
Test (2B): rejoin of partitioned leader ...
  ... Passed --   5.8  3  338   88767    4
Test (2B): leader backs up quickly over incorrect follower logs ...
  ... Passed --  13.3  5 2224 1769237  102
Test (2B): RPC counts aren't too high ...
  ... Passed --   2.0  3   72   21918   12
Test (2C): basic persistence ...
  ... Passed --   3.2  3  115   32310    6
Test (2C): more persistence ...
  ... Passed --  14.8  5 1521  358782   16
Test (2C): partitioned leader and one follower crash, leader restarts ...
  ... Passed --   1.4  3   44   12094    4
Test (2C): Figure 8 ...
  ... Passed --  32.3  5 1712  416074   65
Test (2C): unreliable agreement ...
  ... Passed --   1.5  5  290  115809  246
Test (2C): Figure 8 (unreliable) ...
  ... Passed --  31.9  5 11430 23096647  211
Test (2C): churn ...
  ... Passed --  16.1  5 7741 48862808 2046
Test (2C): unreliable churn ...
  ... Passed --  16.2  5 2203 1669506  627
Test (2D): snapshots basic ...
  ... Passed --   2.7  3  149   56719  236
Test (2D): install snapshots (disconnect) ...
  ... Passed --  36.6  3 1668  658875  343
Test (2D): install snapshots (disconnect+unreliable) ...
  ... Passed --  40.7  3 1841  689038  325
Test (2D): install snapshots (crash) ...
  ... Passed --  24.8  3 1005  454491  328
Test (2D): install snapshots (unreliable+crash) ...
  ... Passed --  29.3  3 1111  481107  326
Test (2D): crash and restart all servers ...
  ... Passed --   5.7  3  258   79448   58
Test (2D): snapshot initialization after crash ...
  ... Passed --   1.9  3   69   20756   14
PASS
ok  	6.5840/raft	313.651s
--------------------
