第 1 次循环
Test: static shards ...
  ... Passed
Test: join then leave ...
  ... Passed
Test: snapshots, join, and leave ...
  ... Passed
Test: servers miss configuration changes...
  ... Passed
Test: concurrent puts and configuration changes...
  ... Passed
Test: more concurrent puts and configuration changes...
  ... Passed
Test: concurrent configuration change and restart...
  ... Passed
Test: unreliable 1...
  ... Passed
Test: unreliable 2...
  ... Passed
Test: unreliable 3...
  ... Passed
Test: shard deletion (challenge 1) ...
  ... Passed
Test: unaffected shard access (challenge 2) ...
  ... Passed
Test: partial migration shard access (challenge 2) ...
  ... Passed
PASS
ok  	6.5840/shardkv	93.727s
--------------------
第 2 次循环
Test: static shards ...
  ... Passed
Test: join then leave ...
  ... Passed
Test: snapshots, join, and leave ...
  ... Passed
Test: servers miss configuration changes...
  ... Passed
Test: concurrent puts and configuration changes...
  ... Passed
Test: more concurrent puts and configuration changes...
  ... Passed
Test: concurrent configuration change and restart...
  ... Passed
Test: unreliable 1...
  ... Passed
Test: unreliable 2...
  ... Passed
Test: unreliable 3...
  ... Passed
Test: shard deletion (challenge 1) ...
  ... Passed
Test: unaffected shard access (challenge 2) ...
  ... Passed
Test: partial migration shard access (challenge 2) ...
  ... Passed
PASS
ok  	6.5840/shardkv	91.044s
--------------------
第 3 次循环
Test: static shards ...
  ... Passed
Test: join then leave ...
  ... Passed
Test: snapshots, join, and leave ...
  ... Passed
Test: servers miss configuration changes...
  ... Passed
Test: concurrent puts and configuration changes...
  ... Passed
Test: more concurrent puts and configuration changes...
  ... Passed
Test: concurrent configuration change and restart...
  ... Passed
Test: unreliable 1...
  ... Passed
Test: unreliable 2...
  ... Passed
Test: unreliable 3...
  ... Passed
Test: shard deletion (challenge 1) ...
  ... Passed
Test: unaffected shard access (challenge 2) ...
  ... Passed
Test: partial migration shard access (challenge 2) ...
  ... Passed
PASS
ok  	6.5840/shardkv	91.336s
--------------------
第 4 次循环
Test: static shards ...
  ... Passed
Test: join then leave ...
  ... Passed
Test: snapshots, join, and leave ...
  ... Passed
Test: servers miss configuration changes...
  ... Passed
Test: concurrent puts and configuration changes...
  ... Passed
Test: more concurrent puts and configuration changes...
  ... Passed
Test: concurrent configuration change and restart...
  ... Passed
Test: unreliable 1...
  ... Passed
Test: unreliable 2...
  ... Passed
Test: unreliable 3...
  ... Passed
Test: shard deletion (challenge 1) ...
  ... Passed
Test: unaffected shard access (challenge 2) ...
  ... Passed
Test: partial migration shard access (challenge 2) ...
  ... Passed
PASS
ok  	6.5840/shardkv	92.658s
--------------------
第 5 次循环
Test: static shards ...
  ... Passed
Test: join then leave ...
  ... Passed
Test: snapshots, join, and leave ...
  ... Passed
Test: servers miss configuration changes...
  ... Passed
Test: concurrent puts and configuration changes...
  ... Passed
Test: more concurrent puts and configuration changes...
  ... Passed
Test: concurrent configuration change and restart...
  ... Passed
Test: unreliable 1...
  ... Passed
Test: unreliable 2...
  ... Passed
Test: unreliable 3...
  ... Passed
Test: shard deletion (challenge 1) ...
  ... Passed
Test: unaffected shard access (challenge 2) ...
  ... Passed
Test: partial migration shard access (challenge 2) ...
  ... Passed
PASS
ok  	6.5840/shardkv	96.845s
--------------------
第 6 次循环
Test: static shards ...
  ... Passed
Test: join then leave ...
  ... Passed
Test: snapshots, join, and leave ...
  ... Passed
Test: servers miss configuration changes...
  ... Passed
Test: concurrent puts and configuration changes...
  ... Passed
Test: more concurrent puts and configuration changes...
  ... Passed
Test: concurrent configuration change and restart...
  ... Passed
Test: unreliable 1...
  ... Passed
Test: unreliable 2...
  ... Passed
Test: unreliable 3...
  ... Passed
Test: shard deletion (challenge 1) ...
  ... Passed
Test: unaffected shard access (challenge 2) ...
  ... Passed
Test: partial migration shard access (challenge 2) ...
  ... Passed
PASS
ok  	6.5840/shardkv	92.162s
--------------------
第 7 次循环
Test: static shards ...
  ... Passed
Test: join then leave ...
  ... Passed
Test: snapshots, join, and leave ...
  ... Passed
Test: servers miss configuration changes...
  ... Passed
Test: concurrent puts and configuration changes...
  ... Passed
Test: more concurrent puts and configuration changes...
  ... Passed
Test: concurrent configuration change and restart...
  ... Passed
Test: unreliable 1...
  ... Passed
Test: unreliable 2...
  ... Passed
Test: unreliable 3...
  ... Passed
Test: shard deletion (challenge 1) ...
  ... Passed
Test: unaffected shard access (challenge 2) ...
  ... Passed
Test: partial migration shard access (challenge 2) ...
  ... Passed
PASS
ok  	6.5840/shardkv	91.667s
--------------------
第 8 次循环
Test: static shards ...
  ... Passed
Test: join then leave ...
  ... Passed
Test: snapshots, join, and leave ...
  ... Passed
Test: servers miss configuration changes...
  ... Passed
Test: concurrent puts and configuration changes...
  ... Passed
Test: more concurrent puts and configuration changes...
  ... Passed
Test: concurrent configuration change and restart...
  ... Passed
Test: unreliable 1...
  ... Passed
Test: unreliable 2...
  ... Passed
Test: unreliable 3...
  ... Passed
Test: shard deletion (challenge 1) ...
  ... Passed
Test: unaffected shard access (challenge 2) ...
  ... Passed
Test: partial migration shard access (challenge 2) ...
  ... Passed
PASS
ok  	6.5840/shardkv	92.302s
--------------------
第 9 次循环
Test: static shards ...
  ... Passed
Test: join then leave ...
  ... Passed
Test: snapshots, join, and leave ...
  ... Passed
Test: servers miss configuration changes...
  ... Passed
Test: concurrent puts and configuration changes...
  ... Passed
Test: more concurrent puts and configuration changes...
  ... Passed
Test: concurrent configuration change and restart...
  ... Passed
Test: unreliable 1...
  ... Passed
Test: unreliable 2...
  ... Passed
Test: unreliable 3...
  ... Passed
Test: shard deletion (challenge 1) ...
  ... Passed
Test: unaffected shard access (challenge 2) ...
  ... Passed
Test: partial migration shard access (challenge 2) ...
  ... Passed
PASS
ok  	6.5840/shardkv	91.024s
--------------------
第 10 次循环
Test: static shards ...
  ... Passed
Test: join then leave ...
  ... Passed
Test: snapshots, join, and leave ...
  ... Passed
Test: servers miss configuration changes...
  ... Passed
Test: concurrent puts and configuration changes...
  ... Passed
Test: more concurrent puts and configuration changes...
  ... Passed
Test: concurrent configuration change and restart...
  ... Passed
Test: unreliable 1...
  ... Passed
Test: unreliable 2...
  ... Passed
Test: unreliable 3...
  ... Passed
Test: shard deletion (challenge 1) ...
  ... Passed
Test: unaffected shard access (challenge 2) ...
  ... Passed
Test: partial migration shard access (challenge 2) ...
  ... Passed
PASS
ok  	6.5840/shardkv	92.885s
--------------------
第 11 次循环
Test: static shards ...
  ... Passed
Test: join then leave ...
  ... Passed
Test: snapshots, join, and leave ...
  ... Passed
Test: servers miss configuration changes...
  ... Passed
Test: concurrent puts and configuration changes...
  ... Passed
Test: more concurrent puts and configuration changes...
  ... Passed
Test: concurrent configuration change and restart...
  ... Passed
Test: unreliable 1...
  ... Passed
Test: unreliable 2...
  ... Passed
Test: unreliable 3...
  ... Passed
Test: shard deletion (challenge 1) ...
  ... Passed
Test: unaffected shard access (challenge 2) ...
  ... Passed
Test: partial migration shard access (challenge 2) ...
  ... Passed
PASS
ok  	6.5840/shardkv	95.540s
--------------------
第 12 次循环
Test: static shards ...
  ... Passed
Test: join then leave ...
  ... Passed
Test: snapshots, join, and leave ...
  ... Passed
Test: servers miss configuration changes...
  ... Passed
Test: concurrent puts and configuration changes...
  ... Passed
Test: more concurrent puts and configuration changes...
  ... Passed
Test: concurrent configuration change and restart...
  ... Passed
Test: unreliable 1...
  ... Passed
Test: unreliable 2...
  ... Passed
Test: unreliable 3...
  ... Passed
Test: shard deletion (challenge 1) ...
  ... Passed
Test: unaffected shard access (challenge 2) ...
  ... Passed
Test: partial migration shard access (challenge 2) ...
  ... Passed
PASS
ok  	6.5840/shardkv	95.957s
--------------------
第 13 次循环
Test: static shards ...
  ... Passed
Test: join then leave ...
  ... Passed
Test: snapshots, join, and leave ...
  ... Passed
Test: servers miss configuration changes...
  ... Passed
Test: concurrent puts and configuration changes...
  ... Passed
Test: more concurrent puts and configuration changes...
  ... Passed
Test: concurrent configuration change and restart...
  ... Passed
Test: unreliable 1...
  ... Passed
Test: unreliable 2...
  ... Passed
Test: unreliable 3...
  ... Passed
Test: shard deletion (challenge 1) ...
  ... Passed
Test: unaffected shard access (challenge 2) ...
  ... Passed
Test: partial migration shard access (challenge 2) ...
  ... Passed
PASS
ok  	6.5840/shardkv	92.667s
--------------------
第 14 次循环
Test: static shards ...
  ... Passed
Test: join then leave ...
  ... Passed
Test: snapshots, join, and leave ...
  ... Passed
Test: servers miss configuration changes...
  ... Passed
Test: concurrent puts and configuration changes...
  ... Passed
Test: more concurrent puts and configuration changes...
  ... Passed
Test: concurrent configuration change and restart...
  ... Passed
Test: unreliable 1...
  ... Passed
Test: unreliable 2...
  ... Passed
Test: unreliable 3...
  ... Passed
Test: shard deletion (challenge 1) ...
  ... Passed
Test: unaffected shard access (challenge 2) ...
  ... Passed
Test: partial migration shard access (challenge 2) ...
  ... Passed
PASS
ok  	6.5840/shardkv	92.711s
--------------------
第 15 次循环
Test: static shards ...
  ... Passed
Test: join then leave ...
  ... Passed
Test: snapshots, join, and leave ...
  ... Passed
Test: servers miss configuration changes...
  ... Passed
Test: concurrent puts and configuration changes...
  ... Passed
Test: more concurrent puts and configuration changes...
  ... Passed
Test: concurrent configuration change and restart...
  ... Passed
Test: unreliable 1...
  ... Passed
Test: unreliable 2...
  ... Passed
Test: unreliable 3...
  ... Passed
Test: shard deletion (challenge 1) ...
  ... Passed
Test: unaffected shard access (challenge 2) ...
  ... Passed
Test: partial migration shard access (challenge 2) ...
  ... Passed
PASS
ok  	6.5840/shardkv	94.828s
--------------------
第 16 次循环
Test: static shards ...
  ... Passed
Test: join then leave ...
  ... Passed
Test: snapshots, join, and leave ...
  ... Passed
Test: servers miss configuration changes...
  ... Passed
Test: concurrent puts and configuration changes...
  ... Passed
Test: more concurrent puts and configuration changes...
  ... Passed
Test: concurrent configuration change and restart...
  ... Passed
Test: unreliable 1...
  ... Passed
Test: unreliable 2...
  ... Passed
Test: unreliable 3...
  ... Passed
Test: shard deletion (challenge 1) ...
  ... Passed
Test: unaffected shard access (challenge 2) ...
  ... Passed
Test: partial migration shard access (challenge 2) ...
  ... Passed
PASS
ok  	6.5840/shardkv	94.450s
--------------------
第 17 次循环
Test: static shards ...
  ... Passed
Test: join then leave ...
  ... Passed
Test: snapshots, join, and leave ...
  ... Passed
Test: servers miss configuration changes...
  ... Passed
Test: concurrent puts and configuration changes...
  ... Passed
Test: more concurrent puts and configuration changes...
  ... Passed
Test: concurrent configuration change and restart...
  ... Passed
Test: unreliable 1...
  ... Passed
Test: unreliable 2...
  ... Passed
Test: unreliable 3...
  ... Passed
Test: shard deletion (challenge 1) ...
  ... Passed
Test: unaffected shard access (challenge 2) ...
  ... Passed
Test: partial migration shard access (challenge 2) ...
  ... Passed
PASS
ok  	6.5840/shardkv	93.055s
--------------------
第 18 次循环
Test: static shards ...
  ... Passed
Test: join then leave ...
  ... Passed
Test: snapshots, join, and leave ...
  ... Passed
Test: servers miss configuration changes...
  ... Passed
Test: concurrent puts and configuration changes...
  ... Passed
Test: more concurrent puts and configuration changes...
  ... Passed
Test: concurrent configuration change and restart...
  ... Passed
Test: unreliable 1...
  ... Passed
Test: unreliable 2...
  ... Passed
Test: unreliable 3...
  ... Passed
Test: shard deletion (challenge 1) ...
  ... Passed
Test: unaffected shard access (challenge 2) ...
  ... Passed
Test: partial migration shard access (challenge 2) ...
  ... Passed
PASS
ok  	6.5840/shardkv	95.461s
--------------------
第 19 次循环
Test: static shards ...
  ... Passed
Test: join then leave ...
  ... Passed
Test: snapshots, join, and leave ...
  ... Passed
Test: servers miss configuration changes...
  ... Passed
Test: concurrent puts and configuration changes...
  ... Passed
Test: more concurrent puts and configuration changes...
  ... Passed
Test: concurrent configuration change and restart...
  ... Passed
Test: unreliable 1...
  ... Passed
Test: unreliable 2...
  ... Passed
Test: unreliable 3...
  ... Passed
Test: shard deletion (challenge 1) ...
  ... Passed
Test: unaffected shard access (challenge 2) ...
  ... Passed
Test: partial migration shard access (challenge 2) ...
  ... Passed
PASS
ok  	6.5840/shardkv	93.353s
--------------------
第 20 次循环
Test: static shards ...
  ... Passed
Test: join then leave ...
  ... Passed
Test: snapshots, join, and leave ...
  ... Passed
Test: servers miss configuration changes...
  ... Passed
Test: concurrent puts and configuration changes...
  ... Passed
Test: more concurrent puts and configuration changes...
  ... Passed
Test: concurrent configuration change and restart...
  ... Passed
Test: unreliable 1...
  ... Passed
Test: unreliable 2...
  ... Passed
Test: unreliable 3...
  ... Passed
Test: shard deletion (challenge 1) ...
  ... Passed
Test: unaffected shard access (challenge 2) ...
  ... Passed
Test: partial migration shard access (challenge 2) ...
  ... Passed
PASS
ok  	6.5840/shardkv	91.703s
--------------------
第 21 次循环
Test: static shards ...
  ... Passed
Test: join then leave ...
  ... Passed
Test: snapshots, join, and leave ...
  ... Passed
Test: servers miss configuration changes...
  ... Passed
Test: concurrent puts and configuration changes...
  ... Passed
Test: more concurrent puts and configuration changes...
  ... Passed
Test: concurrent configuration change and restart...
  ... Passed
Test: unreliable 1...
  ... Passed
Test: unreliable 2...
  ... Passed
Test: unreliable 3...
  ... Passed
Test: shard deletion (challenge 1) ...
  ... Passed
Test: unaffected shard access (challenge 2) ...
  ... Passed
Test: partial migration shard access (challenge 2) ...
  ... Passed
PASS
ok  	6.5840/shardkv	95.107s
--------------------
第 22 次循环
Test: static shards ...
  ... Passed
Test: join then leave ...
  ... Passed
Test: snapshots, join, and leave ...
  ... Passed
Test: servers miss configuration changes...
  ... Passed
Test: concurrent puts and configuration changes...
  ... Passed
Test: more concurrent puts and configuration changes...
  ... Passed
Test: concurrent configuration change and restart...
  ... Passed
Test: unreliable 1...
  ... Passed
Test: unreliable 2...
  ... Passed
Test: unreliable 3...
  ... Passed
Test: shard deletion (challenge 1) ...
  ... Passed
Test: unaffected shard access (challenge 2) ...
  ... Passed
Test: partial migration shard access (challenge 2) ...
  ... Passed
PASS
ok  	6.5840/shardkv	91.078s
--------------------
第 23 次循环
Test: static shards ...
  ... Passed
Test: join then leave ...
  ... Passed
Test: snapshots, join, and leave ...
  ... Passed
Test: servers miss configuration changes...
  ... Passed
Test: concurrent puts and configuration changes...
  ... Passed
Test: more concurrent puts and configuration changes...
  ... Passed
Test: concurrent configuration change and restart...
  ... Passed
Test: unreliable 1...
  ... Passed
Test: unreliable 2...
  ... Passed
Test: unreliable 3...
  ... Passed
Test: shard deletion (challenge 1) ...
  ... Passed
Test: unaffected shard access (challenge 2) ...
  ... Passed
Test: partial migration shard access (challenge 2) ...
  ... Passed
PASS
ok  	6.5840/shardkv	93.126s
--------------------
第 24 次循环
Test: static shards ...
  ... Passed
Test: join then leave ...
  ... Passed
Test: snapshots, join, and leave ...
  ... Passed
Test: servers miss configuration changes...
  ... Passed
Test: concurrent puts and configuration changes...
  ... Passed
Test: more concurrent puts and configuration changes...
  ... Passed
Test: concurrent configuration change and restart...
  ... Passed
Test: unreliable 1...
  ... Passed
Test: unreliable 2...
  ... Passed
Test: unreliable 3...
  ... Passed
Test: shard deletion (challenge 1) ...
  ... Passed
Test: unaffected shard access (challenge 2) ...
  ... Passed
Test: partial migration shard access (challenge 2) ...
  ... Passed
PASS
ok  	6.5840/shardkv	93.564s
--------------------
第 25 次循环
Test: static shards ...
  ... Passed
Test: join then leave ...
  ... Passed
Test: snapshots, join, and leave ...
  ... Passed
Test: servers miss configuration changes...
  ... Passed
Test: concurrent puts and configuration changes...
  ... Passed
Test: more concurrent puts and configuration changes...
  ... Passed
Test: concurrent configuration change and restart...
  ... Passed
Test: unreliable 1...
  ... Passed
Test: unreliable 2...
  ... Passed
Test: unreliable 3...
  ... Passed
Test: shard deletion (challenge 1) ...
  ... Passed
Test: unaffected shard access (challenge 2) ...
  ... Passed
Test: partial migration shard access (challenge 2) ...
  ... Passed
PASS
ok  	6.5840/shardkv	89.218s
--------------------
第 26 次循环
Test: static shards ...
  ... Passed
Test: join then leave ...
  ... Passed
Test: snapshots, join, and leave ...
  ... Passed
Test: servers miss configuration changes...
  ... Passed
Test: concurrent puts and configuration changes...
  ... Passed
Test: more concurrent puts and configuration changes...
  ... Passed
Test: concurrent configuration change and restart...
  ... Passed
Test: unreliable 1...
  ... Passed
Test: unreliable 2...
  ... Passed
Test: unreliable 3...
  ... Passed
Test: shard deletion (challenge 1) ...
  ... Passed
Test: unaffected shard access (challenge 2) ...
  ... Passed
Test: partial migration shard access (challenge 2) ...
  ... Passed
PASS
ok  	6.5840/shardkv	92.912s
--------------------
第 27 次循环
Test: static shards ...
  ... Passed
Test: join then leave ...
  ... Passed
Test: snapshots, join, and leave ...
  ... Passed
Test: servers miss configuration changes...
  ... Passed
Test: concurrent puts and configuration changes...
  ... Passed
Test: more concurrent puts and configuration changes...
  ... Passed
Test: concurrent configuration change and restart...
  ... Passed
Test: unreliable 1...
  ... Passed
Test: unreliable 2...
  ... Passed
Test: unreliable 3...
  ... Passed
Test: shard deletion (challenge 1) ...
  ... Passed
Test: unaffected shard access (challenge 2) ...
  ... Passed
Test: partial migration shard access (challenge 2) ...
  ... Passed
PASS
ok  	6.5840/shardkv	94.992s
--------------------
第 28 次循环
Test: static shards ...
  ... Passed
Test: join then leave ...
  ... Passed
Test: snapshots, join, and leave ...
  ... Passed
Test: servers miss configuration changes...
  ... Passed
Test: concurrent puts and configuration changes...
  ... Passed
Test: more concurrent puts and configuration changes...
  ... Passed
Test: concurrent configuration change and restart...
  ... Passed
Test: unreliable 1...
  ... Passed
Test: unreliable 2...
  ... Passed
Test: unreliable 3...
  ... Passed
Test: shard deletion (challenge 1) ...
  ... Passed
Test: unaffected shard access (challenge 2) ...
  ... Passed
Test: partial migration shard access (challenge 2) ...
  ... Passed
PASS
ok  	6.5840/shardkv	92.046s
--------------------
第 29 次循环
Test: static shards ...
  ... Passed
Test: join then leave ...
  ... Passed
Test: snapshots, join, and leave ...
  ... Passed
Test: servers miss configuration changes...
  ... Passed
Test: concurrent puts and configuration changes...
  ... Passed
Test: more concurrent puts and configuration changes...
  ... Passed
Test: concurrent configuration change and restart...
  ... Passed
Test: unreliable 1...
  ... Passed
Test: unreliable 2...
  ... Passed
Test: unreliable 3...
  ... Passed
Test: shard deletion (challenge 1) ...
  ... Passed
Test: unaffected shard access (challenge 2) ...
  ... Passed
Test: partial migration shard access (challenge 2) ...
  ... Passed
PASS
ok  	6.5840/shardkv	97.234s
--------------------
第 30 次循环
Test: static shards ...
  ... Passed
Test: join then leave ...
  ... Passed
Test: snapshots, join, and leave ...
  ... Passed
Test: servers miss configuration changes...
  ... Passed
Test: concurrent puts and configuration changes...
  ... Passed
Test: more concurrent puts and configuration changes...
  ... Passed
Test: concurrent configuration change and restart...
  ... Passed
Test: unreliable 1...
  ... Passed
Test: unreliable 2...
  ... Passed
Test: unreliable 3...
  ... Passed
Test: shard deletion (challenge 1) ...
  ... Passed
Test: unaffected shard access (challenge 2) ...
  ... Passed
Test: partial migration shard access (challenge 2) ...
  ... Passed
PASS
ok  	6.5840/shardkv	94.273s
--------------------
第 31 次循环
Test: static shards ...
  ... Passed
Test: join then leave ...
  ... Passed
Test: snapshots, join, and leave ...
  ... Passed
Test: servers miss configuration changes...
  ... Passed
Test: concurrent puts and configuration changes...
  ... Passed
Test: more concurrent puts and configuration changes...
  ... Passed
Test: concurrent configuration change and restart...
  ... Passed
Test: unreliable 1...
  ... Passed
Test: unreliable 2...
  ... Passed
Test: unreliable 3...
  ... Passed
Test: shard deletion (challenge 1) ...
  ... Passed
Test: unaffected shard access (challenge 2) ...
  ... Passed
Test: partial migration shard access (challenge 2) ...
  ... Passed
PASS
ok  	6.5840/shardkv	94.518s
--------------------
第 32 次循环
Test: static shards ...
  ... Passed
Test: join then leave ...
  ... Passed
Test: snapshots, join, and leave ...
  ... Passed
Test: servers miss configuration changes...
  ... Passed
Test: concurrent puts and configuration changes...
  ... Passed
Test: more concurrent puts and configuration changes...
  ... Passed
Test: concurrent configuration change and restart...
  ... Passed
Test: unreliable 1...
  ... Passed
Test: unreliable 2...
  ... Passed
Test: unreliable 3...
  ... Passed
Test: shard deletion (challenge 1) ...
  ... Passed
Test: unaffected shard access (challenge 2) ...
  ... Passed
Test: partial migration shard access (challenge 2) ...
  ... Passed
PASS
ok  	6.5840/shardkv	95.018s
--------------------
第 33 次循环
Test: static shards ...
  ... Passed
Test: join then leave ...
  ... Passed
Test: snapshots, join, and leave ...
  ... Passed
Test: servers miss configuration changes...
  ... Passed
Test: concurrent puts and configuration changes...
  ... Passed
Test: more concurrent puts and configuration changes...
  ... Passed
Test: concurrent configuration change and restart...
  ... Passed
Test: unreliable 1...
  ... Passed
Test: unreliable 2...
  ... Passed
Test: unreliable 3...
  ... Passed
Test: shard deletion (challenge 1) ...
  ... Passed
Test: unaffected shard access (challenge 2) ...
  ... Passed
Test: partial migration shard access (challenge 2) ...
  ... Passed
PASS
ok  	6.5840/shardkv	90.905s
--------------------
第 34 次循环
Test: static shards ...
  ... Passed
Test: join then leave ...
  ... Passed
Test: snapshots, join, and leave ...
  ... Passed
Test: servers miss configuration changes...
  ... Passed
Test: concurrent puts and configuration changes...
  ... Passed
Test: more concurrent puts and configuration changes...
  ... Passed
Test: concurrent configuration change and restart...
  ... Passed
Test: unreliable 1...
  ... Passed
Test: unreliable 2...
  ... Passed
Test: unreliable 3...
  ... Passed
Test: shard deletion (challenge 1) ...
  ... Passed
Test: unaffected shard access (challenge 2) ...
  ... Passed
Test: partial migration shard access (challenge 2) ...
  ... Passed
PASS
ok  	6.5840/shardkv	94.980s
--------------------
第 35 次循环
Test: static shards ...
  ... Passed
Test: join then leave ...
  ... Passed
Test: snapshots, join, and leave ...
  ... Passed
Test: servers miss configuration changes...
  ... Passed
Test: concurrent puts and configuration changes...
  ... Passed
Test: more concurrent puts and configuration changes...
  ... Passed
Test: concurrent configuration change and restart...
  ... Passed
Test: unreliable 1...
  ... Passed
Test: unreliable 2...
  ... Passed
Test: unreliable 3...
  ... Passed
Test: shard deletion (challenge 1) ...
  ... Passed
Test: unaffected shard access (challenge 2) ...
  ... Passed
Test: partial migration shard access (challenge 2) ...
  ... Passed
PASS
ok  	6.5840/shardkv	90.089s
--------------------
第 36 次循环
Test: static shards ...
  ... Passed
Test: join then leave ...
  ... Passed
Test: snapshots, join, and leave ...
  ... Passed
Test: servers miss configuration changes...
  ... Passed
Test: concurrent puts and configuration changes...
  ... Passed
Test: more concurrent puts and configuration changes...
  ... Passed
Test: concurrent configuration change and restart...
  ... Passed
Test: unreliable 1...
  ... Passed
Test: unreliable 2...
  ... Passed
Test: unreliable 3...
  ... Passed
Test: shard deletion (challenge 1) ...
  ... Passed
Test: unaffected shard access (challenge 2) ...
  ... Passed
Test: partial migration shard access (challenge 2) ...
  ... Passed
PASS
ok  	6.5840/shardkv	92.042s
--------------------
第 37 次循环
Test: static shards ...
  ... Passed
Test: join then leave ...
  ... Passed
Test: snapshots, join, and leave ...
  ... Passed
Test: servers miss configuration changes...
  ... Passed
Test: concurrent puts and configuration changes...
  ... Passed
Test: more concurrent puts and configuration changes...
  ... Passed
Test: concurrent configuration change and restart...
  ... Passed
Test: unreliable 1...
  ... Passed
Test: unreliable 2...
  ... Passed
Test: unreliable 3...
  ... Passed
Test: shard deletion (challenge 1) ...
  ... Passed
Test: unaffected shard access (challenge 2) ...
  ... Passed
Test: partial migration shard access (challenge 2) ...
  ... Passed
PASS
ok  	6.5840/shardkv	93.769s
--------------------
第 38 次循环
Test: static shards ...
  ... Passed
Test: join then leave ...
  ... Passed
Test: snapshots, join, and leave ...
  ... Passed
Test: servers miss configuration changes...
  ... Passed
Test: concurrent puts and configuration changes...
  ... Passed
Test: more concurrent puts and configuration changes...
  ... Passed
Test: concurrent configuration change and restart...
  ... Passed
Test: unreliable 1...
  ... Passed
Test: unreliable 2...
  ... Passed
Test: unreliable 3...
  ... Passed
Test: shard deletion (challenge 1) ...
  ... Passed
Test: unaffected shard access (challenge 2) ...
  ... Passed
Test: partial migration shard access (challenge 2) ...
  ... Passed
PASS
ok  	6.5840/shardkv	94.331s
--------------------
第 39 次循环
Test: static shards ...
  ... Passed
Test: join then leave ...
  ... Passed
Test: snapshots, join, and leave ...
  ... Passed
Test: servers miss configuration changes...
  ... Passed
Test: concurrent puts and configuration changes...
  ... Passed
Test: more concurrent puts and configuration changes...
  ... Passed
Test: concurrent configuration change and restart...
  ... Passed
Test: unreliable 1...
  ... Passed
Test: unreliable 2...
  ... Passed
Test: unreliable 3...
  ... Passed
Test: shard deletion (challenge 1) ...
  ... Passed
Test: unaffected shard access (challenge 2) ...
  ... Passed
Test: partial migration shard access (challenge 2) ...
  ... Passed
PASS
ok  	6.5840/shardkv	93.119s
--------------------
第 40 次循环
Test: static shards ...
  ... Passed
Test: join then leave ...
  ... Passed
Test: snapshots, join, and leave ...
  ... Passed
Test: servers miss configuration changes...
  ... Passed
Test: concurrent puts and configuration changes...
  ... Passed
Test: more concurrent puts and configuration changes...
  ... Passed
Test: concurrent configuration change and restart...
  ... Passed
Test: unreliable 1...
  ... Passed
Test: unreliable 2...
  ... Passed
Test: unreliable 3...
  ... Passed
Test: shard deletion (challenge 1) ...
  ... Passed
Test: unaffected shard access (challenge 2) ...
  ... Passed
Test: partial migration shard access (challenge 2) ...
  ... Passed
PASS
ok  	6.5840/shardkv	94.326s
--------------------
第 41 次循环
Test: static shards ...
  ... Passed
Test: join then leave ...
  ... Passed
Test: snapshots, join, and leave ...
  ... Passed
Test: servers miss configuration changes...
  ... Passed
Test: concurrent puts and configuration changes...
  ... Passed
Test: more concurrent puts and configuration changes...
  ... Passed
Test: concurrent configuration change and restart...
  ... Passed
Test: unreliable 1...
  ... Passed
Test: unreliable 2...
  ... Passed
Test: unreliable 3...
  ... Passed
Test: shard deletion (challenge 1) ...
  ... Passed
Test: unaffected shard access (challenge 2) ...
  ... Passed
Test: partial migration shard access (challenge 2) ...
  ... Passed
PASS
ok  	6.5840/shardkv	90.633s
--------------------
第 42 次循环
Test: static shards ...
  ... Passed
Test: join then leave ...
  ... Passed
Test: snapshots, join, and leave ...
  ... Passed
Test: servers miss configuration changes...
  ... Passed
Test: concurrent puts and configuration changes...
  ... Passed
Test: more concurrent puts and configuration changes...
  ... Passed
Test: concurrent configuration change and restart...
  ... Passed
Test: unreliable 1...
  ... Passed
Test: unreliable 2...
  ... Passed
Test: unreliable 3...
  ... Passed
Test: shard deletion (challenge 1) ...
  ... Passed
Test: unaffected shard access (challenge 2) ...
  ... Passed
Test: partial migration shard access (challenge 2) ...
  ... Passed
PASS
ok  	6.5840/shardkv	89.964s
--------------------
第 43 次循环
Test: static shards ...
  ... Passed
Test: join then leave ...
  ... Passed
Test: snapshots, join, and leave ...
  ... Passed
Test: servers miss configuration changes...
  ... Passed
Test: concurrent puts and configuration changes...
  ... Passed
Test: more concurrent puts and configuration changes...
  ... Passed
Test: concurrent configuration change and restart...
  ... Passed
Test: unreliable 1...
  ... Passed
Test: unreliable 2...
  ... Passed
Test: unreliable 3...
  ... Passed
Test: shard deletion (challenge 1) ...
  ... Passed
Test: unaffected shard access (challenge 2) ...
  ... Passed
Test: partial migration shard access (challenge 2) ...
  ... Passed
PASS
ok  	6.5840/shardkv	94.668s
--------------------
第 44 次循环
Test: static shards ...
  ... Passed
Test: join then leave ...
  ... Passed
Test: snapshots, join, and leave ...
  ... Passed
Test: servers miss configuration changes...
  ... Passed
Test: concurrent puts and configuration changes...
  ... Passed
Test: more concurrent puts and configuration changes...
  ... Passed
Test: concurrent configuration change and restart...
  ... Passed
Test: unreliable 1...
  ... Passed
Test: unreliable 2...
  ... Passed
Test: unreliable 3...
  ... Passed
Test: shard deletion (challenge 1) ...
  ... Passed
Test: unaffected shard access (challenge 2) ...
  ... Passed
Test: partial migration shard access (challenge 2) ...
  ... Passed
PASS
ok  	6.5840/shardkv	93.481s
--------------------
第 45 次循环
Test: static shards ...
  ... Passed
Test: join then leave ...
  ... Passed
Test: snapshots, join, and leave ...
  ... Passed
Test: servers miss configuration changes...
  ... Passed
Test: concurrent puts and configuration changes...
  ... Passed
Test: more concurrent puts and configuration changes...
  ... Passed
Test: concurrent configuration change and restart...
  ... Passed
Test: unreliable 1...
  ... Passed
Test: unreliable 2...
  ... Passed
Test: unreliable 3...
  ... Passed
Test: shard deletion (challenge 1) ...
  ... Passed
Test: unaffected shard access (challenge 2) ...
  ... Passed
Test: partial migration shard access (challenge 2) ...
  ... Passed
PASS
ok  	6.5840/shardkv	91.614s
--------------------
第 46 次循环
Test: static shards ...
  ... Passed
Test: join then leave ...
  ... Passed
Test: snapshots, join, and leave ...
  ... Passed
Test: servers miss configuration changes...
  ... Passed
Test: concurrent puts and configuration changes...
  ... Passed
Test: more concurrent puts and configuration changes...
  ... Passed
Test: concurrent configuration change and restart...
  ... Passed
Test: unreliable 1...
  ... Passed
Test: unreliable 2...
  ... Passed
Test: unreliable 3...
  ... Passed
Test: shard deletion (challenge 1) ...
  ... Passed
Test: unaffected shard access (challenge 2) ...
  ... Passed
Test: partial migration shard access (challenge 2) ...
  ... Passed
PASS
ok  	6.5840/shardkv	97.465s
--------------------
第 47 次循环
Test: static shards ...
  ... Passed
Test: join then leave ...
  ... Passed
Test: snapshots, join, and leave ...
  ... Passed
Test: servers miss configuration changes...
  ... Passed
Test: concurrent puts and configuration changes...
  ... Passed
Test: more concurrent puts and configuration changes...
  ... Passed
Test: concurrent configuration change and restart...
  ... Passed
Test: unreliable 1...
  ... Passed
Test: unreliable 2...
  ... Passed
Test: unreliable 3...
  ... Passed
Test: shard deletion (challenge 1) ...
  ... Passed
Test: unaffected shard access (challenge 2) ...
  ... Passed
Test: partial migration shard access (challenge 2) ...
  ... Passed
PASS
ok  	6.5840/shardkv	95.695s
--------------------
第 48 次循环
Test: static shards ...
  ... Passed
Test: join then leave ...
  ... Passed
Test: snapshots, join, and leave ...
  ... Passed
Test: servers miss configuration changes...
  ... Passed
Test: concurrent puts and configuration changes...
  ... Passed
Test: more concurrent puts and configuration changes...
  ... Passed
Test: concurrent configuration change and restart...
  ... Passed
Test: unreliable 1...
  ... Passed
Test: unreliable 2...
  ... Passed
Test: unreliable 3...
  ... Passed
Test: shard deletion (challenge 1) ...
  ... Passed
Test: unaffected shard access (challenge 2) ...
  ... Passed
Test: partial migration shard access (challenge 2) ...
  ... Passed
PASS
ok  	6.5840/shardkv	92.300s
--------------------
第 49 次循环
Test: static shards ...
  ... Passed
Test: join then leave ...
  ... Passed
Test: snapshots, join, and leave ...
  ... Passed
Test: servers miss configuration changes...
  ... Passed
Test: concurrent puts and configuration changes...
  ... Passed
Test: more concurrent puts and configuration changes...
  ... Passed
Test: concurrent configuration change and restart...
  ... Passed
Test: unreliable 1...
  ... Passed
Test: unreliable 2...
  ... Passed
Test: unreliable 3...
  ... Passed
Test: shard deletion (challenge 1) ...
  ... Passed
Test: unaffected shard access (challenge 2) ...
  ... Passed
Test: partial migration shard access (challenge 2) ...
  ... Passed
PASS
ok  	6.5840/shardkv	92.967s
--------------------
第 50 次循环
Test: static shards ...
  ... Passed
Test: join then leave ...
  ... Passed
Test: snapshots, join, and leave ...
  ... Passed
Test: servers miss configuration changes...
  ... Passed
Test: concurrent puts and configuration changes...
  ... Passed
Test: more concurrent puts and configuration changes...
  ... Passed
Test: concurrent configuration change and restart...
  ... Passed
Test: unreliable 1...
  ... Passed
Test: unreliable 2...
  ... Passed
Test: unreliable 3...
  ... Passed
Test: shard deletion (challenge 1) ...
  ... Passed
Test: unaffected shard access (challenge 2) ...
  ... Passed
Test: partial migration shard access (challenge 2) ...
  ... Passed
PASS
ok  	6.5840/shardkv	94.475s
--------------------
第 51 次循环
Test: static shards ...
  ... Passed
Test: join then leave ...
  ... Passed
Test: snapshots, join, and leave ...
  ... Passed
Test: servers miss configuration changes...
  ... Passed
Test: concurrent puts and configuration changes...
  ... Passed
Test: more concurrent puts and configuration changes...
  ... Passed
Test: concurrent configuration change and restart...
  ... Passed
Test: unreliable 1...
  ... Passed
Test: unreliable 2...
  ... Passed
Test: unreliable 3...
  ... Passed
Test: shard deletion (challenge 1) ...
  ... Passed
Test: unaffected shard access (challenge 2) ...
  ... Passed
Test: partial migration shard access (challenge 2) ...
  ... Passed
PASS
ok  	6.5840/shardkv	96.543s
--------------------
第 52 次循环
Test: static shards ...
  ... Passed
Test: join then leave ...
  ... Passed
Test: snapshots, join, and leave ...
  ... Passed
Test: servers miss configuration changes...
  ... Passed
Test: concurrent puts and configuration changes...
  ... Passed
Test: more concurrent puts and configuration changes...
  ... Passed
Test: concurrent configuration change and restart...
  ... Passed
Test: unreliable 1...
  ... Passed
Test: unreliable 2...
  ... Passed
Test: unreliable 3...
  ... Passed
Test: shard deletion (challenge 1) ...
  ... Passed
Test: unaffected shard access (challenge 2) ...
  ... Passed
Test: partial migration shard access (challenge 2) ...
  ... Passed
PASS
ok  	6.5840/shardkv	90.502s
--------------------
第 53 次循环
Test: static shards ...
  ... Passed
Test: join then leave ...
  ... Passed
Test: snapshots, join, and leave ...
  ... Passed
Test: servers miss configuration changes...
  ... Passed
Test: concurrent puts and configuration changes...
  ... Passed
Test: more concurrent puts and configuration changes...
  ... Passed
Test: concurrent configuration change and restart...
  ... Passed
Test: unreliable 1...
  ... Passed
Test: unreliable 2...
  ... Passed
Test: unreliable 3...
  ... Passed
Test: shard deletion (challenge 1) ...
  ... Passed
Test: unaffected shard access (challenge 2) ...
  ... Passed
Test: partial migration shard access (challenge 2) ...
  ... Passed
PASS
ok  	6.5840/shardkv	92.949s
--------------------
第 54 次循环
Test: static shards ...
  ... Passed
Test: join then leave ...
  ... Passed
Test: snapshots, join, and leave ...
  ... Passed
Test: servers miss configuration changes...
  ... Passed
Test: concurrent puts and configuration changes...
  ... Passed
Test: more concurrent puts and configuration changes...
  ... Passed
Test: concurrent configuration change and restart...
  ... Passed
Test: unreliable 1...
  ... Passed
Test: unreliable 2...
  ... Passed
Test: unreliable 3...
  ... Passed
Test: shard deletion (challenge 1) ...
  ... Passed
Test: unaffected shard access (challenge 2) ...
  ... Passed
Test: partial migration shard access (challenge 2) ...
  ... Passed
PASS
ok  	6.5840/shardkv	96.160s
--------------------
第 55 次循环
Test: static shards ...
  ... Passed
Test: join then leave ...
  ... Passed
Test: snapshots, join, and leave ...
  ... Passed
Test: servers miss configuration changes...
  ... Passed
Test: concurrent puts and configuration changes...
  ... Passed
Test: more concurrent puts and configuration changes...
  ... Passed
Test: concurrent configuration change and restart...
  ... Passed
Test: unreliable 1...
  ... Passed
Test: unreliable 2...
  ... Passed
Test: unreliable 3...
  ... Passed
Test: shard deletion (challenge 1) ...
  ... Passed
Test: unaffected shard access (challenge 2) ...
  ... Passed
Test: partial migration shard access (challenge 2) ...
  ... Passed
PASS
ok  	6.5840/shardkv	93.569s
--------------------
第 56 次循环
Test: static shards ...
  ... Passed
Test: join then leave ...
  ... Passed
Test: snapshots, join, and leave ...
  ... Passed
Test: servers miss configuration changes...
  ... Passed
Test: concurrent puts and configuration changes...
  ... Passed
Test: more concurrent puts and configuration changes...
  ... Passed
Test: concurrent configuration change and restart...
  ... Passed
Test: unreliable 1...
  ... Passed
Test: unreliable 2...
  ... Passed
Test: unreliable 3...
  ... Passed
Test: shard deletion (challenge 1) ...
  ... Passed
Test: unaffected shard access (challenge 2) ...
  ... Passed
Test: partial migration shard access (challenge 2) ...
  ... Passed
PASS
ok  	6.5840/shardkv	93.373s
--------------------
第 57 次循环
Test: static shards ...
  ... Passed
Test: join then leave ...
  ... Passed
Test: snapshots, join, and leave ...
  ... Passed
Test: servers miss configuration changes...
  ... Passed
Test: concurrent puts and configuration changes...
  ... Passed
Test: more concurrent puts and configuration changes...
  ... Passed
Test: concurrent configuration change and restart...
  ... Passed
Test: unreliable 1...
  ... Passed
Test: unreliable 2...
  ... Passed
Test: unreliable 3...
  ... Passed
Test: shard deletion (challenge 1) ...
  ... Passed
Test: unaffected shard access (challenge 2) ...
  ... Passed
Test: partial migration shard access (challenge 2) ...
  ... Passed
PASS
ok  	6.5840/shardkv	93.563s
--------------------
第 58 次循环
Test: static shards ...
  ... Passed
Test: join then leave ...
  ... Passed
Test: snapshots, join, and leave ...
  ... Passed
Test: servers miss configuration changes...
  ... Passed
Test: concurrent puts and configuration changes...
  ... Passed
Test: more concurrent puts and configuration changes...
  ... Passed
Test: concurrent configuration change and restart...
  ... Passed
Test: unreliable 1...
  ... Passed
Test: unreliable 2...
  ... Passed
Test: unreliable 3...
  ... Passed
Test: shard deletion (challenge 1) ...
  ... Passed
Test: unaffected shard access (challenge 2) ...
  ... Passed
Test: partial migration shard access (challenge 2) ...
  ... Passed
PASS
ok  	6.5840/shardkv	89.367s
--------------------
第 59 次循环
Test: static shards ...
  ... Passed
Test: join then leave ...
  ... Passed
Test: snapshots, join, and leave ...
  ... Passed
Test: servers miss configuration changes...
  ... Passed
Test: concurrent puts and configuration changes...
  ... Passed
Test: more concurrent puts and configuration changes...
  ... Passed
Test: concurrent configuration change and restart...
  ... Passed
Test: unreliable 1...
  ... Passed
Test: unreliable 2...
  ... Passed
Test: unreliable 3...
  ... Passed
Test: shard deletion (challenge 1) ...
  ... Passed
Test: unaffected shard access (challenge 2) ...
  ... Passed
Test: partial migration shard access (challenge 2) ...
  ... Passed
PASS
ok  	6.5840/shardkv	93.405s
--------------------
第 60 次循环
Test: static shards ...
  ... Passed
Test: join then leave ...
  ... Passed
Test: snapshots, join, and leave ...
  ... Passed
Test: servers miss configuration changes...
  ... Passed
Test: concurrent puts and configuration changes...
  ... Passed
Test: more concurrent puts and configuration changes...
  ... Passed
Test: concurrent configuration change and restart...
  ... Passed
Test: unreliable 1...
  ... Passed
Test: unreliable 2...
  ... Passed
Test: unreliable 3...
  ... Passed
Test: shard deletion (challenge 1) ...
  ... Passed
Test: unaffected shard access (challenge 2) ...
  ... Passed
Test: partial migration shard access (challenge 2) ...
  ... Passed
PASS
ok  	6.5840/shardkv	94.544s
--------------------
第 61 次循环
Test: static shards ...
  ... Passed
Test: join then leave ...
  ... Passed
Test: snapshots, join, and leave ...
  ... Passed
Test: servers miss configuration changes...
  ... Passed
Test: concurrent puts and configuration changes...
  ... Passed
Test: more concurrent puts and configuration changes...
  ... Passed
Test: concurrent configuration change and restart...
  ... Passed
Test: unreliable 1...
  ... Passed
Test: unreliable 2...
  ... Passed
Test: unreliable 3...
  ... Passed
Test: shard deletion (challenge 1) ...
  ... Passed
Test: unaffected shard access (challenge 2) ...
  ... Passed
Test: partial migration shard access (challenge 2) ...
  ... Passed
PASS
ok  	6.5840/shardkv	93.107s
--------------------
第 62 次循环
Test: static shards ...
  ... Passed
Test: join then leave ...
  ... Passed
Test: snapshots, join, and leave ...
  ... Passed
Test: servers miss configuration changes...
  ... Passed
Test: concurrent puts and configuration changes...
  ... Passed
Test: more concurrent puts and configuration changes...
  ... Passed
Test: concurrent configuration change and restart...
  ... Passed
Test: unreliable 1...
  ... Passed
Test: unreliable 2...
  ... Passed
Test: unreliable 3...
  ... Passed
Test: shard deletion (challenge 1) ...
  ... Passed
Test: unaffected shard access (challenge 2) ...
  ... Passed
Test: partial migration shard access (challenge 2) ...
  ... Passed
PASS
ok  	6.5840/shardkv	92.908s
--------------------
第 63 次循环
Test: static shards ...
  ... Passed
Test: join then leave ...
  ... Passed
Test: snapshots, join, and leave ...
  ... Passed
Test: servers miss configuration changes...
  ... Passed
Test: concurrent puts and configuration changes...
  ... Passed
Test: more concurrent puts and configuration changes...
  ... Passed
Test: concurrent configuration change and restart...
  ... Passed
Test: unreliable 1...
  ... Passed
Test: unreliable 2...
  ... Passed
Test: unreliable 3...
  ... Passed
Test: shard deletion (challenge 1) ...
  ... Passed
Test: unaffected shard access (challenge 2) ...
  ... Passed
Test: partial migration shard access (challenge 2) ...
  ... Passed
PASS
ok  	6.5840/shardkv	92.093s
--------------------
第 64 次循环
Test: static shards ...
  ... Passed
Test: join then leave ...
  ... Passed
Test: snapshots, join, and leave ...
  ... Passed
Test: servers miss configuration changes...
  ... Passed
Test: concurrent puts and configuration changes...
  ... Passed
Test: more concurrent puts and configuration changes...
  ... Passed
Test: concurrent configuration change and restart...
  ... Passed
Test: unreliable 1...
  ... Passed
Test: unreliable 2...
  ... Passed
Test: unreliable 3...
  ... Passed
Test: shard deletion (challenge 1) ...
  ... Passed
Test: unaffected shard access (challenge 2) ...
  ... Passed
Test: partial migration shard access (challenge 2) ...
  ... Passed
PASS
ok  	6.5840/shardkv	94.998s
--------------------
第 65 次循环
Test: static shards ...
  ... Passed
Test: join then leave ...
  ... Passed
Test: snapshots, join, and leave ...
  ... Passed
Test: servers miss configuration changes...
  ... Passed
Test: concurrent puts and configuration changes...
  ... Passed
Test: more concurrent puts and configuration changes...
  ... Passed
Test: concurrent configuration change and restart...
  ... Passed
Test: unreliable 1...
  ... Passed
Test: unreliable 2...
  ... Passed
Test: unreliable 3...
  ... Passed
Test: shard deletion (challenge 1) ...
  ... Passed
Test: unaffected shard access (challenge 2) ...
  ... Passed
Test: partial migration shard access (challenge 2) ...
  ... Passed
PASS
ok  	6.5840/shardkv	91.578s
--------------------
第 66 次循环
Test: static shards ...
  ... Passed
Test: join then leave ...
  ... Passed
Test: snapshots, join, and leave ...
  ... Passed
Test: servers miss configuration changes...
  ... Passed
Test: concurrent puts and configuration changes...
  ... Passed
Test: more concurrent puts and configuration changes...
  ... Passed
Test: concurrent configuration change and restart...
  ... Passed
Test: unreliable 1...
  ... Passed
Test: unreliable 2...
  ... Passed
Test: unreliable 3...
  ... Passed
Test: shard deletion (challenge 1) ...
  ... Passed
Test: unaffected shard access (challenge 2) ...
  ... Passed
Test: partial migration shard access (challenge 2) ...
  ... Passed
PASS
ok  	6.5840/shardkv	89.998s
--------------------
第 67 次循环
Test: static shards ...
  ... Passed
Test: join then leave ...
  ... Passed
Test: snapshots, join, and leave ...
  ... Passed
Test: servers miss configuration changes...
  ... Passed
Test: concurrent puts and configuration changes...
  ... Passed
Test: more concurrent puts and configuration changes...
  ... Passed
Test: concurrent configuration change and restart...
  ... Passed
Test: unreliable 1...
  ... Passed
Test: unreliable 2...
  ... Passed
Test: unreliable 3...
  ... Passed
Test: shard deletion (challenge 1) ...
  ... Passed
Test: unaffected shard access (challenge 2) ...
  ... Passed
Test: partial migration shard access (challenge 2) ...
  ... Passed
PASS
ok  	6.5840/shardkv	94.488s
--------------------
第 68 次循环
Test: static shards ...
  ... Passed
Test: join then leave ...
  ... Passed
Test: snapshots, join, and leave ...
  ... Passed
Test: servers miss configuration changes...
  ... Passed
Test: concurrent puts and configuration changes...
  ... Passed
Test: more concurrent puts and configuration changes...
  ... Passed
Test: concurrent configuration change and restart...
  ... Passed
Test: unreliable 1...
  ... Passed
Test: unreliable 2...
  ... Passed
Test: unreliable 3...
  ... Passed
Test: shard deletion (challenge 1) ...
  ... Passed
Test: unaffected shard access (challenge 2) ...
  ... Passed
Test: partial migration shard access (challenge 2) ...
  ... Passed
PASS
ok  	6.5840/shardkv	89.660s
--------------------
第 69 次循环
Test: static shards ...
  ... Passed
Test: join then leave ...
  ... Passed
Test: snapshots, join, and leave ...
  ... Passed
Test: servers miss configuration changes...
  ... Passed
Test: concurrent puts and configuration changes...
  ... Passed
Test: more concurrent puts and configuration changes...
  ... Passed
Test: concurrent configuration change and restart...
  ... Passed
Test: unreliable 1...
  ... Passed
Test: unreliable 2...
  ... Passed
Test: unreliable 3...
  ... Passed
Test: shard deletion (challenge 1) ...
  ... Passed
Test: unaffected shard access (challenge 2) ...
  ... Passed
Test: partial migration shard access (challenge 2) ...
  ... Passed
PASS
ok  	6.5840/shardkv	90.366s
--------------------
第 70 次循环
Test: static shards ...
  ... Passed
Test: join then leave ...
  ... Passed
Test: snapshots, join, and leave ...
  ... Passed
Test: servers miss configuration changes...
  ... Passed
Test: concurrent puts and configuration changes...
  ... Passed
Test: more concurrent puts and configuration changes...
  ... Passed
Test: concurrent configuration change and restart...
  ... Passed
Test: unreliable 1...
  ... Passed
Test: unreliable 2...
  ... Passed
Test: unreliable 3...
  ... Passed
Test: shard deletion (challenge 1) ...
  ... Passed
Test: unaffected shard access (challenge 2) ...
  ... Passed
Test: partial migration shard access (challenge 2) ...
  ... Passed
PASS
ok  	6.5840/shardkv	93.508s
--------------------
第 71 次循环
Test: static shards ...
  ... Passed
Test: join then leave ...
  ... Passed
Test: snapshots, join, and leave ...
  ... Passed
Test: servers miss configuration changes...
  ... Passed
Test: concurrent puts and configuration changes...
  ... Passed
Test: more concurrent puts and configuration changes...
  ... Passed
Test: concurrent configuration change and restart...
  ... Passed
Test: unreliable 1...
  ... Passed
Test: unreliable 2...
  ... Passed
Test: unreliable 3...
  ... Passed
Test: shard deletion (challenge 1) ...
  ... Passed
Test: unaffected shard access (challenge 2) ...
  ... Passed
Test: partial migration shard access (challenge 2) ...
  ... Passed
PASS
ok  	6.5840/shardkv	92.819s
--------------------
第 72 次循环
Test: static shards ...
  ... Passed
Test: join then leave ...
  ... Passed
Test: snapshots, join, and leave ...
  ... Passed
Test: servers miss configuration changes...
  ... Passed
Test: concurrent puts and configuration changes...
  ... Passed
Test: more concurrent puts and configuration changes...
  ... Passed
Test: concurrent configuration change and restart...
  ... Passed
Test: unreliable 1...
  ... Passed
Test: unreliable 2...
  ... Passed
Test: unreliable 3...
  ... Passed
Test: shard deletion (challenge 1) ...
  ... Passed
Test: unaffected shard access (challenge 2) ...
  ... Passed
Test: partial migration shard access (challenge 2) ...
  ... Passed
PASS
ok  	6.5840/shardkv	94.275s
--------------------
第 73 次循环
Test: static shards ...
  ... Passed
Test: join then leave ...
  ... Passed
Test: snapshots, join, and leave ...
  ... Passed
Test: servers miss configuration changes...
  ... Passed
Test: concurrent puts and configuration changes...
  ... Passed
Test: more concurrent puts and configuration changes...
  ... Passed
Test: concurrent configuration change and restart...
  ... Passed
Test: unreliable 1...
  ... Passed
Test: unreliable 2...
  ... Passed
Test: unreliable 3...
  ... Passed
Test: shard deletion (challenge 1) ...
  ... Passed
Test: unaffected shard access (challenge 2) ...
  ... Passed
Test: partial migration shard access (challenge 2) ...
  ... Passed
PASS
ok  	6.5840/shardkv	93.270s
--------------------
第 74 次循环
Test: static shards ...
  ... Passed
Test: join then leave ...
  ... Passed
Test: snapshots, join, and leave ...
  ... Passed
Test: servers miss configuration changes...
  ... Passed
Test: concurrent puts and configuration changes...
  ... Passed
Test: more concurrent puts and configuration changes...
  ... Passed
Test: concurrent configuration change and restart...
  ... Passed
Test: unreliable 1...
  ... Passed
Test: unreliable 2...
  ... Passed
Test: unreliable 3...
  ... Passed
Test: shard deletion (challenge 1) ...
  ... Passed
Test: unaffected shard access (challenge 2) ...
  ... Passed
Test: partial migration shard access (challenge 2) ...
  ... Passed
PASS
ok  	6.5840/shardkv	92.707s
--------------------
第 75 次循环
Test: static shards ...
  ... Passed
Test: join then leave ...
  ... Passed
Test: snapshots, join, and leave ...
  ... Passed
Test: servers miss configuration changes...
  ... Passed
Test: concurrent puts and configuration changes...
  ... Passed
Test: more concurrent puts and configuration changes...
  ... Passed
Test: concurrent configuration change and restart...
  ... Passed
Test: unreliable 1...
  ... Passed
Test: unreliable 2...
  ... Passed
Test: unreliable 3...
  ... Passed
Test: shard deletion (challenge 1) ...
  ... Passed
Test: unaffected shard access (challenge 2) ...
  ... Passed
Test: partial migration shard access (challenge 2) ...
  ... Passed
PASS
ok  	6.5840/shardkv	92.984s
--------------------
第 76 次循环
Test: static shards ...
  ... Passed
Test: join then leave ...
  ... Passed
Test: snapshots, join, and leave ...
  ... Passed
Test: servers miss configuration changes...
  ... Passed
Test: concurrent puts and configuration changes...
  ... Passed
Test: more concurrent puts and configuration changes...
  ... Passed
Test: concurrent configuration change and restart...
  ... Passed
Test: unreliable 1...
  ... Passed
Test: unreliable 2...
  ... Passed
Test: unreliable 3...
  ... Passed
Test: shard deletion (challenge 1) ...
  ... Passed
Test: unaffected shard access (challenge 2) ...
  ... Passed
Test: partial migration shard access (challenge 2) ...
  ... Passed
PASS
ok  	6.5840/shardkv	90.839s
--------------------
第 77 次循环
Test: static shards ...
  ... Passed
Test: join then leave ...
  ... Passed
Test: snapshots, join, and leave ...
  ... Passed
Test: servers miss configuration changes...
  ... Passed
Test: concurrent puts and configuration changes...
  ... Passed
Test: more concurrent puts and configuration changes...
  ... Passed
Test: concurrent configuration change and restart...
  ... Passed
Test: unreliable 1...
  ... Passed
Test: unreliable 2...
  ... Passed
Test: unreliable 3...
  ... Passed
Test: shard deletion (challenge 1) ...
  ... Passed
Test: unaffected shard access (challenge 2) ...
  ... Passed
Test: partial migration shard access (challenge 2) ...
  ... Passed
PASS
ok  	6.5840/shardkv	91.538s
--------------------
第 78 次循环
Test: static shards ...
  ... Passed
Test: join then leave ...
  ... Passed
Test: snapshots, join, and leave ...
  ... Passed
Test: servers miss configuration changes...
  ... Passed
Test: concurrent puts and configuration changes...
  ... Passed
Test: more concurrent puts and configuration changes...
  ... Passed
Test: concurrent configuration change and restart...
  ... Passed
Test: unreliable 1...
  ... Passed
Test: unreliable 2...
  ... Passed
Test: unreliable 3...
  ... Passed
Test: shard deletion (challenge 1) ...
  ... Passed
Test: unaffected shard access (challenge 2) ...
  ... Passed
Test: partial migration shard access (challenge 2) ...
  ... Passed
PASS
ok  	6.5840/shardkv	92.327s
--------------------
第 79 次循环
Test: static shards ...
  ... Passed
Test: join then leave ...
  ... Passed
Test: snapshots, join, and leave ...
  ... Passed
Test: servers miss configuration changes...
  ... Passed
Test: concurrent puts and configuration changes...
  ... Passed
Test: more concurrent puts and configuration changes...
  ... Passed
Test: concurrent configuration change and restart...
  ... Passed
Test: unreliable 1...
  ... Passed
Test: unreliable 2...
  ... Passed
Test: unreliable 3...
  ... Passed
Test: shard deletion (challenge 1) ...
  ... Passed
Test: unaffected shard access (challenge 2) ...
  ... Passed
Test: partial migration shard access (challenge 2) ...
  ... Passed
PASS
ok  	6.5840/shardkv	91.388s
--------------------
第 80 次循环
Test: static shards ...
  ... Passed
Test: join then leave ...
  ... Passed
Test: snapshots, join, and leave ...
  ... Passed
Test: servers miss configuration changes...
  ... Passed
Test: concurrent puts and configuration changes...
  ... Passed
Test: more concurrent puts and configuration changes...
  ... Passed
Test: concurrent configuration change and restart...
  ... Passed
Test: unreliable 1...
  ... Passed
Test: unreliable 2...
  ... Passed
Test: unreliable 3...
  ... Passed
Test: shard deletion (challenge 1) ...
  ... Passed
Test: unaffected shard access (challenge 2) ...
  ... Passed
Test: partial migration shard access (challenge 2) ...
  ... Passed
PASS
ok  	6.5840/shardkv	96.580s
--------------------
第 81 次循环
Test: static shards ...
  ... Passed
Test: join then leave ...
  ... Passed
Test: snapshots, join, and leave ...
  ... Passed
Test: servers miss configuration changes...
  ... Passed
Test: concurrent puts and configuration changes...
  ... Passed
Test: more concurrent puts and configuration changes...
  ... Passed
Test: concurrent configuration change and restart...
  ... Passed
Test: unreliable 1...
  ... Passed
Test: unreliable 2...
  ... Passed
Test: unreliable 3...
  ... Passed
Test: shard deletion (challenge 1) ...
  ... Passed
Test: unaffected shard access (challenge 2) ...
  ... Passed
Test: partial migration shard access (challenge 2) ...
  ... Passed
PASS
ok  	6.5840/shardkv	91.271s
--------------------
第 82 次循环
Test: static shards ...
  ... Passed
Test: join then leave ...
  ... Passed
Test: snapshots, join, and leave ...
  ... Passed
Test: servers miss configuration changes...
  ... Passed
Test: concurrent puts and configuration changes...
  ... Passed
Test: more concurrent puts and configuration changes...
  ... Passed
Test: concurrent configuration change and restart...
  ... Passed
Test: unreliable 1...
  ... Passed
Test: unreliable 2...
  ... Passed
Test: unreliable 3...
  ... Passed
Test: shard deletion (challenge 1) ...
  ... Passed
Test: unaffected shard access (challenge 2) ...
  ... Passed
Test: partial migration shard access (challenge 2) ...
  ... Passed
PASS
ok  	6.5840/shardkv	93.080s
--------------------
第 83 次循环
Test: static shards ...
  ... Passed
Test: join then leave ...
  ... Passed
Test: snapshots, join, and leave ...
  ... Passed
Test: servers miss configuration changes...
  ... Passed
Test: concurrent puts and configuration changes...
  ... Passed
Test: more concurrent puts and configuration changes...
  ... Passed
Test: concurrent configuration change and restart...
  ... Passed
Test: unreliable 1...
  ... Passed
Test: unreliable 2...
  ... Passed
Test: unreliable 3...
  ... Passed
Test: shard deletion (challenge 1) ...
  ... Passed
Test: unaffected shard access (challenge 2) ...
  ... Passed
Test: partial migration shard access (challenge 2) ...
  ... Passed
PASS
ok  	6.5840/shardkv	91.652s
--------------------
第 84 次循环
Test: static shards ...
  ... Passed
Test: join then leave ...
  ... Passed
Test: snapshots, join, and leave ...
  ... Passed
Test: servers miss configuration changes...
  ... Passed
Test: concurrent puts and configuration changes...
  ... Passed
Test: more concurrent puts and configuration changes...
  ... Passed
Test: concurrent configuration change and restart...
  ... Passed
Test: unreliable 1...
  ... Passed
Test: unreliable 2...
  ... Passed
Test: unreliable 3...
  ... Passed
Test: shard deletion (challenge 1) ...
  ... Passed
Test: unaffected shard access (challenge 2) ...
  ... Passed
Test: partial migration shard access (challenge 2) ...
  ... Passed
PASS
ok  	6.5840/shardkv	96.888s
--------------------
第 85 次循环
Test: static shards ...
  ... Passed
Test: join then leave ...
  ... Passed
Test: snapshots, join, and leave ...
  ... Passed
Test: servers miss configuration changes...
  ... Passed
Test: concurrent puts and configuration changes...
  ... Passed
Test: more concurrent puts and configuration changes...
  ... Passed
Test: concurrent configuration change and restart...
  ... Passed
Test: unreliable 1...
  ... Passed
Test: unreliable 2...
  ... Passed
Test: unreliable 3...
  ... Passed
Test: shard deletion (challenge 1) ...
  ... Passed
Test: unaffected shard access (challenge 2) ...
  ... Passed
Test: partial migration shard access (challenge 2) ...
  ... Passed
PASS
ok  	6.5840/shardkv	92.794s
--------------------
第 86 次循环
Test: static shards ...
  ... Passed
Test: join then leave ...
  ... Passed
Test: snapshots, join, and leave ...
  ... Passed
Test: servers miss configuration changes...
  ... Passed
Test: concurrent puts and configuration changes...
  ... Passed
Test: more concurrent puts and configuration changes...
  ... Passed
Test: concurrent configuration change and restart...
  ... Passed
Test: unreliable 1...
  ... Passed
Test: unreliable 2...
  ... Passed
Test: unreliable 3...
  ... Passed
Test: shard deletion (challenge 1) ...
  ... Passed
Test: unaffected shard access (challenge 2) ...
  ... Passed
Test: partial migration shard access (challenge 2) ...
  ... Passed
PASS
ok  	6.5840/shardkv	94.966s
--------------------
第 87 次循环
Test: static shards ...
  ... Passed
Test: join then leave ...
  ... Passed
Test: snapshots, join, and leave ...
  ... Passed
Test: servers miss configuration changes...
  ... Passed
Test: concurrent puts and configuration changes...
  ... Passed
Test: more concurrent puts and configuration changes...
  ... Passed
Test: concurrent configuration change and restart...
  ... Passed
Test: unreliable 1...
  ... Passed
Test: unreliable 2...
  ... Passed
Test: unreliable 3...
  ... Passed
Test: shard deletion (challenge 1) ...
  ... Passed
Test: unaffected shard access (challenge 2) ...
  ... Passed
Test: partial migration shard access (challenge 2) ...
  ... Passed
PASS
ok  	6.5840/shardkv	92.785s
--------------------
第 88 次循环
Test: static shards ...
  ... Passed
Test: join then leave ...
  ... Passed
Test: snapshots, join, and leave ...
  ... Passed
Test: servers miss configuration changes...
  ... Passed
Test: concurrent puts and configuration changes...
  ... Passed
Test: more concurrent puts and configuration changes...
  ... Passed
Test: concurrent configuration change and restart...
  ... Passed
Test: unreliable 1...
  ... Passed
Test: unreliable 2...
  ... Passed
Test: unreliable 3...
  ... Passed
Test: shard deletion (challenge 1) ...
  ... Passed
Test: unaffected shard access (challenge 2) ...
  ... Passed
Test: partial migration shard access (challenge 2) ...
  ... Passed
PASS
ok  	6.5840/shardkv	95.299s
--------------------
第 89 次循环
Test: static shards ...
  ... Passed
Test: join then leave ...
  ... Passed
Test: snapshots, join, and leave ...
  ... Passed
Test: servers miss configuration changes...
  ... Passed
Test: concurrent puts and configuration changes...
  ... Passed
Test: more concurrent puts and configuration changes...
  ... Passed
Test: concurrent configuration change and restart...
  ... Passed
Test: unreliable 1...
  ... Passed
Test: unreliable 2...
  ... Passed
Test: unreliable 3...
  ... Passed
Test: shard deletion (challenge 1) ...
  ... Passed
Test: unaffected shard access (challenge 2) ...
  ... Passed
Test: partial migration shard access (challenge 2) ...
  ... Passed
PASS
ok  	6.5840/shardkv	90.808s
--------------------
第 90 次循环
Test: static shards ...
  ... Passed
Test: join then leave ...
  ... Passed
Test: snapshots, join, and leave ...
  ... Passed
Test: servers miss configuration changes...
  ... Passed
Test: concurrent puts and configuration changes...
  ... Passed
Test: more concurrent puts and configuration changes...
  ... Passed
Test: concurrent configuration change and restart...
  ... Passed
Test: unreliable 1...
  ... Passed
Test: unreliable 2...
  ... Passed
Test: unreliable 3...
  ... Passed
Test: shard deletion (challenge 1) ...
  ... Passed
Test: unaffected shard access (challenge 2) ...
  ... Passed
Test: partial migration shard access (challenge 2) ...
  ... Passed
PASS
ok  	6.5840/shardkv	92.201s
--------------------
第 91 次循环
Test: static shards ...
  ... Passed
Test: join then leave ...
  ... Passed
Test: snapshots, join, and leave ...
  ... Passed
Test: servers miss configuration changes...
  ... Passed
Test: concurrent puts and configuration changes...
  ... Passed
Test: more concurrent puts and configuration changes...
  ... Passed
Test: concurrent configuration change and restart...
  ... Passed
Test: unreliable 1...
  ... Passed
Test: unreliable 2...
  ... Passed
Test: unreliable 3...
  ... Passed
Test: shard deletion (challenge 1) ...
  ... Passed
Test: unaffected shard access (challenge 2) ...
  ... Passed
Test: partial migration shard access (challenge 2) ...
  ... Passed
PASS
ok  	6.5840/shardkv	95.253s
--------------------
第 92 次循环
Test: static shards ...
  ... Passed
Test: join then leave ...
  ... Passed
Test: snapshots, join, and leave ...
  ... Passed
Test: servers miss configuration changes...
  ... Passed
Test: concurrent puts and configuration changes...
  ... Passed
Test: more concurrent puts and configuration changes...
  ... Passed
Test: concurrent configuration change and restart...
  ... Passed
Test: unreliable 1...
  ... Passed
Test: unreliable 2...
  ... Passed
Test: unreliable 3...
  ... Passed
Test: shard deletion (challenge 1) ...
  ... Passed
Test: unaffected shard access (challenge 2) ...
  ... Passed
Test: partial migration shard access (challenge 2) ...
  ... Passed
PASS
ok  	6.5840/shardkv	95.816s
--------------------
第 93 次循环
Test: static shards ...
  ... Passed
Test: join then leave ...
  ... Passed
Test: snapshots, join, and leave ...
  ... Passed
Test: servers miss configuration changes...
  ... Passed
Test: concurrent puts and configuration changes...
  ... Passed
Test: more concurrent puts and configuration changes...
  ... Passed
Test: concurrent configuration change and restart...
  ... Passed
Test: unreliable 1...
  ... Passed
Test: unreliable 2...
  ... Passed
Test: unreliable 3...
  ... Passed
Test: shard deletion (challenge 1) ...
  ... Passed
Test: unaffected shard access (challenge 2) ...
  ... Passed
Test: partial migration shard access (challenge 2) ...
  ... Passed
PASS
ok  	6.5840/shardkv	94.158s
--------------------
第 94 次循环
Test: static shards ...
  ... Passed
Test: join then leave ...
  ... Passed
Test: snapshots, join, and leave ...
  ... Passed
Test: servers miss configuration changes...
  ... Passed
Test: concurrent puts and configuration changes...
  ... Passed
Test: more concurrent puts and configuration changes...
  ... Passed
Test: concurrent configuration change and restart...
  ... Passed
Test: unreliable 1...
  ... Passed
Test: unreliable 2...
  ... Passed
Test: unreliable 3...
  ... Passed
Test: shard deletion (challenge 1) ...
  ... Passed
Test: unaffected shard access (challenge 2) ...
  ... Passed
Test: partial migration shard access (challenge 2) ...
  ... Passed
PASS
ok  	6.5840/shardkv	90.847s
--------------------
第 95 次循环
Test: static shards ...
  ... Passed
Test: join then leave ...
  ... Passed
Test: snapshots, join, and leave ...
  ... Passed
Test: servers miss configuration changes...
  ... Passed
Test: concurrent puts and configuration changes...
  ... Passed
Test: more concurrent puts and configuration changes...
  ... Passed
Test: concurrent configuration change and restart...
  ... Passed
Test: unreliable 1...
  ... Passed
Test: unreliable 2...
  ... Passed
Test: unreliable 3...
  ... Passed
Test: shard deletion (challenge 1) ...
  ... Passed
Test: unaffected shard access (challenge 2) ...
  ... Passed
Test: partial migration shard access (challenge 2) ...
  ... Passed
PASS
ok  	6.5840/shardkv	91.543s
--------------------
第 96 次循环
Test: static shards ...
  ... Passed
Test: join then leave ...
  ... Passed
Test: snapshots, join, and leave ...
  ... Passed
Test: servers miss configuration changes...
  ... Passed
Test: concurrent puts and configuration changes...
  ... Passed
Test: more concurrent puts and configuration changes...
  ... Passed
Test: concurrent configuration change and restart...
  ... Passed
Test: unreliable 1...
  ... Passed
Test: unreliable 2...
  ... Passed
Test: unreliable 3...
  ... Passed
Test: shard deletion (challenge 1) ...
  ... Passed
Test: unaffected shard access (challenge 2) ...
  ... Passed
Test: partial migration shard access (challenge 2) ...
  ... Passed
PASS
ok  	6.5840/shardkv	93.926s
--------------------
第 97 次循环
Test: static shards ...
  ... Passed
Test: join then leave ...
  ... Passed
Test: snapshots, join, and leave ...
  ... Passed
Test: servers miss configuration changes...
  ... Passed
Test: concurrent puts and configuration changes...
  ... Passed
Test: more concurrent puts and configuration changes...
  ... Passed
Test: concurrent configuration change and restart...
  ... Passed
Test: unreliable 1...
  ... Passed
Test: unreliable 2...
  ... Passed
Test: unreliable 3...
  ... Passed
Test: shard deletion (challenge 1) ...
  ... Passed
Test: unaffected shard access (challenge 2) ...
  ... Passed
Test: partial migration shard access (challenge 2) ...
  ... Passed
PASS
ok  	6.5840/shardkv	88.745s
--------------------
第 98 次循环
Test: static shards ...
  ... Passed
Test: join then leave ...
  ... Passed
Test: snapshots, join, and leave ...
  ... Passed
Test: servers miss configuration changes...
  ... Passed
Test: concurrent puts and configuration changes...
  ... Passed
Test: more concurrent puts and configuration changes...
  ... Passed
Test: concurrent configuration change and restart...
  ... Passed
Test: unreliable 1...
  ... Passed
Test: unreliable 2...
  ... Passed
Test: unreliable 3...
  ... Passed
Test: shard deletion (challenge 1) ...
  ... Passed
Test: unaffected shard access (challenge 2) ...
  ... Passed
Test: partial migration shard access (challenge 2) ...
  ... Passed
PASS
ok  	6.5840/shardkv	93.607s
--------------------
第 99 次循环
Test: static shards ...
  ... Passed
Test: join then leave ...
  ... Passed
Test: snapshots, join, and leave ...
  ... Passed
Test: servers miss configuration changes...
  ... Passed
Test: concurrent puts and configuration changes...
  ... Passed
Test: more concurrent puts and configuration changes...
  ... Passed
Test: concurrent configuration change and restart...
  ... Passed
Test: unreliable 1...
  ... Passed
Test: unreliable 2...
  ... Passed
Test: unreliable 3...
  ... Passed
Test: shard deletion (challenge 1) ...
  ... Passed
Test: unaffected shard access (challenge 2) ...
  ... Passed
Test: partial migration shard access (challenge 2) ...
  ... Passed
PASS
ok  	6.5840/shardkv	95.042s
--------------------
第 100 次循环
Test: static shards ...
  ... Passed
Test: join then leave ...
  ... Passed
Test: snapshots, join, and leave ...
  ... Passed
Test: servers miss configuration changes...
  ... Passed
Test: concurrent puts and configuration changes...
  ... Passed
Test: more concurrent puts and configuration changes...
  ... Passed
Test: concurrent configuration change and restart...
  ... Passed
Test: unreliable 1...
  ... Passed
Test: unreliable 2...
  ... Passed
Test: unreliable 3...
  ... Passed
Test: shard deletion (challenge 1) ...
  ... Passed
Test: unaffected shard access (challenge 2) ...
  ... Passed
Test: partial migration shard access (challenge 2) ...
  ... Passed
PASS
ok  	6.5840/shardkv	95.784s
--------------------
