Test2B: 1 
Test (2B): basic agreement ...
  ... Passed --   0.6  3   16    4792    3
Test (2B): RPC byte count ...
  ... Passed --   1.4  3   48  115236   11
Test (2B): test progressive failure of followers ...
  ... Passed --   4.6  3  204   48629    3
Test (2B): test failure of leaders ...
  ... Passed --   4.8  3  338   79818    3
Test (2B): agreement after follower reconnects ...
  ... Passed --   3.5  3  140   39941    7
Test (2B): no agreement if too many followers disconnect ...
  ... Passed --   3.5  5  332   80012    4
Test (2B): concurrent Start()s ...
  ... Passed --   0.7  3   18    5462    6
Test (2B): rejoin of partitioned leader ...
  ... Passed --   4.6  3  284   70573    4
Test (2B): leader backs up quickly over incorrect follower logs ...
  ... Passed --  16.7  5 2532 2140651  103
Test (2B): RPC counts aren't too high ...
  ... Passed --   2.2  3   78   24402   12
PASS
ok  	6.5840lab2/raft	42.608s

