Test2C: 1 
Test (2C): basic persistence ...
  ... Passed --   3.5  3  128   36373    6
Test (2C): more persistence ...
  ... Passed --  15.6  5 1592  379010   16
Test (2C): partitioned leader and one follower crash, leader restarts ...
  ... Passed --   1.5  3   48   13375    4
Test (2C): Figure 8 ...
  ... Passed --  26.4  5 1348  316071   30
Test (2C): unreliable agreement ...
  ... Passed --   2.8  5  216   84311  246
Test (2C): Figure 8 (unreliable) ...
  ... Passed --  35.6  5 5948 23108748  441
Test (2C): churn ...
  ... Passed --  16.1  5 1700 2957808  583
Test (2C): unreliable churn ...
  ... Passed --  16.1  5 1616  983650  370
PASS
ok  	6.5840/raft	117.798s

Test2C: 2 
Test (2C): basic persistence ...
  ... Passed --   3.3  3  122   34689    6
Test (2C): more persistence ...
  ... Passed --  15.9  5 1612  384770   16
Test (2C): partitioned leader and one follower crash, leader restarts ...
  ... Passed --   1.5  3   48   13482    4
Test (2C): Figure 8 ...
  ... Passed --  30.5  5 1592  372576   32
Test (2C): unreliable agreement ...
  ... Passed --   4.8  5  380  132435  251
Test (2C): Figure 8 (unreliable) ...
  ... Passed --  32.9  5 5660 12350863  329
Test (2C): churn ...
  ... Passed --  16.2  5 1304 1027615  761
Test (2C): unreliable churn ...
  ... Passed --  16.4  5 1368 1670362  481
PASS
ok  	6.5840/raft	121.627s

Test2C: 3 
Test (2C): basic persistence ...
  ... Passed --   3.4  3  124   35323    6
Test (2C): more persistence ...
  ... Passed --  17.8  5 1752  425470   17
Test (2C): partitioned leader and one follower crash, leader restarts ...
  ... Passed --   1.5  3   48   13375    4
Test (2C): Figure 8 ...
  ... Passed --  30.0  5 1564  367412   33
Test (2C): unreliable agreement ...
  ... Passed --   2.8  5  216   84870  246
Test (2C): Figure 8 (unreliable) ...
  ... Passed --  29.6  5 5048 16911218  652
Test (2C): churn ...
  ... Passed --  16.4  5 1636 1182184  619
Test (2C): unreliable churn ...
  ... Passed --  16.4  5 1372 1093478  549
PASS
ok  	6.5840/raft	117.938s

Test2C: 4 
Test (2C): basic persistence ...
  ... Passed --   3.5  3  132   37621    6
Test (2C): more persistence ...
  ... Passed --  17.7  5 1748  422224   17
Test (2C): partitioned leader and one follower crash, leader restarts ...
  ... Passed --   1.6  3   50   14001    4
Test (2C): Figure 8 ...
  ... Passed --  32.4  5 1796  422089   31
Test (2C): unreliable agreement ...
  ... Passed --   4.9  5  388  136647  251
Test (2C): Figure 8 (unreliable) ...
  ... Passed --  32.3  5 4228 7144107  354
Test (2C): churn ...
  ... Passed --  16.2  5 1084  756720  664
Test (2C): unreliable churn ...
  ... Passed --  16.1  5 1144  879004  301
PASS
ok  	6.5840/raft	124.719s

Test2C: 5 
Test (2C): basic persistence ...
  ... Passed --   3.5  3  128   36167    6
Test (2C): more persistence ...
  ... Passed --  15.8  5 1600  380636   16
Test (2C): partitioned leader and one follower crash, leader restarts ...
  ... Passed --   1.5  3   46   12856    4
Test (2C): Figure 8 ...
  ... Passed --  31.3  5 1668  392697   33
Test (2C): unreliable agreement ...
  ... Passed --   2.8  5  216   84800  246
Test (2C): Figure 8 (unreliable) ...
  ... Passed --  28.8  5 5232 17509792  137
Test (2C): churn ...
  ... Passed --  16.1  5 1268 1047934  268
Test (2C): unreliable churn ...
  ... Passed --  16.1  5 1156  938722  360
PASS
ok  	6.5840/raft	115.985s

Test2C: 6 
Test (2C): basic persistence ...
  ... Passed --   3.5  3  128   36167    6
Test (2C): more persistence ...
  ... Passed --  15.6  5 1580  378230   16
Test (2C): partitioned leader and one follower crash, leader restarts ...
  ... Passed --   1.6  3   52   14619    4
Test (2C): Figure 8 ...
  ... Passed --  34.0  5 1816  428345   39
Test (2C): unreliable agreement ...
  ... Passed --   2.8  5  212   83161  246
Test (2C): Figure 8 (unreliable) ...
  ... Passed --  34.0  5 6004 19194885  304
Test (2C): churn ...
  ... Passed --  16.2  5 1272  556461  811
Test (2C): unreliable churn ...
  ... Passed --  16.1  5 1764  841520  420
PASS
ok  	6.5840/raft	123.778s

Test2C: 7 
Test (2C): basic persistence ...
  ... Passed --   4.2  3  166   43507    6
Test (2C): more persistence ...
  ... Passed --  15.7  5 1600  380330   16
Test (2C): partitioned leader and one follower crash, leader restarts ...
  ... Passed --   1.6  3   52   14619    4
Test (2C): Figure 8 ...
  ... Passed --  29.7  5 1568  367358   37
Test (2C): unreliable agreement ...
  ... Passed --   2.8  5  212   83647  246
Test (2C): Figure 8 (unreliable) ...
  ... Passed --  35.3  5 6000 12962693  409
Test (2C): churn ...
  ... Passed --  16.4  5 1372 1269736  776
Test (2C): unreliable churn ...
  ... Passed --  16.3  5 1396 1273714  359
PASS
ok  	6.5840/raft	121.917s

Test2C: 8 
Test (2C): basic persistence ...
  ... Passed --   3.5  3  128   36369    6
Test (2C): more persistence ...
  ... Passed --  15.7  5 1592  379178   16
Test (2C): partitioned leader and one follower crash, leader restarts ...
  ... Passed --   1.5  3   48   13375    4
Test (2C): Figure 8 ...
  ... Passed --  33.4  5 1848  443678   37
Test (2C): unreliable agreement ...
  ... Passed --   2.8  5  216   84481  246
Test (2C): Figure 8 (unreliable) ...
  ... Passed --  31.3  5 5008 14187227  525
Test (2C): churn ...
  ... Passed --  16.4  5 1856 2471316  666
Test (2C): unreliable churn ...
  ... Passed --  16.2  5 1312  956470  493
PASS
ok  	6.5840/raft	120.814s

Test2C: 9 
Test (2C): basic persistence ...
  ... Passed --   3.3  3  120   33987    6
Test (2C): more persistence ...
  ... Passed --  17.8  5 1748  426316   17
Test (2C): partitioned leader and one follower crash, leader restarts ...
  ... Passed --   1.5  3   48   13474    4
Test (2C): Figure 8 ...
  ... Passed --  33.4  5 1868  446413   43
Test (2C): unreliable agreement ...
  ... Passed --   2.8  5  216   84412  246
Test (2C): Figure 8 (unreliable) ...
  ... Passed --  37.4  5 6132 15911541  212
Test (2C): churn ...
  ... Passed --  16.1  5 1252 1154440  170
Test (2C): unreliable churn ...
  ... Passed --  16.3  5 1432 1439864  269
PASS
ok  	6.5840/raft	128.816s

Test2C: 10 
Test (2C): basic persistence ...
  ... Passed --   3.4  3  124   35307    6
Test (2C): more persistence ...
  ... Passed --  17.9  5 1768  430642   17
Test (2C): partitioned leader and one follower crash, leader restarts ...
  ... Passed --   1.5  3   48   13375    4
Test (2C): Figure 8 ...
  ... Passed --  31.7  5 1688  410573   38
Test (2C): unreliable agreement ...
  ... Passed --   2.9  5  224   87164  246
Test (2C): Figure 8 (unreliable) ...
  ... Passed --  34.8  5 6392 19785650  103
Test (2C): churn ...
  ... Passed --  16.2  5  620  559281  229
Test (2C): unreliable churn ...
  ... Passed --  16.2  5 1504  763286  281
PASS
ok  	6.5840/raft	124.599s

Test2C: 11 
Test (2C): basic persistence ...
  ... Passed --   3.5  3  130   36983    6
Test (2C): more persistence ...
  ... Passed --  15.6  5 1572  376872   16
Test (2C): partitioned leader and one follower crash, leader restarts ...
  ... Passed --   1.6  3   50   14001    4
Test (2C): Figure 8 ...
  ... Passed --  40.0  5 2200  532118   43
Test (2C): unreliable agreement ...
  ... Passed --   2.9  5  220   86070  246
Test (2C): Figure 8 (unreliable) ...
  ... Passed --  33.8  5 5524 11601861  545
Test (2C): churn ...
  ... Passed --  16.2  5 1264 1870697  775
Test (2C): unreliable churn ...
  ... Passed --  16.2  5 1284 1461565  460
PASS
ok  	6.5840/raft	129.710s

Test2C: 12 
Test (2C): basic persistence ...
  ... Passed --   3.4  3  124   35311    6
Test (2C): more persistence ...
  ... Passed --  15.7  5 1588  378834   16
Test (2C): partitioned leader and one follower crash, leader restarts ...
  ... Passed --   1.6  3   52   14619    4
Test (2C): Figure 8 ...
  ... Passed --  32.4  5 1824  434810   40
Test (2C): unreliable agreement ...
  ... Passed --   2.9  5  216   84136  246
Test (2C): Figure 8 (unreliable) ...
  ... Passed --  34.5  5 5968 9165515  217
Test (2C): churn ...
  ... Passed --  16.5  5 1384  920450  798
Test (2C): unreliable churn ...
  ... Passed --  16.2  5 1680 1298372  460
PASS
ok  	6.5840/raft	123.047s

Test2C: 13 
Test (2C): basic persistence ...
  ... Passed --   3.4  3  124   35033    6
Test (2C): more persistence ...
  ... Passed --  15.7  5 1592  379758   16
Test (2C): partitioned leader and one follower crash, leader restarts ...
  ... Passed --   1.5  3   48   13375    4
Test (2C): Figure 8 ...
  ... Passed --  27.4  5 1436  338517   31
Test (2C): unreliable agreement ...
  ... Passed --   2.9  5  216   84060  246
Test (2C): Figure 8 (unreliable) ...
  ... Passed --  35.2  5 5788 15426024  202
Test (2C): churn ...
  ... Passed --  16.5  5 1400 1872268  697
Test (2C): unreliable churn ...
  ... Passed --  16.2  5 1088  814178  313
PASS
ok  	6.5840/raft	118.681s

Test2C: 14 
Test (2C): basic persistence ...
  ... Passed --   3.4  3  126   35941    6
Test (2C): more persistence ...
  ... Passed --  15.7  5 1596  381576   16
Test (2C): partitioned leader and one follower crash, leader restarts ...
  ... Passed --   1.6  3   50   14001    4
Test (2C): Figure 8 ...
  ... Passed --  34.1  5 1820  445342   37
Test (2C): unreliable agreement ...
  ... Passed --   2.9  5  216   84289  246
Test (2C): Figure 8 (unreliable) ...
  ... Passed --  29.1  5 4716 8165315  235
Test (2C): churn ...
  ... Passed --  16.1  5 1556 1061657  357
Test (2C): unreliable churn ...
  ... Passed --  16.4  5 1216 1061192  293
PASS
ok  	6.5840/raft	119.217s

Test2C: 15 
Test (2C): basic persistence ...
  ... Passed --   3.5  3  128   36155    6
Test (2C): more persistence ...
  ... Passed --  15.7  5 1596  381428   16
Test (2C): partitioned leader and one follower crash, leader restarts ...
  ... Passed --   1.6  3   50   14100    4
Test (2C): Figure 8 ...
  ... Passed --  34.7  5 1944  465943   37
Test (2C): unreliable agreement ...
  ... Passed --   2.8  5  212   82855  246
Test (2C): Figure 8 (unreliable) ...
  ... Passed --  30.4  5 5116 14657583  487
Test (2C): churn ...
  ... Passed --  16.2  5 1064 1875715  349
Test (2C): unreliable churn ...
  ... Passed --  16.2  5 1688  994337  116
PASS
ok  	6.5840/raft	121.069s

Test2C: 16 
Test (2C): basic persistence ...
  ... Passed --   3.4  3  124   35319    6
Test (2C): more persistence ...
  ... Passed --  15.9  5 1628  389000   16
Test (2C): partitioned leader and one follower crash, leader restarts ...
  ... Passed --   1.6  3   52   14619    4
Test (2C): Figure 8 ...
  ... Passed --  33.2  5 1764  426557   44
Test (2C): unreliable agreement ...
  ... Passed --   2.8  5  216   84151  246
Test (2C): Figure 8 (unreliable) ...
  ... Passed --  35.2  5 5528 10720192  242
Test (2C): churn ...
  ... Passed --  16.2  5 1172 1908231  596
Test (2C): unreliable churn ...
  ... Passed --  16.2  5  828  412496  221
PASS
ok  	6.5840/raft	124.496s

Test2C: 17 
Test (2C): basic persistence ...
  ... Passed --   3.5  3  130   36995    6
Test (2C): more persistence ...
  ... Passed --  15.7  5 1584  377960   16
Test (2C): partitioned leader and one follower crash, leader restarts ...
  ... Passed --   1.5  3   48   13474    4
Test (2C): Figure 8 ...
  ... Passed --  33.2  5 1852  450321   42
Test (2C): unreliable agreement ...
  ... Passed --   2.8  5  212   83589  246
Test (2C): Figure 8 (unreliable) ...
  ... Passed --  35.0  5 6424 20331968  303
Test (2C): churn ...
  ... Passed --  16.2  5 1268 1724067  858
Test (2C): unreliable churn ...
  ... Passed --  16.2  5  976  515691  226
PASS
ok  	6.5840/raft	124.081s

Test2C: 18 
Test (2C): basic persistence ...
  ... Passed --   3.5  3  130   37003    6
Test (2C): more persistence ...
  ... Passed --  15.6  5 1588  378404   16
Test (2C): partitioned leader and one follower crash, leader restarts ...
  ... Passed --   1.6  3   50   14001    4
Test (2C): Figure 8 ...
  ... Passed --  32.8  5 1784  428056   41
Test (2C): unreliable agreement ...
  ... Passed --   2.9  5  220   85363  246
Test (2C): Figure 8 (unreliable) ...
  ... Passed --  38.5  5 6936 14481400  245
Test (2C): churn ...
  ... Passed --  16.2  5 1280 1765824  807
Test (2C): unreliable churn ...
  ... Passed --  16.1  5 1404 2048705  484
PASS
ok  	6.5840/raft	127.233s

Test2C: 19 
Test (2C): basic persistence ...
  ... Passed --   3.4  3  126   35638    6
Test (2C): more persistence ...
  ... Passed --  15.5  5 1564  376970   16
Test (2C): partitioned leader and one follower crash, leader restarts ...
  ... Passed --   1.5  3   48   13375    4
Test (2C): Figure 8 ...
  ... Passed --  27.8  5 1512  357077   30
Test (2C): unreliable agreement ...
  ... Passed --   2.8  5  216   85456  246
Test (2C): Figure 8 (unreliable) ...
  ... Passed --  33.0  5 4944 10898124  275
Test (2C): churn ...
  ... Passed --  16.2  5 1380 1337689  840
Test (2C): unreliable churn ...
  ... Passed --  16.2  5 1352  752153  420
PASS
ok  	6.5840/raft	116.412s

Test2C: 20 
Test (2C): basic persistence ...
  ... Passed --   3.4  3  126   35937    6
Test (2C): more persistence ...
  ... Passed --  15.7  5 1600  380702   16
Test (2C): partitioned leader and one follower crash, leader restarts ...
  ... Passed --   1.5  3   48   13375    4
Test (2C): Figure 8 ...
  ... Passed --  28.6  5 1552  367033   33
Test (2C): unreliable agreement ...
  ... Passed --   2.9  5  220   85947  246
Test (2C): Figure 8 (unreliable) ...
  ... Passed --  30.5  5 5332 17595446  248
Test (2C): churn ...
  ... Passed --  16.1  5 1356 1571582  659
Test (2C): unreliable churn ...
  ... Passed --  16.5  5 1452 1620844  309
PASS
ok  	6.5840/raft	115.273s

Test2C: 21 
Test (2C): basic persistence ...
  ... Passed --   3.4  3  126   35949    6
Test (2C): more persistence ...
  ... Passed --  15.6  5 1576  376348   16
Test (2C): partitioned leader and one follower crash, leader restarts ...
  ... Passed --   1.5  3   48   13375    4
Test (2C): Figure 8 ...
  ... Passed --  30.9  5 1680  401556   39
Test (2C): unreliable agreement ...
  ... Passed --   2.9  5  216   84638  246
Test (2C): Figure 8 (unreliable) ...
  ... Passed --  34.2  5 5288 7126374  115
Test (2C): churn ...
  ... Passed --  16.5  5 1416 2288572  781
Test (2C): unreliable churn ...
  ... Passed --  16.2  5 1268 1113945  640
PASS
ok  	6.5840/raft	121.141s

Test2C: 22 
Test (2C): basic persistence ...
  ... Passed --   3.4  3  126   35651    6
Test (2C): more persistence ...
  ... Passed --  15.7  5 1596  379878   16
Test (2C): partitioned leader and one follower crash, leader restarts ...
  ... Passed --   1.6  3   50   14001    4
Test (2C): Figure 8 ...
  ... Passed --  30.3  5 1672  396586   36
Test (2C): unreliable agreement ...
  ... Passed --   2.9  5  216   84505  246
Test (2C): Figure 8 (unreliable) ...
  ... Passed --  33.2  5 4844 13142949  168
Test (2C): churn ...
  ... Passed --  16.2  5 1144  743884  402
Test (2C): unreliable churn ...
  ... Passed --  16.3  5 1192  993862  215
PASS
ok  	6.5840/raft	119.626s

Test2C: 23 
Test (2C): basic persistence ...
  ... Passed --   3.4  3  128   36559    6
Test (2C): more persistence ...
  ... Passed --  17.7  5 1752  425640   17
Test (2C): partitioned leader and one follower crash, leader restarts ...
  ... Passed --   1.6  3   52   14619    4
Test (2C): Figure 8 ...
  ... Passed --  33.3  5 1752  410310   34
Test (2C): unreliable agreement ...
  ... Passed --   3.0  5  224   86716  246
Test (2C): Figure 8 (unreliable) ...
  ... Passed --  29.6  5 4296 7515018   88
Test (2C): churn ...
  ... Passed --  16.2  5 1640 2652528  560
Test (2C): unreliable churn ...
  ... Passed --  16.5  5 1516 1337243  487
PASS
ok  	6.5840/raft	121.388s

Test2C: 24 
Test (2C): basic persistence ...
  ... Passed --   3.4  3  126   35941    6
Test (2C): more persistence ...
  ... Passed --  15.8  5 1608  383893   16
Test (2C): partitioned leader and one follower crash, leader restarts ...
  ... Passed --   1.5  3   48   13474    4
Test (2C): Figure 8 ...
  ... Passed --  34.6  5 1872  439894   39
Test (2C): unreliable agreement ...
  ... Passed --   2.8  5  212   83764  246
Test (2C): Figure 8 (unreliable) ...
  ... Passed --  31.9  5 4572 15244567  617
Test (2C): churn ...
  ... Passed --  16.2  5 1128  800354  556
Test (2C): unreliable churn ...
  ... Passed --  16.3  5 1480 1033991  377
PASS
ok  	6.5840/raft	122.515s

Test2C: 25 
Test (2C): basic persistence ...
  ... Passed --   3.5  3  130   36785    6
Test (2C): more persistence ...
  ... Passed --  15.7  5 1612  382994   16
Test (2C): partitioned leader and one follower crash, leader restarts ...
  ... Passed --   1.5  3   48   13375    4
Test (2C): Figure 8 ...
  ... Passed --  27.7  5 1500  350708   26
Test (2C): unreliable agreement ...
  ... Passed --   3.4  5  244   89039  246
Test (2C): Figure 8 (unreliable) ...
  ... Passed --  35.4  5 4924 11728035  196
Test (2C): churn ...
  ... Passed --  16.1  5  876  485432  407
Test (2C): unreliable churn ...
  ... Passed --  16.4  5 1332  908259  568
PASS
ok  	6.5840/raft	119.862s

Test2C: 26 
Test (2C): basic persistence ...
  ... Passed --   3.5  3  128   36353    6
Test (2C): more persistence ...
  ... Passed --  15.6  5 1584  379060   16
Test (2C): partitioned leader and one follower crash, leader restarts ...
  ... Passed --   1.6  3   50   14003    4
Test (2C): Figure 8 ...
  ... Passed --  26.8  5 1428  339061   33
Test (2C): unreliable agreement ...
  ... Passed --   2.9  5  224   86917  246
Test (2C): Figure 8 (unreliable) ...
  ... Passed --  32.7  5 5920 18137673  217
Test (2C): churn ...
  ... Passed --  16.5  5 1452 1208549  819
Test (2C): unreliable churn ...
  ... Passed --  16.4  5 1476 1254826  362
PASS
ok  	6.5840/raft	116.025s

Test2C: 27 
Test (2C): basic persistence ...
  ... Passed --   3.4  3  126   35651    6
Test (2C): more persistence ...
  ... Passed --  15.6  5 1576  378654   16
Test (2C): partitioned leader and one follower crash, leader restarts ...
  ... Passed --   1.5  3   48   13375    4
Test (2C): Figure 8 ...
  ... Passed --  33.9  5 1796  429692   38
Test (2C): unreliable agreement ...
  ... Passed --   2.9  5  224   87045  246
Test (2C): Figure 8 (unreliable) ...
  ... Passed --  36.8  5 6060 11876344  413
Test (2C): churn ...
  ... Passed --  16.2  5 1432 1702648  355
Test (2C): unreliable churn ...
  ... Passed --  16.2  5 1320 1020147  345
PASS
ok  	6.5840/raft	126.459s

Test2C: 28 
Test (2C): basic persistence ...
  ... Passed --   3.4  3  128   36264    6
Test (2C): more persistence ...
  ... Passed --  15.6  5 1588  377054   16
Test (2C): partitioned leader and one follower crash, leader restarts ...
  ... Passed --   1.6  3   48   13474    4
Test (2C): Figure 8 ...
  ... Passed --  32.4  5 1792  424797   37
Test (2C): unreliable agreement ...
  ... Passed --   2.9  5  224   86643  246
Test (2C): Figure 8 (unreliable) ...
  ... Passed --  37.8  5 6624 16579998  653
Test (2C): churn ...
  ... Passed --  16.1  5 1716 2448080  595
Test (2C): unreliable churn ...
  ... Passed --  16.1  5 1128  940431  412
PASS
ok  	6.5840/raft	125.979s

Test2C: 29 
Test (2C): basic persistence ...
  ... Passed --   3.5  3  128   36264    6
Test (2C): more persistence ...
  ... Passed --  15.6  5 1588  379686   16
Test (2C): partitioned leader and one follower crash, leader restarts ...
  ... Passed --   1.5  3   46   12856    4
Test (2C): Figure 8 ...
  ... Passed --  27.4  5 1508  352103   31
Test (2C): unreliable agreement ...
  ... Passed --   3.0  5  228   88111  246
Test (2C): Figure 8 (unreliable) ...
  ... Passed --  27.6  5 4516 11788313  495
Test (2C): churn ...
  ... Passed --  16.1  5 1280  968284  598
Test (2C): unreliable churn ...
  ... Passed --  16.1  5 1328  823853  585
PASS
ok  	6.5840/raft	110.874s

Test2C: 30 
Test (2C): basic persistence ...
  ... Passed --   3.3  3  122   34693    6
Test (2C): more persistence ...
  ... Passed --  16.1  5 1612  382990   16
Test (2C): partitioned leader and one follower crash, leader restarts ...
  ... Passed --   1.6  3   52   14619    4
Test (2C): Figure 8 ...
  ... Passed --  29.1  5 1528  358520   30
Test (2C): unreliable agreement ...
  ... Passed --   2.9  5  216   84224  246
Test (2C): Figure 8 (unreliable) ...
  ... Passed --  30.3  5 4920 6450344  425
Test (2C): churn ...
  ... Passed --  16.5  5 1972 1898279  539
Test (2C): unreliable churn ...
  ... Passed --  16.3  5 1528 1788765  381
PASS
ok  	6.5840/raft	116.078s

Test2C: 31 
Test (2C): basic persistence ...
  ... Passed --   3.6  3  132   37415    6
Test (2C): more persistence ...
  ... Passed --  15.7  5 1592  381188   16
Test (2C): partitioned leader and one follower crash, leader restarts ...
  ... Passed --   1.6  3   52   14619    4
Test (2C): Figure 8 ...
  ... Passed --  32.8  5 1820  428211   36
Test (2C): unreliable agreement ...
  ... Passed --   2.8  5  216   84926  246
Test (2C): Figure 8 (unreliable) ...
  ... Passed --  30.0  5 4428 5977200  169
Test (2C): churn ...
  ... Passed --  16.2  5  908  398703  328
Test (2C): unreliable churn ...
  ... Passed --  16.1  5 1224 1607253  504
PASS
ok  	6.5840/raft	118.833s

Test2C: 32 
Test (2C): basic persistence ...
  ... Passed --   3.4  3  124   35025    6
Test (2C): more persistence ...
  ... Passed --  15.5  5 1564  373976   16
Test (2C): partitioned leader and one follower crash, leader restarts ...
  ... Passed --   1.7  3   54   15245    4
Test (2C): Figure 8 ...
  ... Passed --  29.9  5 1644  380570   29
Test (2C): unreliable agreement ...
  ... Passed --   3.0  5  224   87806  246
Test (2C): Figure 8 (unreliable) ...
  ... Passed --  32.3  5 5440 23679251  193
Test (2C): churn ...
  ... Passed --  16.5  5 1332  907704  796
Test (2C): unreliable churn ...
  ... Passed --  16.2  5 1264  715754  311
PASS
ok  	6.5840/raft	118.396s

Test2C: 33 
Test (2C): basic persistence ...
  ... Passed --   3.2  3  118   33357    6
Test (2C): more persistence ...
  ... Passed --  15.8  5 1612  383770   16
Test (2C): partitioned leader and one follower crash, leader restarts ...
  ... Passed --   1.5  3   48   13375    4
Test (2C): Figure 8 ...
  ... Passed --  31.8  5 1756  417707   33
Test (2C): unreliable agreement ...
  ... Passed --   3.1  5  224   85150  246
Test (2C): Figure 8 (unreliable) ...
  ... Passed --  35.3  5 6428 24562872  170
Test (2C): churn ...
  ... Passed --  16.1  5 1684  964461  582
Test (2C): unreliable churn ...
  ... Passed --  16.1  5 1332  651581  267
PASS
ok  	6.5840/raft	123.083s

Test2C: 34 
Test (2C): basic persistence ...
  ... Passed --   3.5  3  128   36365    6
Test (2C): more persistence ...
  ... Passed --  15.6  5 1572  376082   16
Test (2C): partitioned leader and one follower crash, leader restarts ...
  ... Passed --   1.5  3   48   13474    4
Test (2C): Figure 8 ...
  ... Passed --  33.0  5 1824  437807   41
Test (2C): unreliable agreement ...
  ... Passed --   3.1  5  236   90879  246
Test (2C): Figure 8 (unreliable) ...
  ... Passed --  29.3  5 5180 13946744  120
Test (2C): churn ...
  ... Passed --  16.2  5 1048 1050461  604
Test (2C): unreliable churn ...
  ... Passed --  16.2  5 1352 1029205  483
PASS
ok  	6.5840/raft	118.417s

Test2C: 35 
Test (2C): basic persistence ...
  ... Passed --   3.4  3  126   35945    6
Test (2C): more persistence ...
  ... Passed --  15.7  5 1592  380124   16
Test (2C): partitioned leader and one follower crash, leader restarts ...
  ... Passed --   1.6  3   52   14619    4
Test (2C): Figure 8 ...
  ... Passed --  29.8  5 1556  361158   32
Test (2C): unreliable agreement ...
  ... Passed --   2.8  5  216   84446  246
Test (2C): Figure 8 (unreliable) ...
  ... Passed --  36.9  5 6292 18112374  403
Test (2C): churn ...
  ... Passed --  16.3  5 1692 1153211  595
Test (2C): unreliable churn ...
  ... Passed --  16.4  5 1464 1026455  477
PASS
ok  	6.5840/raft	122.978s

Test2C: 36 
Test (2C): basic persistence ...
  ... Passed --   3.4  3  124   35025    6
Test (2C): more persistence ...
  ... Passed --  15.6  5 1580  375904   16
Test (2C): partitioned leader and one follower crash, leader restarts ...
  ... Passed --   1.6  3   52   14627    4
Test (2C): Figure 8 ...
  ... Passed --  36.2  5 1952  460684   42
Test (2C): unreliable agreement ...
  ... Passed --   2.8  5  216   84465  246
Test (2C): Figure 8 (unreliable) ...
  ... Passed --  32.8  5 5392 12222177  408
Test (2C): churn ...
  ... Passed --  16.5  5 1396 1646123  860
Test (2C): unreliable churn ...
  ... Passed --  16.1  5 1436 1318363  562
PASS
ok  	6.5840/raft	125.083s

Test2C: 37 
Test (2C): basic persistence ...
  ... Passed --   3.4  3  124   35025    6
Test (2C): more persistence ...
  ... Passed --  15.7  5 1580  376688   16
Test (2C): partitioned leader and one follower crash, leader restarts ...
  ... Passed --   1.5  3   48   13482    4
Test (2C): Figure 8 ...
  ... Passed --  32.2  5 1708  401997   38
Test (2C): unreliable agreement ...
  ... Passed --   2.8  5  212   82989  246
Test (2C): Figure 8 (unreliable) ...
  ... Passed --  36.5  5 6316 16127621  128
Test (2C): churn ...
  ... Passed --  16.2  5 1320 1450784  634
Test (2C): unreliable churn ...
  ... Passed --  16.2  5  940  419563  213
PASS
ok  	6.5840/raft	124.478s

Test2C: 38 
Test (2C): basic persistence ...
  ... Passed --   3.4  3  126   35941    6
Test (2C): more persistence ...
  ... Passed --  15.6  5 1572  376738   16
Test (2C): partitioned leader and one follower crash, leader restarts ...
  ... Passed --   1.5  3   48   13375    4
Test (2C): Figure 8 ...
  ... Passed --  31.8  5 1668  402885   36
Test (2C): unreliable agreement ...
  ... Passed --   2.9  5  216   85027  246
Test (2C): Figure 8 (unreliable) ...
  ... Passed --  38.6  5 7112 16722322  345
Test (2C): churn ...
  ... Passed --  16.1  5 1436 1413306  481
Test (2C): unreliable churn ...
  ... Passed --  16.2  5 1208 1199569  432
PASS
ok  	6.5840/raft	126.182s

Test2C: 39 
Test (2C): basic persistence ...
  ... Passed --   3.5  3  128   36571    6
Test (2C): more persistence ...
  ... Passed --  17.8  5 1752  426604   17
Test (2C): partitioned leader and one follower crash, leader restarts ...
  ... Passed --   1.6  3   50   13993    4
Test (2C): Figure 8 ...
  ... Passed --  29.5  5 1592  375742   30
Test (2C): unreliable agreement ...
  ... Passed --   2.9  5  216   84520  246
Test (2C): Figure 8 (unreliable) ...
  ... Passed --  34.5  5 6000 16851925  157
Test (2C): churn ...
  ... Passed --  16.1  5 1264 2113094  807
Test (2C): unreliable churn ...
  ... Passed --  16.2  5 1516 1003613  466
PASS
ok  	6.5840/raft	122.025s

Test2C: 40 
Test (2C): basic persistence ...
  ... Passed --   3.5  3  128   36373    6
Test (2C): more persistence ...
  ... Passed --  15.7  5 1596  377918   16
Test (2C): partitioned leader and one follower crash, leader restarts ...
  ... Passed --   1.6  3   50   13993    4
Test (2C): Figure 8 ...
  ... Passed --  33.6  5 1744  407836   35
Test (2C): unreliable agreement ...
  ... Passed --   2.9  5  220   85497  246
Test (2C): Figure 8 (unreliable) ...
  ... Passed --  30.4  5 5548 15109974  321
Test (2C): churn ...
  ... Passed --  16.2  5 1332 1785699  750
Test (2C): unreliable churn ...
  ... Passed --  16.5  5 1588 1378293  278
PASS
ok  	6.5840/raft	120.187s

Test2C: 41 
Test (2C): basic persistence ...
  ... Passed --   3.5  3  128   36357    6
Test (2C): more persistence ...
  ... Passed --  17.9  5 1768  429694   17
Test (2C): partitioned leader and one follower crash, leader restarts ...
  ... Passed --   1.6  3   52   14619    4
Test (2C): Figure 8 ...
  ... Passed --  30.2  5 1616  377689   31
Test (2C): unreliable agreement ...
  ... Passed --   2.9  5  220   85874  246
Test (2C): Figure 8 (unreliable) ...
  ... Passed --  39.8  5 6684 12924970  551
Test (2C): churn ...
  ... Passed --  16.3  5 1368 1191009  311
Test (2C): unreliable churn ...
  ... Passed --  16.2  5 1344 1800458  460
PASS
ok  	6.5840/raft	128.528s

Test2C: 42 
Test (2C): basic persistence ...
  ... Passed --   3.4  3  126   35537    6
Test (2C): more persistence ...
  ... Passed --  15.5  5 1580  378554   16
Test (2C): partitioned leader and one follower crash, leader restarts ...
  ... Passed --   1.5  3   48   13375    4
Test (2C): Figure 8 ...
  ... Passed --  27.5  5 1388  323620   30
Test (2C): unreliable agreement ...
  ... Passed --   2.8  5  216   84393  246
Test (2C): Figure 8 (unreliable) ...
  ... Passed --  32.4  5 5568 14388778  627
Test (2C): churn ...
  ... Passed --  16.1  5 1928 1362832  420
Test (2C): unreliable churn ...
  ... Passed --  16.3  5 1140 1047865  386
PASS
ok  	6.5840/raft	115.640s

Test2C: 43 
Test (2C): basic persistence ...
  ... Passed --   3.6  3  134   37553    6
Test (2C): more persistence ...
  ... Passed --  15.8  5 1596  383252   16
Test (2C): partitioned leader and one follower crash, leader restarts ...
  ... Passed --   1.6  3   50   13993    4
Test (2C): Figure 8 ...
  ... Passed --  30.7  5 1616  381313   34
Test (2C): unreliable agreement ...
  ... Passed --   2.9  5  216   84802  246
Test (2C): Figure 8 (unreliable) ...
  ... Passed --  32.5  5 5384 14437464  407
Test (2C): churn ...
  ... Passed --  16.2  5 1896 1764361  377
Test (2C): unreliable churn ...
  ... Passed --  16.2  5 2168 3057291  425
PASS
ok  	6.5840/raft	119.379s

Test2C: 44 
Test (2C): basic persistence ...
  ... Passed --   3.5  3  130   36995    6
Test (2C): more persistence ...
  ... Passed --  15.6  5 1584  378026   16
Test (2C): partitioned leader and one follower crash, leader restarts ...
  ... Passed --   1.6  3   50   13993    4
Test (2C): Figure 8 ...
  ... Passed --  32.8  5 1788  425548   38
Test (2C): unreliable agreement ...
  ... Passed --   3.0  5  224   86772  246
Test (2C): Figure 8 (unreliable) ...
  ... Passed --  32.0  5 5820 10807485  364
Test (2C): churn ...
  ... Passed --  16.4  5 1576 2407394  461
Test (2C): unreliable churn ...
  ... Passed --  16.4  5 2432 2486982  127
PASS
ok  	6.5840/raft	121.351s

Test2C: 45 
Test (2C): basic persistence ...
  ... Passed --   3.3  3  122   34693    6
Test (2C): more persistence ...
  ... Passed --  15.6  5 1576  375150   16
Test (2C): partitioned leader and one follower crash, leader restarts ...
  ... Passed --   1.6  3   50   14100    4
Test (2C): Figure 8 ...
  ... Passed --  31.8  5 1716  407117   38
Test (2C): unreliable agreement ...
  ... Passed --   2.9  5  220   85854  246
Test (2C): Figure 8 (unreliable) ...
  ... Passed --  29.3  5 5100 11757501  159
Test (2C): churn ...
  ... Passed --  16.1  5 1172 1603161  391
Test (2C): unreliable churn ...
  ... Passed --  16.1  5 1760  993324  408
PASS
ok  	6.5840/raft	116.834s

Test2C: 46 
Test (2C): basic persistence ...
  ... Passed --   3.3  3  122   34407    6
Test (2C): more persistence ...
  ... Passed --  15.8  5 1588  380540   16
Test (2C): partitioned leader and one follower crash, leader restarts ...
  ... Passed --   1.6  3   50   14001    4
Test (2C): Figure 8 ...
  ... Passed --  33.3  5 1732  409654   35
Test (2C): unreliable agreement ...
  ... Passed --   2.9  5  224   86695  246
Test (2C): Figure 8 (unreliable) ...
  ... Passed --  37.4  5 6540 22234642  539
Test (2C): churn ...
  ... Passed --  16.2  5 1040  852751  458
Test (2C): unreliable churn ...
  ... Passed --  16.1  5 1336  627476  575
PASS
ok  	6.5840/raft	126.681s

Test2C: 47 
Test (2C): basic persistence ...
  ... Passed --   3.5  3  128   36365    6
Test (2C): more persistence ...
  ... Passed --  15.7  5 1600  379358   16
Test (2C): partitioned leader and one follower crash, leader restarts ...
  ... Passed --   1.6  3   50   14001    4
Test (2C): Figure 8 ...
  ... Passed --  25.9  5 1344  316255   33
Test (2C): unreliable agreement ...
  ... Passed --   2.9  5  220   86071  246
Test (2C): Figure 8 (unreliable) ...
  ... Passed --  37.1  5 6528 8991066  154
Test (2C): churn ...
  ... Passed --  16.3  5 1632 1463729  278
Test (2C): unreliable churn ...
  ... Passed --  16.2  5 1528 1147073  428
PASS
ok  	6.5840/raft	118.988s

Test2C: 48 
Test (2C): basic persistence ...
  ... Passed --   3.3  3  124   35311    6
Test (2C): more persistence ...
  ... Passed --  15.7  5 1592  379994   16
Test (2C): partitioned leader and one follower crash, leader restarts ...
  ... Passed --   1.6  3   50   14001    4
Test (2C): Figure 8 ...
  ... Passed --  28.8  5 1472  344657   33
Test (2C): unreliable agreement ...
  ... Passed --   2.9  5  216   84320  246
Test (2C): Figure 8 (unreliable) ...
  ... Passed --  32.3  5 5760 15563417  325
Test (2C): churn ...
  ... Passed --  16.2  5  780  372004  249
Test (2C): unreliable churn ...
  ... Passed --  16.1  5 1004  362893   78
PASS
ok  	6.5840/raft	116.896s

Test2C: 49 
Test (2C): basic persistence ...
  ... Passed --   3.5  3  130   36684    6
Test (2C): more persistence ...
  ... Passed --  15.6  5 1584  379522   16
Test (2C): partitioned leader and one follower crash, leader restarts ...
  ... Passed --   1.6  3   50   14001    4
Test (2C): Figure 8 ...
  ... Passed --  26.1  5 1472  356385   33
Test (2C): unreliable agreement ...
  ... Passed --   2.9  5  216   84718  246
Test (2C): Figure 8 (unreliable) ...
  ... Passed --  33.9  5 6168 16583037  373
Test (2C): churn ...
  ... Passed --  16.5  5 1360 1470318  633
Test (2C): unreliable churn ...
  ... Passed --  16.2  5 1828 1595265  294
PASS
ok  	6.5840/raft	116.145s

Test2C: 50 
Test (2C): basic persistence ...
  ... Passed --   3.6  3  134   37427    6
Test (2C): more persistence ...
  ... Passed --  15.9  5 1604  383720   16
Test (2C): partitioned leader and one follower crash, leader restarts ...
  ... Passed --   1.5  3   48   13375    4
Test (2C): Figure 8 ...
  ... Passed --  34.5  5 1820  435486   35
Test (2C): unreliable agreement ...
  ... Passed --   2.9  5  224   86979  246
Test (2C): Figure 8 (unreliable) ...
  ... Passed --  33.3  5 5316 11350376  491
Test (2C): churn ...
  ... Passed --  16.1  5  620  410991  134
Test (2C): unreliable churn ...
  ... Passed --  16.2  5  872  626570  152
PASS
ok  	6.5840/raft	124.096s

