Test2D: 1 
Test (2D): snapshots basic ...
  ... Passed --   4.0  3  148   57156  230
Test (2D): install snapshots (disconnect) ...
  ... Passed --  47.4  3 2034  831638  356
Test (2D): install snapshots (disconnect+unreliable) ...
  ... Passed --  52.5  3 2270  907037  355
Test (2D): install snapshots (crash) ...
  ... Passed --  28.7  3 1036  481552  331
Test (2D): install snapshots (unreliable+crash) ...
  ... Passed --  30.3  3 1102  533009  357
Test (2D): crash and restart all servers ...
  ... Passed --   7.9  3  272   85086   59
Test (2D): snapshot initialization after crash ...
  ... Passed --   2.5  3   76   23106   14
PASS
ok  	6.5840/raft	173.142s

Test2D: 2 
Test (2D): snapshots basic ...
  ... Passed --   4.0  3  148   55936  206
Test (2D): install snapshots (disconnect) ...
  ... Passed --  47.7  3 2034  764510  319
Test (2D): install snapshots (disconnect+unreliable) ...
  ... Passed --  56.6  3 2452  930029  345
Test (2D): install snapshots (crash) ...
  ... Passed --  28.3  3 1026  450843  323
Test (2D): install snapshots (unreliable+crash) ...
  ... Passed --  32.1  3 1146  489363  316
Test (2D): crash and restart all servers ...
  ... Passed --   7.1  3  238   74002   50
Test (2D): snapshot initialization after crash ...
  ... Passed --   2.5  3   76   23106   14
PASS
ok  	6.5840/raft	178.138s

Test2D: 3 
Test (2D): snapshots basic ...
  ... Passed --   4.0  3  148   56680  221
Test (2D): install snapshots (disconnect) ...
  ... Passed --  48.5  3 2076  827954  359
Test (2D): install snapshots (disconnect+unreliable) ...
  ... Passed --  48.2  3 2110  784559  323
Test (2D): install snapshots (crash) ...
  ... Passed --  27.6  3 1020  463107  310
Test (2D): install snapshots (unreliable+crash) ...
  ... Passed --  31.1  3 1130  463748  279
Test (2D): crash and restart all servers ...
  ... Passed --   8.5  3  294   92216   64
Test (2D): snapshot initialization after crash ...
  ... Passed --   2.3  3   72   21862   14
PASS
ok  	6.5840/raft	170.239s

Test2D: 4 
Test (2D): snapshots basic ...
  ... Passed --   3.9  3  146   56344  227
Test (2D): install snapshots (disconnect) ...
  ... Passed --  43.8  3 1870  741104  362
Test (2D): install snapshots (disconnect+unreliable) ...
  ... Passed --  64.4  3 2762  973878  350
Test (2D): install snapshots (crash) ...
  ... Passed --  27.7  3 1018  461731  307
Test (2D): install snapshots (unreliable+crash) ...
  ... Passed --  31.4  3 1134  523232  343
Test (2D): crash and restart all servers ...
  ... Passed --   7.6  3  260   81120   55
Test (2D): snapshot initialization after crash ...
  ... Passed --   2.4  3   74   22488   14
PASS
ok  	6.5840/raft	181.196s

Test2D: 5 
Test (2D): snapshots basic ...
  ... Passed --   3.9  3  146   56078  221
Test (2D): install snapshots (disconnect) ...
  ... Passed --  50.3  3 2152  861651  355
Test (2D): install snapshots (disconnect+unreliable) ...
  ... Passed --  50.8  3 2230  811823  316
Test (2D): install snapshots (crash) ...
  ... Passed --  28.1  3 1030  466105  340
Test (2D): install snapshots (unreliable+crash) ...
  ... Passed --  31.3  3 1142  595565  391
Test (2D): crash and restart all servers ...
  ... Passed --   7.1  3  240   74626   50
Test (2D): snapshot initialization after crash ...
  ... Passed --   2.4  3   74   22488   14
PASS
ok  	6.5840/raft	173.958s

Test2D: 6 
Test (2D): snapshots basic ...
  ... Passed --   4.0  3  152   57522  213
Test (2D): install snapshots (disconnect) ...
  ... Passed --  45.8  3 1966  776101  353
Test (2D): install snapshots (disconnect+unreliable) ...
  ... Passed --  47.1  3 2060  776523  320
Test (2D): install snapshots (crash) ...
  ... Passed --  28.1  3 1024  485933  346
Test (2D): install snapshots (unreliable+crash) ...
  ... Passed --  32.6  3 1144  488468  301
Test (2D): crash and restart all servers ...
  ... Passed --   8.3  3  288   90284   63
Test (2D): snapshot initialization after crash ...
  ... Passed --   2.3  3   72   21862   14
PASS
ok  	6.5840/raft	168.204s

Test2D: 7 
Test (2D): snapshots basic ...
  ... Passed --   4.0  3  150   56858  212
Test (2D): install snapshots (disconnect) ...
  ... Passed --  52.0  3 2204  839945  347
Test (2D): install snapshots (disconnect+unreliable) ...
  ... Passed --  52.0  3 2274  879084  367
Test (2D): install snapshots (crash) ...
  ... Passed --  27.7  3 1020  451841  343
Test (2D): install snapshots (unreliable+crash) ...
  ... Passed --  31.8  3 1154  478425  262
Test (2D): crash and restart all servers ...
  ... Passed --   7.8  3  268   83730   57
Test (2D): snapshot initialization after crash ...
  ... Passed --   2.5  3   76   23106   14
PASS
ok  	6.5840/raft	177.825s

Test2D: 8 
Test (2D): snapshots basic ...
  ... Passed --   3.9  3  148   56824  224
Test (2D): install snapshots (disconnect) ...
  ... Passed --  39.9  3 1740  678797  297
Test (2D): install snapshots (disconnect+unreliable) ...
  ... Passed --  57.8  3 2490  951990  346
Test (2D): install snapshots (crash) ...
  ... Passed --  27.2  3 1014  456509  320
Test (2D): install snapshots (unreliable+crash) ...
  ... Passed --  30.8  3 1124  557581  332
Test (2D): crash and restart all servers ...
  ... Passed --   8.3  3  288   90286   63
Test (2D): snapshot initialization after crash ...
  ... Passed --   2.4  3   74   22480   14
PASS
ok  	6.5840/raft	170.289s

Test2D: 9 
Test (2D): snapshots basic ...
  ... Passed --   3.9  3  148   56728  222
Test (2D): install snapshots (disconnect) ...
  ... Passed --  47.4  3 2040  768957  327
Test (2D): install snapshots (disconnect+unreliable) ...
  ... Passed --  57.2  3 2470  855402  328
Test (2D): install snapshots (crash) ...
  ... Passed --  27.9  3 1016  481582  341
Test (2D): install snapshots (unreliable+crash) ...
  ... Passed --  31.1  3 1134  530180  356
Test (2D): crash and restart all servers ...
  ... Passed --   8.4  3  294   92164   63
Test (2D): snapshot initialization after crash ...
  ... Passed --   2.3  3   72   21862   14
PASS
ok  	6.5840/raft	178.321s

Test2D: 10 
Test (2D): snapshots basic ...
  ... Passed --   3.9  3  148   56396  215
Test (2D): install snapshots (disconnect) ...
  ... Passed --  51.1  3 2184  822075  342
Test (2D): install snapshots (disconnect+unreliable) ...
  ... Passed --  42.5  3 1870  710117  308
Test (2D): install snapshots (crash) ...
  ... Passed --  28.5  3 1046  501026  360
Test (2D): install snapshots (unreliable+crash) ...
  ... Passed --  34.3  3 1216  556328  361
Test (2D): crash and restart all servers ...
  ... Passed --   7.0  3  238   74004   50
Test (2D): snapshot initialization after crash ...
  ... Passed --   2.4  3   74   22484   14
PASS
ok  	6.5840/raft	169.726s

Test2D: 11 
Test (2D): snapshots basic ...
  ... Passed --   3.9  3  146   55896  218
Test (2D): install snapshots (disconnect) ...
  ... Passed --  43.6  3 1870  703323  321
Test (2D): install snapshots (disconnect+unreliable) ...
  ... Passed --  52.5  3 2268  837347  323
Test (2D): install snapshots (crash) ...
  ... Passed --  27.9  3 1024  516532  367
Test (2D): install snapshots (unreliable+crash) ...
  ... Passed --  30.9  3 1138  496460  303
Test (2D): crash and restart all servers ...
  ... Passed --   8.4  3  292   91528   63
Test (2D): snapshot initialization after crash ...
  ... Passed --   2.5  3   76   23106   14
PASS
ok  	6.5840/raft	169.686s

Test2D: 12 
Test (2D): snapshots basic ...
  ... Passed --   3.9  3  146   56680  233
Test (2D): install snapshots (disconnect) ...
  ... Passed --  46.0  3 1972  760452  342
Test (2D): install snapshots (disconnect+unreliable) ...
  ... Passed --  51.7  3 2228  844423  367
Test (2D): install snapshots (crash) ...
  ... Passed --  28.5  3 1038  461384  347
Test (2D): install snapshots (unreliable+crash) ...
  ... Passed --  32.0  3 1132  490411  304
Test (2D): crash and restart all servers ...
  ... Passed --   7.7  3  264   82484   57
Test (2D): snapshot initialization after crash ...
  ... Passed --   2.5  3   76   23106   14
PASS
ok  	6.5840/raft	172.267s

Test2D: 13 
Test (2D): snapshots basic ...
  ... Passed --   4.0  3  150   56756  210
Test (2D): install snapshots (disconnect) ...
  ... Passed --  51.7  3 2218  863639  359
Test (2D): install snapshots (disconnect+unreliable) ...
  ... Passed --  51.2  3 2236  830863  333
Test (2D): install snapshots (crash) ...
  ... Passed --  28.3  3 1030  482549  336
Test (2D): install snapshots (unreliable+crash) ...
  ... Passed --  31.4  3 1104  468826  323
Test (2D): crash and restart all servers ...
  ... Passed --   7.9  3  272   85078   59
Test (2D): snapshot initialization after crash ...
  ... Passed --   2.3  3   72   21862   14
PASS
ok  	6.5840/raft	176.777s

Test2D: 14 
Test (2D): snapshots basic ...
  ... Passed --   4.0  3  150   57296  221
Test (2D): install snapshots (disconnect) ...
  ... Passed --  43.9  3 1892  737008  327
Test (2D): install snapshots (disconnect+unreliable) ...
  ... Passed --  48.6  3 2134  789052  296
Test (2D): install snapshots (crash) ...
  ... Passed --  28.0  3 1032  484487  353
Test (2D): install snapshots (unreliable+crash) ...
  ... Passed --  31.9  3 1160  479586  317
Test (2D): crash and restart all servers ...
  ... Passed --   6.7  3  222   68850   47
Test (2D): snapshot initialization after crash ...
  ... Passed --   2.5  3   76   23106   14
PASS
ok  	6.5840/raft	165.582s

Test2D: 15 
Test (2D): snapshots basic ...
  ... Passed --   4.0  3  150   57014  215
Test (2D): install snapshots (disconnect) ...
  ... Passed --  46.6  3 2026  772599  323
Test (2D): install snapshots (disconnect+unreliable) ...
  ... Passed --  54.5  3 2366  867732  304
Test (2D): install snapshots (crash) ...
  ... Passed --  27.9  3 1024  475443  316
Test (2D): install snapshots (unreliable+crash) ...
  ... Passed --  29.7  3 1106  542707  341
Test (2D): crash and restart all servers ...
  ... Passed --   8.4  3  292   91584   64
Test (2D): snapshot initialization after crash ...
  ... Passed --   2.4  3   74   22486   14
PASS
ok  	6.5840/raft	173.547s

Test2D: 16 
Test (2D): snapshots basic ...
  ... Passed --   3.9  3  148   56484  217
Test (2D): install snapshots (disconnect) ...
  ... Passed --  44.4  3 1930  759940  386
Test (2D): install snapshots (disconnect+unreliable) ...
  ... Passed --  47.6  3 2086  803294  317
Test (2D): install snapshots (crash) ...
  ... Passed --  27.8  3 1026  461095  306
Test (2D): install snapshots (unreliable+crash) ...
  ... Passed --  32.4  3 1141  521950  329
Test (2D): crash and restart all servers ...
  ... Passed --   7.8  3  266   83096   57
Test (2D): snapshot initialization after crash ...
  ... Passed --   2.3  3   72   21862   14
PASS
ok  	6.5840/raft	166.300s

Test2D: 17 
Test (2D): snapshots basic ...
  ... Passed --   3.9  3  148   56446  216
Test (2D): install snapshots (disconnect) ...
  ... Passed --  48.6  3 2104  775937  318
Test (2D): install snapshots (disconnect+unreliable) ...
  ... Passed --  52.3  3 2276  850854  333
Test (2D): install snapshots (crash) ...
  ... Passed --  28.2  3 1030  471515  324
Test (2D): install snapshots (unreliable+crash) ...
  ... Passed --  30.6  3 1120  529743  332
Test (2D): crash and restart all servers ...
  ... Passed --   6.7  3  224   69486   47
Test (2D): snapshot initialization after crash ...
  ... Passed --   2.3  3   72   21862   14
PASS
ok  	6.5840/raft	172.742s

Test2D: 18 
Test (2D): snapshots basic ...
  ... Passed --   3.9  3  146   57444  249
Test (2D): install snapshots (disconnect) ...
  ... Passed --  45.3  3 1940  752245  314
Test (2D): install snapshots (disconnect+unreliable) ...
  ... Passed --  46.7  3 2046  750792  313
Test (2D): install snapshots (crash) ...
  ... Passed --  27.8  3 1014  474922  314
Test (2D): install snapshots (unreliable+crash) ...
  ... Passed --  30.8  3 1134  567649  351
Test (2D): crash and restart all servers ...
  ... Passed --   7.4  3  254   79258   55
Test (2D): snapshot initialization after crash ...
  ... Passed --   2.4  3   74   22480   14
PASS
ok  	6.5840/raft	164.360s

Test2D: 19 
Test (2D): snapshots basic ...
  ... Passed --   3.9  3  148   56320  214
Test (2D): install snapshots (disconnect) ...
  ... Passed --  49.6  3 2142  792675  307
Test (2D): install snapshots (disconnect+unreliable) ...
  ... Passed --  49.6  3 2142  844720  321
Test (2D): install snapshots (crash) ...
  ... Passed --  27.1  3 1008  485312  346
Test (2D): install snapshots (unreliable+crash) ...
  ... Passed --  35.1  3 1242  570945  346
Test (2D): crash and restart all servers ...
  ... Passed --   7.9  3  274   85712   59
Test (2D): snapshot initialization after crash ...
  ... Passed --   2.4  3   76   23106   14
PASS
ok  	6.5840/raft	175.748s

Test2D: 20 
Test (2D): snapshots basic ...
  ... Passed --   3.9  3  146   56398  228
Test (2D): install snapshots (disconnect) ...
  ... Passed --  47.8  3 2084  769023  336
Test (2D): install snapshots (disconnect+unreliable) ...
  ... Passed --  53.4  3 2340  907528  357
Test (2D): install snapshots (crash) ...
  ... Passed --  28.0  3 1032  489755  320
Test (2D): install snapshots (unreliable+crash) ...
  ... Passed --  32.0  3 1186  527457  324
Test (2D): crash and restart all servers ...
  ... Passed --   7.7  3  262   81812   56
Test (2D): snapshot initialization after crash ...
  ... Passed --   2.3  3   72   21862   14
PASS
ok  	6.5840/raft	174.997s

Test2D: 21 
Test (2D): snapshots basic ...
  ... Passed --   4.0  3  150   57400  223
Test (2D): install snapshots (disconnect) ...
  ... Passed --  45.7  3 1964  761520  325
Test (2D): install snapshots (disconnect+unreliable) ...
  ... Passed --  52.3  3 2280  848221  340
Test (2D): install snapshots (crash) ...
  ... Passed --  27.9  3 1024  483755  323
Test (2D): install snapshots (unreliable+crash) ...
  ... Passed --  31.9  3 1142  508430  331
Test (2D): crash and restart all servers ...
  ... Passed --   7.9  3  274   85760   60
Test (2D): snapshot initialization after crash ...
  ... Passed --   2.3  3   72   21862   14
PASS
ok  	6.5840/raft	172.004s

Test2D: 22 
Test (2D): snapshots basic ...
  ... Passed --   4.0  3  148   57556  239
Test (2D): install snapshots (disconnect) ...
  ... Passed --  59.0  3 2502  962607  366
Test (2D): install snapshots (disconnect+unreliable) ...
  ... Passed --  53.7  3 2294  838397  320
Test (2D): install snapshots (crash) ...
  ... Passed --  27.7  3 1024  465718  337
Test (2D): install snapshots (unreliable+crash) ...
  ... Passed --  31.0  3 1140  475378  307
Test (2D): crash and restart all servers ...
  ... Passed --   7.7  3  266   83112   57
Test (2D): snapshot initialization after crash ...
  ... Passed --   2.3  3   72   21862   14
PASS
ok  	6.5840/raft	185.471s

Test2D: 23 
Test (2D): snapshots basic ...
  ... Passed --   4.0  3  148   56226  212
Test (2D): install snapshots (disconnect) ...
  ... Passed --  43.1  3 1878  729638  321
Test (2D): install snapshots (disconnect+unreliable) ...
  ... Passed --  56.3  3 2412  900604  360
Test (2D): install snapshots (crash) ...
  ... Passed --  27.7  3 1010  461247  311
Test (2D): install snapshots (unreliable+crash) ...
  ... Passed --  32.4  3 1158  580334  364
Test (2D): crash and restart all servers ...
  ... Passed --   8.4  3  294   92282   65
Test (2D): snapshot initialization after crash ...
  ... Passed --   2.3  3   72   21862   14
PASS
ok  	6.5840/raft	174.274s

Test2D: 24 
Test (2D): snapshots basic ...
  ... Passed --   3.9  3  148   56878  225
Test (2D): install snapshots (disconnect) ...
  ... Passed --  46.6  3 2014  749159  309
Test (2D): install snapshots (disconnect+unreliable) ...
  ... Passed --  53.4  3 2314  900127  370
Test (2D): install snapshots (crash) ...
  ... Passed --  28.1  3 1022  482673  328
Test (2D): install snapshots (unreliable+crash) ...
  ... Passed --  29.9  3 1114  515031  335
Test (2D): crash and restart all servers ...
  ... Passed --   8.2  3  282   88312   61
Test (2D): snapshot initialization after crash ...
  ... Passed --   2.4  3   74   22488   14
PASS
ok  	6.5840/raft	172.506s

Test2D: 25 
Test (2D): snapshots basic ...
  ... Passed --   3.9  3  146   56530  230
Test (2D): install snapshots (disconnect) ...
  ... Passed --  48.7  3 2104  848525  367
Test (2D): install snapshots (disconnect+unreliable) ...
  ... Passed --  46.8  3 2036  766644  325
Test (2D): install snapshots (crash) ...
  ... Passed --  27.6  3 1022  474853  327
Test (2D): install snapshots (unreliable+crash) ...
  ... Passed --  31.3  3 1124  483276  318
Test (2D): crash and restart all servers ...
  ... Passed --   8.5  3  296   92900   65
Test (2D): snapshot initialization after crash ...
  ... Passed --   2.4  3   74   22486   14
PASS
ok  	6.5840/raft	169.254s

Test2D: 26 
Test (2D): snapshots basic ...
  ... Passed --   3.9  3  146   56360  227
Test (2D): install snapshots (disconnect) ...
  ... Passed --  50.1  3 2136  835021  376
Test (2D): install snapshots (disconnect+unreliable) ...
  ... Passed --  52.2  3 2250  866733  348
Test (2D): install snapshots (crash) ...
  ... Passed --  27.9  3 1022  471012  324
Test (2D): install snapshots (unreliable+crash) ...
  ... Passed --  31.6  3 1154  552772  365
Test (2D): crash and restart all servers ...
  ... Passed --   7.3  3  248   77278   53
Test (2D): snapshot initialization after crash ...
  ... Passed --   2.4  3   74   22488   14
PASS
ok  	6.5840/raft	175.387s

Test2D: 27 
Test (2D): snapshots basic ...
  ... Passed --   4.0  3  148   56734  222
Test (2D): install snapshots (disconnect) ...
  ... Passed --  47.7  3 2052  745124  298
Test (2D): install snapshots (disconnect+unreliable) ...
  ... Passed --  49.6  3 2132  812289  338
Test (2D): install snapshots (crash) ...
  ... Passed --  27.9  3 1024  453198  323
Test (2D): install snapshots (unreliable+crash) ...
  ... Passed --  30.8  3 1128  519003  338
Test (2D): crash and restart all servers ...
  ... Passed --   7.8  3  270   84404   58
Test (2D): snapshot initialization after crash ...
  ... Passed --   2.4  3   74   22488   14
PASS
ok  	6.5840/raft	170.207s

Test2D: 28 
Test (2D): snapshots basic ...
  ... Passed --   3.9  3  148   56880  225
Test (2D): install snapshots (disconnect) ...
  ... Passed --  46.8  3 2018  800024  337
Test (2D): install snapshots (disconnect+unreliable) ...
  ... Passed --  50.9  3 2204  837769  337
Test (2D): install snapshots (crash) ...
  ... Passed --  27.5  3 1012  465662  314
Test (2D): install snapshots (unreliable+crash) ...
  ... Passed --  32.5  3 1148  482342  295
Test (2D): crash and restart all servers ...
  ... Passed --   8.0  3  278   87004   60
Test (2D): snapshot initialization after crash ...
  ... Passed --   2.5  3   76   23104   14
PASS
ok  	6.5840/raft	172.062s

Test2D: 29 
Test (2D): snapshots basic ...
  ... Passed --   3.9  3  148   56922  225
Test (2D): install snapshots (disconnect) ...
  ... Passed --  49.8  3 2134  817869  333
Test (2D): install snapshots (disconnect+unreliable) ...
  ... Passed --  43.7  3 1932  731485  313
Test (2D): install snapshots (crash) ...
  ... Passed --  28.2  3 1024  462793  307
Test (2D): install snapshots (unreliable+crash) ...
  ... Passed --  30.2  3 1128  530225  312
Test (2D): crash and restart all servers ...
  ... Passed --   7.7  3  266   83112   57
Test (2D): snapshot initialization after crash ...
  ... Passed --   2.4  3   74   22488   14
PASS
ok  	6.5840/raft	166.076s

Test2D: 30 
Test (2D): snapshots basic ...
  ... Passed --   4.0  3  152   58690  236
Test (2D): install snapshots (disconnect) ...
  ... Passed --  47.2  3 2042  813001  332
Test (2D): install snapshots (disconnect+unreliable) ...
  ... Passed --  50.3  3 2182  826894  341
Test (2D): install snapshots (crash) ...
  ... Passed --  28.7  3 1044  464343  341
Test (2D): install snapshots (unreliable+crash) ...
  ... Passed --  31.2  3 1136  512569  340
Test (2D): crash and restart all servers ...
  ... Passed --   8.2  3  284   88938   61
Test (2D): snapshot initialization after crash ...
  ... Passed --   2.4  3   76   23106   14
PASS
ok  	6.5840/raft	172.161s

Test2D: 31 
Test (2D): snapshots basic ...
  ... Passed --   4.1  3  152   59180  246
Test (2D): install snapshots (disconnect) ...
  ... Passed --  45.4  3 1962  774688  341
Test (2D): install snapshots (disconnect+unreliable) ...
  ... Passed --  42.0  3 1846  729497  315
Test (2D): install snapshots (crash) ...
  ... Passed --  27.9  3 1028  456234  311
Test (2D): install snapshots (unreliable+crash) ...
  ... Passed --  31.1  3 1136  492065  330
Test (2D): crash and restart all servers ...
  ... Passed --   8.1  3  282   88312   61
Test (2D): snapshot initialization after crash ...
  ... Passed --   2.4  3   74   22480   14
PASS
ok  	6.5840/raft	161.010s

Test2D: 32 
Test (2D): snapshots basic ...
  ... Passed --   4.0  3  148   57616  240
Test (2D): install snapshots (disconnect) ...
  ... Passed --  38.3  3 1668  643135  302
Test (2D): install snapshots (disconnect+unreliable) ...
  ... Passed --  58.0  3 2492  923790  337
Test (2D): install snapshots (crash) ...
  ... Passed --  28.1  3 1020  434057  306
Test (2D): install snapshots (unreliable+crash) ...
  ... Passed --  33.2  3 1220  553157  336
Test (2D): crash and restart all servers ...
  ... Passed --   8.3  3  290   90912   63
Test (2D): snapshot initialization after crash ...
  ... Passed --   2.3  3   72   21862   14
PASS
ok  	6.5840/raft	172.189s

Test2D: 33 
Test (2D): snapshots basic ...
  ... Passed --   4.0  3  148   56236  212
Test (2D): install snapshots (disconnect) ...
  ... Passed --  51.6  3 2222  843481  335
Test (2D): install snapshots (disconnect+unreliable) ...
  ... Passed --  59.6  3 2568  922135  327
Test (2D): install snapshots (crash) ...
  ... Passed --  27.6  3 1016  500462  349
Test (2D): install snapshots (unreliable+crash) ...
  ... Passed --  32.4  3 1152  503482  313
Test (2D): crash and restart all servers ...
  ... Passed --   7.2  3  246   76596   52
Test (2D): snapshot initialization after crash ...
  ... Passed --   2.3  3   72   21862   14
PASS
ok  	6.5840/raft	184.860s

Test2D: 34 
Test (2D): snapshots basic ...
  ... Passed --   4.0  3  150   57780  231
Test (2D): install snapshots (disconnect) ...
  ... Passed --  46.2  3 1988  767971  349
Test (2D): install snapshots (disconnect+unreliable) ...
  ... Passed --  51.9  3 2238  788373  313
Test (2D): install snapshots (crash) ...
  ... Passed --  28.6  3 1032  469873  356
Test (2D): install snapshots (unreliable+crash) ...
  ... Passed --  30.5  3 1118  498325  322
Test (2D): crash and restart all servers ...
  ... Passed --   7.5  3  256   79838   54
Test (2D): snapshot initialization after crash ...
  ... Passed --   2.4  3   74   22480   14
PASS
ok  	6.5840/raft	171.082s

Test2D: 35 
Test (2D): snapshots basic ...
  ... Passed --   3.9  3  148   56782  223
Test (2D): install snapshots (disconnect) ...
  ... Passed --  53.9  3 2320  880714  345
Test (2D): install snapshots (disconnect+unreliable) ...
  ... Passed --  59.4  3 2550  929739  297
Test (2D): install snapshots (crash) ...
  ... Passed --  27.5  3 1012  450689  312
Test (2D): install snapshots (unreliable+crash) ...
  ... Passed --  31.3  3 1132  518743  337
Test (2D): crash and restart all servers ...
  ... Passed --   7.1  3  240   74686   51
Test (2D): snapshot initialization after crash ...
  ... Passed --   2.5  3   78   23728   14
PASS
ok  	6.5840/raft	185.718s

Test2D: 36 
Test (2D): snapshots basic ...
  ... Passed --   3.9  3  148   57112  229
Test (2D): install snapshots (disconnect) ...
  ... Passed --  46.9  3 2024  741832  296
Test (2D): install snapshots (disconnect+unreliable) ...
  ... Passed --  58.4  3 2530  922572  320
Test (2D): install snapshots (crash) ...
  ... Passed --  27.3  3 1016  491675  346
Test (2D): install snapshots (unreliable+crash) ...
  ... Passed --  30.6  3 1120  509380  337
Test (2D): crash and restart all servers ...
  ... Passed --   7.1  3  240   74678   51
Test (2D): snapshot initialization after crash ...
  ... Passed --   2.4  3   74   22480   14
PASS
ok  	6.5840/raft	176.737s

Test2D: 37 
Test (2D): snapshots basic ...
  ... Passed --   3.9  3  146   56316  226
Test (2D): install snapshots (disconnect) ...
  ... Passed --  41.8  3 1812  694952  321
Test (2D): install snapshots (disconnect+unreliable) ...
  ... Passed --  58.9  3 2574  937598  341
Test (2D): install snapshots (crash) ...
  ... Passed --  28.6  3 1038  501809  351
Test (2D): install snapshots (unreliable+crash) ...
  ... Passed --  32.0  3 1164  569369  339
Test (2D): crash and restart all servers ...
  ... Passed --   7.4  3  250   77900   53
Test (2D): snapshot initialization after crash ...
  ... Passed --   2.4  3   74   22486   14
PASS
ok  	6.5840/raft	175.005s

Test2D: 38 
Test (2D): snapshots basic ...
  ... Passed --   3.9  3  146   54726  194
Test (2D): install snapshots (disconnect) ...
  ... Passed --  48.5  3 2088  805038  328
Test (2D): install snapshots (disconnect+unreliable) ...
  ... Passed --  50.8  3 2206  796788  318
Test (2D): install snapshots (crash) ...
  ... Passed --  28.2  3 1027  480246  345
Test (2D): install snapshots (unreliable+crash) ...
  ... Passed --  30.8  3 1134  499307  344
Test (2D): crash and restart all servers ...
  ... Passed --   7.9  3  270   84450   59
Test (2D): snapshot initialization after crash ...
  ... Passed --   2.3  3   72   21862   14
PASS
ok  	6.5840/raft	172.462s

Test2D: 39 
Test (2D): snapshots basic ...
  ... Passed --   3.9  3  146   55328  206
Test (2D): install snapshots (disconnect) ...
  ... Passed --  53.0  3 2280  861387  352
Test (2D): install snapshots (disconnect+unreliable) ...
  ... Passed --  48.3  3 2100  776834  323
Test (2D): install snapshots (crash) ...
  ... Passed --  27.8  3 1020  476266  341
Test (2D): install snapshots (unreliable+crash) ...
  ... Passed --  32.1  3 1144  487341  313
Test (2D): crash and restart all servers ...
  ... Passed --   7.6  3  258   80512   55
Test (2D): snapshot initialization after crash ...
  ... Passed --   2.4  3   74   22486   14
PASS
ok  	6.5840/raft	174.994s

Test2D: 40 
Test (2D): snapshots basic ...
  ... Passed --   4.0  3  148   57714  242
Test (2D): install snapshots (disconnect) ...
  ... Passed --  51.2  3 2186  837989  322
Test (2D): install snapshots (disconnect+unreliable) ...
  ... Passed --  49.4  3 2148  817904  340
Test (2D): install snapshots (crash) ...
  ... Passed --  28.3  3 1036  468224  333
Test (2D): install snapshots (unreliable+crash) ...
  ... Passed --  32.9  3 1144  492328  303
Test (2D): crash and restart all servers ...
  ... Passed --   8.2  3  286   89548   61
Test (2D): snapshot initialization after crash ...
  ... Passed --   2.4  3   74   22488   14
PASS
ok  	6.5840/raft	176.343s

Test2D: 41 
Test (2D): snapshots basic ...
  ... Passed --   4.0  3  150   56470  204
Test (2D): install snapshots (disconnect) ...
  ... Passed --  44.7  3 1938  741490  352
Test (2D): install snapshots (disconnect+unreliable) ...
  ... Passed --  56.7  3 2468  886188  351
Test (2D): install snapshots (crash) ...
  ... Passed --  27.7  3 1016  495800  351
Test (2D): install snapshots (unreliable+crash) ...
  ... Passed --  31.9  3 1146  509595  337
Test (2D): crash and restart all servers ...
  ... Passed --   7.6  3  260   81128   55
Test (2D): snapshot initialization after crash ...
  ... Passed --   2.3  3   72   21862   14
PASS
ok  	6.5840/raft	175.002s

Test2D: 42 
Test (2D): snapshots basic ...
  ... Passed --   4.0  3  148   55194  191
Test (2D): install snapshots (disconnect) ...
  ... Passed --  54.3  3 2320  902154  383
Test (2D): install snapshots (disconnect+unreliable) ...
  ... Passed --  57.1  3 2468  872985  303
Test (2D): install snapshots (crash) ...
  ... Passed --  27.4  3 1014  449683  301
Test (2D): install snapshots (unreliable+crash) ...
  ... Passed --  32.3  3 1156  541711  353
Test (2D): crash and restart all servers ...
  ... Passed --   8.1  3  280   87686   61
Test (2D): snapshot initialization after crash ...
  ... Passed --   2.3  3   72   21862   14
PASS
ok  	6.5840/raft	185.487s

Test2D: 43 
Test (2D): snapshots basic ...
  ... Passed --   3.9  3  148   57016  228
Test (2D): install snapshots (disconnect) ...
  ... Passed --  46.1  3 1978  774220  328
Test (2D): install snapshots (disconnect+unreliable) ...
  ... Passed --  46.3  3 2012  751997  342
Test (2D): install snapshots (crash) ...
  ... Passed --  27.8  3 1022  449435  307
Test (2D): install snapshots (unreliable+crash) ...
  ... Passed --  30.9  3 1136  550126  310
Test (2D): crash and restart all servers ...
  ... Passed --   8.4  3  292   91482   62
Test (2D): snapshot initialization after crash ...
  ... Passed --   2.4  3   72   21862   14
PASS
ok  	6.5840/raft	165.797s

Test2D: 44 
Test (2D): snapshots basic ...
  ... Passed --   3.9  3  148   56436  216
Test (2D): install snapshots (disconnect) ...
  ... Passed --  45.8  3 1980  793265  352
Test (2D): install snapshots (disconnect+unreliable) ...
  ... Passed --  51.6  3 2264  812021  284
Test (2D): install snapshots (crash) ...
  ... Passed --  27.7  3 1024  469115  342
Test (2D): install snapshots (unreliable+crash) ...
  ... Passed --  31.2  3 1138  535631  339
Test (2D): crash and restart all servers ...
  ... Passed --   7.5  3  256   79830   54
Test (2D): snapshot initialization after crash ...
  ... Passed --   2.4  3   76   23114   14
PASS
ok  	6.5840/raft	170.229s

Test2D: 45 
Test (2D): snapshots basic ...
  ... Passed --   4.0  3  148   56896  225
Test (2D): install snapshots (disconnect) ...
  ... Passed --  47.0  3 2042  812502  358
Test (2D): install snapshots (disconnect+unreliable) ...
  ... Passed --  55.7  3 2392  948203  384
Test (2D): install snapshots (crash) ...
  ... Passed --  28.2  3 1032  495369  347
Test (2D): install snapshots (unreliable+crash) ...
  ... Passed --  32.2  3 1136  498526  308
Test (2D): crash and restart all servers ...
  ... Passed --   7.6  3  260   81128   55
Test (2D): snapshot initialization after crash ...
  ... Passed --   2.4  3   74   22488   14
PASS
ok  	6.5840/raft	177.177s

Test2D: 46 
Test (2D): snapshots basic ...
  ... Passed --   3.9  3  148   56350  214
Test (2D): install snapshots (disconnect) ...
  ... Passed --  42.6  3 1854  686857  308
Test (2D): install snapshots (disconnect+unreliable) ...
  ... Passed --  48.6  3 2114  747872  306
Test (2D): install snapshots (crash) ...
  ... Passed --  28.1  3 1022  526000  370
Test (2D): install snapshots (unreliable+crash) ...
  ... Passed --  30.1  3 1138  492135  320
Test (2D): crash and restart all servers ...
  ... Passed --   8.2  3  282   88256   60
Test (2D): snapshot initialization after crash ...
  ... Passed --   2.4  3   76   23106   14
PASS
ok  	6.5840/raft	163.918s

Test2D: 47 
Test (2D): snapshots basic ...
  ... Passed --   4.0  3  148   56880  225
Test (2D): install snapshots (disconnect) ...
  ... Passed --  51.1  3 2198  838241  353
Test (2D): install snapshots (disconnect+unreliable) ...
  ... Passed --  53.9  3 2332  862592  344
Test (2D): install snapshots (crash) ...
  ... Passed --  28.4  3 1026  474716  338
Test (2D): install snapshots (unreliable+crash) ...
  ... Passed --  30.0  3 1120  498455  317
Test (2D): crash and restart all servers ...
  ... Passed --   7.5  3  256   79886   55
Test (2D): snapshot initialization after crash ...
  ... Passed --   2.4  3   74   22480   14
PASS
ok  	6.5840/raft	177.145s

Test2D: 48 
Test (2D): snapshots basic ...
  ... Passed --   4.0  3  150   57390  223
Test (2D): install snapshots (disconnect) ...
  ... Passed --  52.7  3 2244  896418  385
Test (2D): install snapshots (disconnect+unreliable) ...
  ... Passed --  53.0  3 2280  877184  350
Test (2D): install snapshots (crash) ...
  ... Passed --  28.0  3 1028  471325  335
Test (2D): install snapshots (unreliable+crash) ...
  ... Passed --  32.2  3 1144  510251  343
Test (2D): crash and restart all servers ...
  ... Passed --   7.4  3  254   79258   55
Test (2D): snapshot initialization after crash ...
  ... Passed --   2.4  3   76   23106   14
PASS
ok  	6.5840/raft	179.905s

Test2D: 49 
Test (2D): snapshots basic ...
  ... Passed --   3.9  3  148   57072  229
Test (2D): install snapshots (disconnect) ...
  ... Passed --  42.2  3 1840  685451  292
Test (2D): install snapshots (disconnect+unreliable) ...
  ... Passed --  46.2  3 1996  806093  318
Test (2D): install snapshots (crash) ...
  ... Passed --  28.3  3 1032  496005  326
Test (2D): install snapshots (unreliable+crash) ...
  ... Passed --  33.3  3 1208  561420  353
Test (2D): crash and restart all servers ...
  ... Passed --   7.0  3  234   72704   49
Test (2D): snapshot initialization after crash ...
  ... Passed --   2.4  3   76   23106   14
PASS
ok  	6.5840/raft	163.264s

Test2D: 50 
Test (2D): snapshots basic ...
  ... Passed --   3.9  3  146   55510  210
Test (2D): install snapshots (disconnect) ...
  ... Passed --  45.7  3 1962  755346  322
Test (2D): install snapshots (disconnect+unreliable) ...
  ... Passed --  50.7  3 2166  835567  350
Test (2D): install snapshots (crash) ...
  ... Passed --  28.5  3 1026  478543  314
Test (2D): install snapshots (unreliable+crash) ...
  ... Passed --  31.7  3 1152  525472  354
Test (2D): crash and restart all servers ...
  ... Passed --   7.7  3  264   82486   57
Test (2D): snapshot initialization after crash ...
  ... Passed --   2.5  3   76   23106   14
PASS
ok  	6.5840/raft	170.691s

